#
# A fatal error has been detected by the Java Runtime Environment:
#
#  SIGSEGV (0xb) at pc=0x00007fefd45eb3f6, pid=8458, tid=140668775098640
#
# JRE version: 6.0_16-b01
# Java VM: Java HotSpot(TM) 64-Bit Server VM (14.2-b01 mixed mode linux-amd64 )
# Problematic frame:
# C  [libgdk_pixbuf-2.0.so.0+0x73f6]  gdk_pixbuf_new_from_data+0x166
#
# If you would like to submit a bug report, please visit:
#   http://java.sun.com/webapps/bugreport/crash.jsp
# The crash happened outside the Java Virtual Machine in native code.
# See problematic frame for where to report the bug.
#

---------------  T H R E A D  ---------------

Current thread (0x0000000042094000):  JavaThread "main" [_thread_in_native, id=8463, stack(0x00007ff0004ee000,0x00007ff0005ef000)]

siginfo:si_signo=SIGSEGV: si_errno=0, si_code=1 (SEGV_MAPERR), si_addr=0x0000000000000038

Registers:
RAX=0x0000000000000000, RBX=0x00000000421ef600, RCX=0x00007ff0005ee910, RDX=0x00007fefd45e9180
RSP=0x00007ff0005dc690, RBP=0x0000000000000000, RSI=0x0000000000000000, RDI=0x0000000000000004
R8 =0x00000000421a9030, R9 =0x0000000000000001, R10=0x0000000000000001, R11=0x0000000000000ffc
R12=0x0000000000000003, R13=0x0000000000000064, R14=0x0000000000000064, R15=0x0000000042094000
RIP=0x00007fefd45eb3f6, EFL=0x0000000000010246, CSGSFS=0x0000000000000033, ERR=0x0000000000000006
  TRAPNO=0x000000000000000e

Top of Stack: (sp=0x00007ff0005dc690)
0x00007ff0005dc690:   0000000000000008 00007fefd45f93fd
0x00007ff0005dc6a0:   ffffffff00000000 00007fefd45f944b
0x00007ff0005dc6b0:   00007ff000000064 00007fefd45f9458
0x00007ff0005dc6c0:   0000000000000064 00007fefd45f9469
0x00007ff0005dc6d0:   000000000000012c 00007fefd45f947a
0x00007ff0005dc6e0:   00000000421ef600 0000000000000000
0x00007ff0005dc6f0:   000000000000012c 000000000000012c
0x00007ff0005dc700:   00007ff0005ed8f0 0000000000000000
0x00007ff0005dc710:   00000000421edce0 00007fefd45e916c
0x00007ff0005dc720:   000000000000012c 00007fefd45e9180
0x00007ff0005dc730:   0000000000000000 0000000000000064
0x00007ff0005dc740:   0000000000000008 0000000000000064
0x00007ff0005dc750:   0000000000000064 0000000000000000
0x00007ff0005dc760:   00007ff0005dc738 0000000042165830
0x00007ff0005dc770:   00000000421edce0 00007fefcb474335
0x00007ff0005dc780:   00007fefcb472df0 0000000000000000
0x00007ff0005dc790:   0000000000000000 0000000000000000
0x00007ff0005dc7a0:   00007ff0005ed8f0 0000000042165830
0x00007ff0005dc7b0:   0000000000000000 0000000000000000
0x00007ff0005dc7c0:   0000000000000000 0000000000000064
0x00007ff0005dc7d0:   0000000000000064 0000000000000000
0x00007ff0005dc7e0:   00000000421e94a0 00000000421a8b30
0x00007ff0005dc7f0:   0000000000000000 0000000200000000
0x00007ff0005dc800:   0000000000000000 0000000042165830
0x00007ff0005dc810:   00000000421edce0 00007ff0005ed8f0
0x00007ff0005dc820:   0000000000000000 00007fefd45eccf3
0x00007ff0005dc830:   0000000000000000 0000000000000000
0x00007ff0005dc840:   0000000000000000 0000000000000000
0x00007ff0005dc850:   0000000000000000 0000000000000000
0x00007ff0005dc860:   0000000000000000 0000000000000000
0x00007ff0005dc870:   0000000000000000 0000000000000000
0x00007ff0005dc880:   0000000000000000 0000000000000000 

Instructions: (pc=0x00007fefd45eb3f6)
0x00007fefd45eb3e6:   08 31 d2 e8 aa d5 ff ff 48 8b 94 24 98 00 00 00
0x00007fefd45eb3f6:   48 89 50 38 48 8b 94 24 a0 00 00 00 48 89 50 40 

Stack: [0x00007ff0004ee000,0x00007ff0005ef000],  sp=0x00007ff0005dc690,  free space=953k
Native frames: (J=compiled Java code, j=interpreted, Vv=VM code, C=native code)
C  [libgdk_pixbuf-2.0.so.0+0x73f6]  gdk_pixbuf_new_from_data+0x166

[error occurred during error reporting (printing native stack), id 0xb]

Java frames: (J=compiled Java code, j=interpreted, Vv=VM code)
j  org.gnome.gdk.GdkPixbuf.gdk_pixbuf_new_from_file(Ljava/lang/String;)J+0
j  org.gnome.gdk.GdkPixbuf.createPixbufFromFile(Ljava/lang/String;)J+21
j  org.gnome.gdk.Pixbuf.checkPixbufFromFile(Ljava/lang/String;)J+44
j  org.gnome.gdk.Pixbuf.<init>(Ljava/lang/String;)V+2
j  uk.ac.ox.map.carto.canvas.CairoTest.main([Ljava/lang/String;)V+69
v  ~StubRoutines::call_stub

---------------  P R O C E S S  ---------------

Java Threads: ( => current thread )
  0x0000000042121000 JavaThread "Low Memory Detector" daemon [_thread_blocked, id=8472, stack(0x00007fefd6dac000,0x00007fefd6ead000)]
  0x000000004211e000 JavaThread "CompilerThread1" daemon [_thread_in_native, id=8471, stack(0x00007fefd6ead000,0x00007fefd6fae000)]
  0x000000004211a000 JavaThread "CompilerThread0" daemon [_thread_in_native, id=8470, stack(0x00007fefceead000,0x00007fefcefae000)]
  0x0000000042118000 JavaThread "Signal Dispatcher" daemon [_thread_blocked, id=8469, stack(0x00007fefd6fae000,0x00007fefd70af000)]
  0x00000000420fa000 JavaThread "Finalizer" daemon [_thread_blocked, id=8468, stack(0x00007fefd70ee000,0x00007fefd71ef000)]
  0x00000000420f2800 JavaThread "Reference Handler" daemon [_thread_blocked, id=8467, stack(0x00007fefd71ef000,0x00007fefd72f0000)]
=>0x0000000042094000 JavaThread "main" [_thread_in_native, id=8463, stack(0x00007ff0004ee000,0x00007ff0005ef000)]

Other Threads:
  0x00000000420eb800 VMThread [stack: 0x00007fefd72f0000,0x00007fefd73f1000] [id=8466]
  0x0000000042123800 WatcherThread [stack: 0x00007fefd6cab000,0x00007fefd6dac000] [id=8473]

VM state:not at safepoint (normal execution)

VM Mutex/Monitor currently owned by a thread: None

Heap
 PSYoungGen      total 9408K, used 1303K [0x00007feff1e40000, 0x00007feff28b0000, 0x00007feffc640000)
  eden space 8128K, 16% used [0x00007feff1e40000,0x00007feff1f85d38,0x00007feff2630000)
  from space 1280K, 0% used [0x00007feff2770000,0x00007feff2770000,0x00007feff28b0000)
  to   space 1280K, 0% used [0x00007feff2630000,0x00007feff2630000,0x00007feff2770000)
 PSOldGen        total 21504K, used 0K [0x00007fefdce40000, 0x00007fefde340000, 0x00007feff1e40000)
  object space 21504K, 0% used [0x00007fefdce40000,0x00007fefdce40000,0x00007fefde340000)
 PSPermGen       total 21248K, used 3158K [0x00007fefd7a40000, 0x00007fefd8f00000, 0x00007fefdce40000)
  object space 21248K, 14% used [0x00007fefd7a40000,0x00007fefd7d55958,0x00007fefd8f00000)

Dynamic libraries:
40000000-40009000 r-xp 00000000 08:05 81904                              /usr/lib/jvm/java-6-sun-1.6.0.16/jre/bin/java
40108000-4010a000 rwxp 00008000 08:05 81904                              /usr/lib/jvm/java-6-sun-1.6.0.16/jre/bin/java
4208b000-422a3000 rwxp 00000000 00:00 0                                  [heap]
7fefcb471000-7fefcb475000 r-xp 00000000 08:05 104222                     /usr/lib/gtk-2.0/2.10.0/loaders/libpixbufloader-png.so
7fefcb475000-7fefcb675000 ---p 00004000 08:05 104222                     /usr/lib/gtk-2.0/2.10.0/loaders/libpixbufloader-png.so
7fefcb675000-7fefcb676000 r-xp 00004000 08:05 104222                     /usr/lib/gtk-2.0/2.10.0/loaders/libpixbufloader-png.so
7fefcb676000-7fefcb677000 rwxp 00005000 08:05 104222                     /usr/lib/gtk-2.0/2.10.0/loaders/libpixbufloader-png.so
7fefcb677000-7fefcb67c000 r-xp 00000000 08:05 9088                       /usr/lib/libXdmcp.so.6.0.0
7fefcb67c000-7fefcb87b000 ---p 00005000 08:05 9088                       /usr/lib/libXdmcp.so.6.0.0
7fefcb87b000-7fefcb87c000 rwxp 00004000 08:05 9088                       /usr/lib/libXdmcp.so.6.0.0
7fefcb87c000-7fefcb87e000 r-xp 00000000 08:05 21462                      /usr/lib/libXau.so.6.0.0
7fefcb87e000-7fefcba7d000 ---p 00002000 08:05 21462                      /usr/lib/libXau.so.6.0.0
7fefcba7d000-7fefcba7e000 r-xp 00001000 08:05 21462                      /usr/lib/libXau.so.6.0.0
7fefcba7e000-7fefcba7f000 rwxp 00002000 08:05 21462                      /usr/lib/libXau.so.6.0.0
7fefcba7f000-7fefcbaa5000 r-xp 00000000 08:05 14061                      /lib/libexpat.so.1.5.2
7fefcbaa5000-7fefcbca5000 ---p 00026000 08:05 14061                      /lib/libexpat.so.1.5.2
7fefcbca5000-7fefcbca7000 r-xp 00026000 08:05 14061                      /lib/libexpat.so.1.5.2
7fefcbca7000-7fefcbca8000 rwxp 00028000 08:05 14061                      /lib/libexpat.so.1.5.2
7fefcbca8000-7fefcbcc3000 r-xp 00000000 08:05 33356                      /usr/lib/libxcb.so.1.1.0
7fefcbcc3000-7fefcbec2000 ---p 0001b000 08:05 33356                      /usr/lib/libxcb.so.1.1.0
7fefcbec2000-7fefcbec3000 r-xp 0001a000 08:05 33356                      /usr/lib/libxcb.so.1.1.0
7fefcbec3000-7fefcbec4000 rwxp 0001b000 08:05 33356                      /usr/lib/libxcb.so.1.1.0
7fefcbec4000-7fefcbecb000 r-xp 00000000 08:05 66809                      /usr/lib/libxcb-render.so.0.0.0
7fefcbecb000-7fefcc0cb000 ---p 00007000 08:05 66809                      /usr/lib/libxcb-render.so.0.0.0
7fefcc0cb000-7fefcc0cc000 r-xp 00007000 08:05 66809                      /usr/lib/libxcb-render.so.0.0.0
7fefcc0cc000-7fefcc0cd000 rwxp 00008000 08:05 66809                      /usr/lib/libxcb-render.so.0.0.0
7fefcc0cd000-7fefcc0d0000 r-xp 00000000 08:05 66828                      /usr/lib/libxcb-render-util.so.0.0.0
7fefcc0d0000-7fefcc2cf000 ---p 00003000 08:05 66828                      /usr/lib/libxcb-render-util.so.0.0.0
7fefcc2cf000-7fefcc2d0000 r-xp 00002000 08:05 66828                      /usr/lib/libxcb-render-util.so.0.0.0
7fefcc2d0000-7fefcc2d1000 rwxp 00003000 08:05 66828                      /usr/lib/libxcb-render-util.so.0.0.0
7fefcc2d1000-7fefcc2f6000 r-xp 00000000 08:05 23641                      /usr/lib/libpng12.so.0.37.0
7fefcc2f6000-7fefcc4f6000 ---p 00025000 08:05 23641                      /usr/lib/libpng12.so.0.37.0
7fefcc4f6000-7fefcc4f7000 r-xp 00025000 08:05 23641                      /usr/lib/libpng12.so.0.37.0
7fefcc4f7000-7fefcc4f8000 rwxp 00026000 08:05 23641                      /usr/lib/libpng12.so.0.37.0
7fefcc4f8000-7fefcc511000 r-xp 00000000 08:05 22147                      /usr/lib/libdirect-1.2.so.0.7.0
7fefcc511000-7fefcc710000 ---p 00019000 08:05 22147                      /usr/lib/libdirect-1.2.so.0.7.0
7fefcc710000-7fefcc711000 r-xp 00018000 08:05 22147                      /usr/lib/libdirect-1.2.so.0.7.0
7fefcc711000-7fefcc712000 rwxp 00019000 08:05 22147                      /usr/lib/libdirect-1.2.so.0.7.0
7fefcc712000-7fefcc713000 rwxp 00000000 00:00 0 
7fefcc713000-7fefcc71c000 r-xp 00000000 08:05 22149                      /usr/lib/libfusion-1.2.so.0.7.0
7fefcc71c000-7fefcc91b000 ---p 00009000 08:05 22149                      /usr/lib/libfusion-1.2.so.0.7.0
7fefcc91b000-7fefcc91c000 r-xp 00008000 08:05 22149                      /usr/lib/libfusion-1.2.so.0.7.0
7fefcc91c000-7fefcc91d000 rwxp 00009000 08:05 22149                      /usr/lib/libfusion-1.2.so.0.7.0
7fefcc91d000-7fefcc9a4000 r-xp 00000000 08:05 22148                      /usr/lib/libdirectfb-1.2.so.0.7.0
7fefcc9a4000-7fefccba3000 ---p 00087000 08:05 22148                      /usr/lib/libdirectfb-1.2.so.0.7.0
7fefccba3000-7fefccba5000 r-xp 00086000 08:05 22148                      /usr/lib/libdirectfb-1.2.so.0.7.0
7fefccba5000-7fefccba7000 rwxp 00088000 08:05 22148                      /usr/lib/libdirectfb-1.2.so.0.7.0
7fefccba7000-7fefccba8000 rwxp 00000000 00:00 0 
7fefccba8000-7fefccbeb000 r-xp 00000000 08:05 12658                      /usr/lib/libpixman-1.so.0.14.0
7fefccbeb000-7fefccdea000 ---p 00043000 08:05 12658                      /usr/lib/libpixman-1.so.0.14.0
7fefccdea000-7fefccdec000 r-xp 00042000 08:05 12658                      /usr/lib/libpixman-1.so.0.14.0
7fefccdec000-7fefccded000 rwxp 00044000 08:05 12658                      /usr/lib/libpixman-1.so.0.14.0
7fefccded000-7fefcce09000 r-xp 00000000 08:05 21198                      /lib/libselinux.so.1
7fefcce09000-7fefcd008000 ---p 0001c000 08:05 21198                      /lib/libselinux.so.1
7fefcd008000-7fefcd009000 r-xp 0001b000 08:05 21198                      /lib/libselinux.so.1
7fefcd009000-7fefcd00a000 rwxp 0001c000 08:05 21198                      /lib/libselinux.so.1
7fefcd00a000-7fefcd00b000 rwxp 00000000 00:00 0 
7fefcd00b000-7fefcd021000 r-xp 00000000 08:05 27941                      /lib/libresolv-2.10.1.so
7fefcd021000-7fefcd220000 ---p 00016000 08:05 27941                      /lib/libresolv-2.10.1.so
7fefcd220000-7fefcd221000 r-xp 00015000 08:05 27941                      /lib/libresolv-2.10.1.so
7fefcd221000-7fefcd222000 rwxp 00016000 08:05 27941                      /lib/libresolv-2.10.1.so
7fefcd222000-7fefcd224000 rwxp 00000000 00:00 0 
7fefcd224000-7fefcd22d000 r-xp 00000000 08:05 109751                     /usr/lib/libXcursor.so.1.0.2
7fefcd22d000-7fefcd42c000 ---p 00009000 08:05 109751                     /usr/lib/libXcursor.so.1.0.2
7fefcd42c000-7fefcd42d000 r-xp 00008000 08:05 109751                     /usr/lib/libXcursor.so.1.0.2
7fefcd42d000-7fefcd42e000 rwxp 00009000 08:05 109751                     /usr/lib/libXcursor.so.1.0.2
7fefcd42e000-7fefcd436000 r-xp 00000000 08:05 110177                     /usr/lib/libXrandr.so.2.2.0
7fefcd436000-7fefcd635000 ---p 00008000 08:05 110177                     /usr/lib/libXrandr.so.2.2.0
7fefcd635000-7fefcd636000 r-xp 00007000 08:05 110177                     /usr/lib/libXrandr.so.2.2.0
7fefcd636000-7fefcd637000 rwxp 00008000 08:05 110177                     /usr/lib/libXrandr.so.2.2.0
7fefcd637000-7fefcd640000 r-xp 00000000 08:05 110039                     /usr/lib/libXi.so.6.0.0
7fefcd640000-7fefcd840000 ---p 00009000 08:05 110039                     /usr/lib/libXi.so.6.0.0
7fefcd840000-7fefcd841000 r-xp 00009000 08:05 110039                     /usr/lib/libXi.so.6.0.0
7fefcd841000-7fefcd842000 rwxp 0000a000 08:05 110039                     /usr/lib/libXi.so.6.0.0
7fefcd842000-7fefcd844000 r-xp 00000000 08:05 9100                       /usr/lib/libXinerama.so.1.0.0
7fefcd844000-7fefcda43000 ---p 00002000 08:05 9100                       /usr/lib/libXinerama.so.1.0.0
7fefcda43000-7fefcda44000 rwxp 00001000 08:05 9100                       /usr/lib/libXinerama.so.1.0.0
7fefcda44000-7fefcda4d000 r-xp 00000000 08:05 23595                      /usr/lib/libXrender.so.1.3.0
7fefcda4d000-7fefcdc4c000 ---p 00009000 08:05 23595                      /usr/lib/libXrender.so.1.3.0
7fefcdc4c000-7fefcdc4d000 r-xp 00008000 08:05 23595                      /usr/lib/libXrender.so.1.3.0
7fefcdc4d000-7fefcdc4e000 rwxp 00009000 08:05 23595                      /usr/lib/libXrender.so.1.3.0
7fefcdc4e000-7fefcdc5f000 r-xp 00000000 08:05 66707                      /usr/lib/libXext.so.6.4.0
7fefcdc5f000-7fefcde5e000 ---p 00011000 08:05 66707                      /usr/lib/libXext.so.6.4.0
7fefcde5e000-7fefcde5f000 r-xp 00010000 08:05 66707                      /usr/lib/libXext.so.6.4.0
7fefcde5f000-7fefcde60000 rwxp 00011000 08:05 66707                      /usr/lib/libXext.so.6.4.0
7fefcde60000-7fefcde65000 r-xp 00000000 08:05 34946                      /usr/lib/libXfixes.so.3.1.0
7fefcde65000-7fefce064000 ---p 00005000 08:05 34946                      /usr/lib/libXfixes.so.3.1.0
7fefce064000-7fefce065000 r-xp 00004000 08:05 34946                      /usr/lib/libXfixes.so.3.1.0
7fefce065000-7fefce066000 rwxp 00005000 08:05 34946                      /usr/lib/libXfixes.so.3.1.0
7fefce066000-7fefce068000 r-xp 00000000 08:05 9086                       /usr/lib/libXdamage.so.1.1.0
7fefce068000-7fefce267000 ---p 00002000 08:05 9086                       /usr/lib/libXdamage.so.1.1.0
7fefce267000-7fefce268000 rwxp 00001000 08:05 9086                       /usr/lib/libXdamage.so.1.1.0
7fefce268000-7fefce26a000 r-xp 00000000 08:05 36954                      /usr/lib/libXcomposite.so.1.0.0
7fefce26a000-7fefce469000 ---p 00002000 08:05 36954                      /usr/lib/libXcomposite.so.1.0.0
7fefce469000-7fefce46a000 r-xp 00001000 08:05 36954                      /usr/lib/libXcomposite.so.1.0.0
7fefce46a000-7fefce46b000 rwxp 00002000 08:05 36954                      /usr/lib/libXcomposite.so.1.0.0
7fefce46b000-7fefce59c000 r-xp 00000000 08:05 23569                      /usr/lib/libX11.so.6.2.0
7fefce59c000-7fefce79c000 ---p 00131000 08:05 23569                      /usr/lib/libX11.so.6.2.0
7fefce79c000-7fefce79d000 r-xp 00131000 08:05 23569                      /usr/lib/libX11.so.6.2.0
7fefce79d000-7fefce7a1000 rwxp 00132000 08:05 23569                      /usr/lib/libX11.so.6.2.0
7fefce7a1000-7fefce7b7000 r-xp 00000000 08:05 26997                      /lib/libz.so.1.2.3.3
7fefce7b7000-7fefce9b6000 ---p 00016000 08:05 26997                      /lib/libz.so.1.2.3.3
7fefce9b6000-7fefce9b7000 r-xp 00015000 08:05 26997                      /lib/libz.so.1.2.3.3
7fefce9b7000-7fefce9b8000 rwxp 00016000 08:05 26997                      /lib/libz.so.1.2.3.3
7fefce9b8000-7fefce9e5000 r-xp 00000000 08:05 21239                      /lib/libpcre.so.3.12.1
7fefce9e5000-7fefcebe4000 ---p 0002d000 08:05 21239                      /lib/libpcre.so.3.12.1
7fefcebe4000-7fefcebe5000 r-xp 0002c000 08:05 21239                      /lib/libpcre.so.3.12.1
7fefcebe5000-7fefcebe6000 rwxp 0002d000 08:05 21239                      /lib/libpcre.so.3.12.1
7fefcebe6000-7fefcecab000 r-xp 00000000 08:05 84495                      /lib/libglib-2.0.so.0.2200.3
7fefcecab000-7fefceeaa000 ---p 000c5000 08:05 84495                      /lib/libglib-2.0.so.0.2200.3
7fefceeaa000-7fefceeab000 r-xp 000c4000 08:05 84495                      /lib/libglib-2.0.so.0.2200.3
7fefceeab000-7fefceeac000 rwxp 000c5000 08:05 84495                      /lib/libglib-2.0.so.0.2200.3
7fefceeac000-7fefceead000 rwxp 00000000 00:00 0 
7fefceead000-7fefceeb0000 ---p 00000000 00:00 0 
7fefceeb0000-7fefcefae000 rwxp 00000000 00:00 0 
7fefcf027000-7fefcf02a000 r-xp 00000000 08:05 84497                      /usr/lib/libgmodule-2.0.so.0.2200.3
7fefcf02a000-7fefcf229000 ---p 00003000 08:05 84497                      /usr/lib/libgmodule-2.0.so.0.2200.3
7fefcf229000-7fefcf22a000 r-xp 00002000 08:05 84497                      /usr/lib/libgmodule-2.0.so.0.2200.3
7fefcf22a000-7fefcf22b000 rwxp 00003000 08:05 84497                      /usr/lib/libgmodule-2.0.so.0.2200.3
7fefcf22b000-7fefcf235000 r-xp 00000000 08:05 74343                      /usr/lib/libenchant.so.1.5.0
7fefcf235000-7fefcf434000 ---p 0000a000 08:05 74343                      /usr/lib/libenchant.so.1.5.0
7fefcf434000-7fefcf435000 r-xp 00009000 08:05 74343                      /usr/lib/libenchant.so.1.5.0
7fefcf435000-7fefcf436000 rwxp 0000a000 08:05 74343                      /usr/lib/libenchant.so.1.5.0
7fefcf436000-7fefcf47a000 r-xp 00000000 08:05 84496                      /usr/lib/libgobject-2.0.so.0.2200.3
7fefcf47a000-7fefcf67a000 ---p 00044000 08:05 84496                      /usr/lib/libgobject-2.0.so.0.2200.3
7fefcf67a000-7fefcf67b000 r-xp 00044000 08:05 84496                      /usr/lib/libgobject-2.0.so.0.2200.3
7fefcf67b000-7fefcf67c000 rwxp 00045000 08:05 84496                      /usr/lib/libgobject-2.0.so.0.2200.3
7fefcf67c000-7fefcf67d000 rwxp 00000000 00:00 0 
7fefcf67d000-7fefcf6ad000 r-xp 00000000 08:05 9344                       /usr/lib/libfontconfig.so.1.3.0
7fefcf6ad000-7fefcf8ad000 ---p 00030000 08:05 9344                       /usr/lib/libfontconfig.so.1.3.0
7fefcf8ad000-7fefcf8ae000 r-xp 00030000 08:05 9344                       /usr/lib/libfontconfig.so.1.3.0
7fefcf8ae000-7fefcf8af000 rwxp 00031000 08:05 9344                       /usr/lib/libfontconfig.so.1.3.0
7fefcf8af000-7fefcf92e000 r-xp 00000000 08:05 21402                      /usr/lib/libfreetype.so.6.3.20
7fefcf92e000-7fefcfb2e000 ---p 0007f000 08:05 21402                      /usr/lib/libfreetype.so.6.3.20
7fefcfb2e000-7fefcfb33000 r-xp 0007f000 08:05 21402                      /usr/lib/libfreetype.so.6.3.20
7fefcfb33000-7fefcfb34000 rwxp 00084000 08:05 21402                      /usr/lib/libfreetype.so.6.3.20
7fefcfb34000-7fefcfb7a000 r-xp 00000000 08:05 85123                      /usr/lib/libpango-1.0.so.0.2600.0
7fefcfb7a000-7fefcfd7a000 ---p 00046000 08:05 85123                      /usr/lib/libpango-1.0.so.0.2600.0
7fefcfd7a000-7fefcfd7c000 r-xp 00046000 08:05 85123                      /usr/lib/libpango-1.0.so.0.2600.0
7fefcfd7c000-7fefcfd7d000 rwxp 00048000 08:05 85123                      /usr/lib/libpango-1.0.so.0.2600.0
7fefcfd7d000-7fefcfdfc000 r-xp 00000000 08:05 23760                      /usr/lib/libcairo.so.2.10800.8
7fefcfdfc000-7fefcfffc000 ---p 0007f000 08:05 23760                      /usr/lib/libcairo.so.2.10800.8
7fefcfffc000-7fefcfffe000 r-xp 0007f000 08:05 23760                      /usr/lib/libcairo.so.2.10800.8
7fefcfffe000-7fefcffff000 rwxp 00081000 08:05 23760                      /usr/lib/libcairo.so.2.10800.8
7fefcffff000-7fefd0000000 rwxp 00000000 00:00 0 
7fefd0000000-7fefd018e000 rwxp 00000000 00:00 0 
7fefd018e000-7fefd4000000 ---p 00000000 00:00 0 
7fefd412e000-7fefd41d4000 r-xp 00000000 08:05 84499                      /usr/lib/libgio-2.0.so.0.2200.3
7fefd41d4000-7fefd43d4000 ---p 000a6000 08:05 84499                      /usr/lib/libgio-2.0.so.0.2200.3
7fefd43d4000-7fefd43d6000 r-xp 000a6000 08:05 84499                      /usr/lib/libgio-2.0.so.0.2200.3
7fefd43d6000-7fefd43d7000 rwxp 000a8000 08:05 84499                      /usr/lib/libgio-2.0.so.0.2200.3
7fefd43d7000-7fefd43d8000 rwxp 00000000 00:00 0 
7fefd43d8000-7fefd43e3000 r-xp 00000000 08:05 85124                      /usr/lib/libpangocairo-1.0.so.0.2600.0
7fefd43e3000-7fefd45e2000 ---p 0000b000 08:05 85124                      /usr/lib/libpangocairo-1.0.so.0.2600.0
7fefd45e2000-7fefd45e3000 r-xp 0000a000 08:05 85124                      /usr/lib/libpangocairo-1.0.so.0.2600.0
7fefd45e3000-7fefd45e4000 rwxp 0000b000 08:05 85124                      /usr/lib/libpangocairo-1.0.so.0.2600.0
7fefd45e4000-7fefd45ff000 r-xp 00000000 08:05 104249                     /usr/lib/libgdk_pixbuf-2.0.so.0.1800.3
7fefd45ff000-7fefd47fe000 ---p 0001b000 08:05 104249                     /usr/lib/libgdk_pixbuf-2.0.so.0.1800.3
7fefd47fe000-7fefd47ff000 r-xp 0001a000 08:05 104249                     /usr/lib/libgdk_pixbuf-2.0.so.0.1800.3
7fefd47ff000-7fefd4800000 rwxp 0001b000 08:05 104249                     /usr/lib/libgdk_pixbuf-2.0.so.0.1800.3
7fefd4800000-7fefd4827000 r-xp 00000000 08:05 89640                      /usr/lib/libpangoft2-1.0.so.0.2600.0
7fefd4827000-7fefd4a27000 ---p 00027000 08:05 89640                      /usr/lib/libpangoft2-1.0.so.0.2600.0
7fefd4a27000-7fefd4a28000 r-xp 00027000 08:05 89640                      /usr/lib/libpangoft2-1.0.so.0.2600.0
7fefd4a28000-7fefd4a29000 rwxp 00028000 08:05 89640                      /usr/lib/libpangoft2-1.0.so.0.2600.0
7fefd4a29000-7fefd4a46000 r-xp 00000000 08:05 21299                      /usr/lib/libatk-1.0.so.0.2809.1
7fefd4a46000-7fefd4c46000 ---p 0001d000 08:05 21299                      /usr/lib/libatk-1.0.so.0.2809.1
7fefd4c46000-7fefd4c48000 r-xp 0001d000 08:05 21299                      /usr/lib/libatk-1.0.so.0.2809.1
7fefd4c48000-7fefd4c49000 rwxp 0001f000 08:05 21299                      /usr/lib/libatk-1.0.so.0.2809.1
7fefd4c49000-7fefd4cf0000 r-xp 00000000 08:05 104248                     /usr/lib/libgdk-x11-2.0.so.0.1800.3
7fefd4cf0000-7fefd4eef000 ---p 000a7000 08:05 104248                     /usr/lib/libgdk-x11-2.0.so.0.1800.3
7fefd4eef000-7fefd4ef3000 r-xp 000a6000 08:05 104248                     /usr/lib/libgdk-x11-2.0.so.0.1800.3
7fefd4ef3000-7fefd4ef5000 rwxp 000aa000 08:05 104248                     /usr/lib/libgdk-x11-2.0.so.0.1800.3
7fefd4ef5000-7fefd52f4000 r-xp 00000000 08:05 104247                     /usr/lib/libgtk-x11-2.0.so.0.1800.3
7fefd52f4000-7fefd54f3000 ---p 003ff000 08:05 104247                     /usr/lib/libgtk-x11-2.0.so.0.1800.3
7fefd54f3000-7fefd54fa000 r-xp 003fe000 08:05 104247                     /usr/lib/libgtk-x11-2.0.so.0.1800.3
7fefd54fa000-7fefd54fe000 rwxp 00405000 08:05 104247                     /usr/lib/libgtk-x11-2.0.so.0.1800.3
7fefd54fe000-7fefd5500000 rwxp 00000000 00:00 0 
7fefd5500000-7fefd550c000 r-xp 00000000 08:05 39929                      /usr/lib/libunique-1.0.so.0.100.2
7fefd550c000-7fefd570b000 ---p 0000c000 08:05 39929                      /usr/lib/libunique-1.0.so.0.100.2
7fefd570b000-7fefd570c000 r-xp 0000b000 08:05 39929                      /usr/lib/libunique-1.0.so.0.100.2
7fefd570c000-7fefd570d000 rwxp 0000c000 08:05 39929                      /usr/lib/libunique-1.0.so.0.100.2
7fefd570d000-7fefd5713000 r-xp 00000000 08:05 35973                      /usr/lib/libgtkspell.so.0.0.0
7fefd5713000-7fefd5912000 ---p 00006000 08:05 35973                      /usr/lib/libgtkspell.so.0.0.0
7fefd5912000-7fefd5913000 r-xp 00005000 08:05 35973                      /usr/lib/libgtkspell.so.0.0.0
7fefd5913000-7fefd5914000 rwxp 00006000 08:05 35973                      /usr/lib/libgtkspell.so.0.0.0
7fefd5914000-7fefd5951000 r-xp 00000000 08:05 26905                      /lib/libdbus-1.so.3.4.0
7fefd5951000-7fefd5b51000 ---p 0003d000 08:05 26905                      /lib/libdbus-1.so.3.4.0
7fefd5b51000-7fefd5b52000 r-xp 0003d000 08:05 26905                      /lib/libdbus-1.so.3.4.0
7fefd5b52000-7fefd5b53000 rwxp 0003e000 08:05 26905                      /lib/libdbus-1.so.3.4.0
7fefd5b53000-7fefd5b73000 r-xp 00000000 08:05 23582                      /usr/lib/libdbus-glib-1.so.2.1.0
7fefd5b73000-7fefd5d73000 ---p 00020000 08:05 23582                      /usr/lib/libdbus-glib-1.so.2.1.0
7fefd5d73000-7fefd5d74000 r-xp 00020000 08:05 23582                      /usr/lib/libdbus-glib-1.so.2.1.0
7fefd5d74000-7fefd5d75000 rwxp 00021000 08:05 23582                      /usr/lib/libdbus-glib-1.so.2.1.0
7fefd5d75000-7fefd5d7d000 r-xp 00000000 08:05 54658                      /usr/lib/libnotify.so.1.1.3
7fefd5d7d000-7fefd5f7c000 ---p 00008000 08:05 54658                      /usr/lib/libnotify.so.1.1.3
7fefd5f7c000-7fefd5f7d000 r-xp 00007000 08:05 54658                      /usr/lib/libnotify.so.1.1.3
7fefd5f7d000-7fefd5f7e000 rwxp 00008000 08:05 54658                      /usr/lib/libnotify.so.1.1.3
7fefd5f7e000-7fefd5fc6000 r-xp 00000000 08:05 42166                      /usr/lib/libgtksourceview-2.0.so.0.0.0
7fefd5fc6000-7fefd61c5000 ---p 00048000 08:05 42166                      /usr/lib/libgtksourceview-2.0.so.0.0.0
7fefd61c5000-7fefd61c6000 r-xp 00047000 08:05 42166                      /usr/lib/libgtksourceview-2.0.so.0.0.0
7fefd61c6000-7fefd61c8000 rwxp 00048000 08:05 42166                      /usr/lib/libgtksourceview-2.0.so.0.0.0
7fefd61c8000-7fefd630c000 r-xp 00000000 08:05 23654                      /usr/lib/libxml2.so.2.7.5
7fefd630c000-7fefd650b000 ---p 00144000 08:05 23654                      /usr/lib/libxml2.so.2.7.5
7fefd650b000-7fefd6513000 r-xp 00143000 08:05 23654                      /usr/lib/libxml2.so.2.7.5
7fefd6513000-7fefd6515000 rwxp 0014b000 08:05 23654                      /usr/lib/libxml2.so.2.7.5
7fefd6515000-7fefd6516000 rwxp 00000000 00:00 0 
7fefd6516000-7fefd652e000 r-xp 00000000 08:05 9431                       /usr/lib/libglade-2.0.so.0.0.7
7fefd652e000-7fefd672d000 ---p 00018000 08:05 9431                       /usr/lib/libglade-2.0.so.0.0.7
7fefd672d000-7fefd672e000 r-xp 00017000 08:05 9431                       /usr/lib/libglade-2.0.so.0.0.7
7fefd672e000-7fefd672f000 rwxp 00018000 08:05 9431                       /usr/lib/libglade-2.0.so.0.0.7
7fefd672f000-7fefd6733000 r-xp 00000000 08:05 84498                      /usr/lib/libgthread-2.0.so.0.2200.3
7fefd6733000-7fefd6932000 ---p 00004000 08:05 84498                      /usr/lib/libgthread-2.0.so.0.2200.3
7fefd6932000-7fefd6933000 r-xp 00003000 08:05 84498                      /usr/lib/libgthread-2.0.so.0.2200.3
7fefd6933000-7fefd6934000 rwxp 00004000 08:05 84498                      /usr/lib/libgthread-2.0.so.0.2200.3
7fefd6952000-7fefd6a7c000 r-xp 00000000 08:05 331547                     /usr/src/pkg/java-gnome-4.0.14/tmp/libgtkjni-4.0.14.so
7fefd6a7c000-7fefd6c7b000 ---p 0012a000 08:05 331547                     /usr/src/pkg/java-gnome-4.0.14/tmp/libgtkjni-4.0.14.so
7fefd6c7b000-7fefd6c7c000 r-xp 00129000 08:05 331547                     /usr/src/pkg/java-gnome-4.0.14/tmp/libgtkjni-4.0.14.so
7fefd6c7c000-7fefd6c83000 rwxp 0012a000 08:05 331547                     /usr/src/pkg/java-gnome-4.0.14/tmp/libgtkjni-4.0.14.so
7fefd6c83000-7fefd6cab000 r-xs 00135000 08:05 329169                     /usr/src/pkg/java-gnome-4.0.14/tmp/gtk-4.0.jar
7fefd6cab000-7fefd6cac000 ---p 00000000 00:00 0 
7fefd6cac000-7fefd6dac000 rwxp 00000000 00:00 0 
7fefd6dac000-7fefd6daf000 ---p 00000000 00:00 0 
7fefd6daf000-7fefd6ead000 rwxp 00000000 00:00 0 
7fefd6ead000-7fefd6eb0000 ---p 00000000 00:00 0 
7fefd6eb0000-7fefd6fae000 rwxp 00000000 00:00 0 
7fefd6fae000-7fefd6fb1000 ---p 00000000 00:00 0 
7fefd6fb1000-7fefd70af000 rwxp 00000000 00:00 0 
7fefd70af000-7fefd70ee000 r-xp 00000000 08:05 13066                      /usr/lib/locale/en_GB.utf8/LC_CTYPE
7fefd70ee000-7fefd70f1000 ---p 00000000 00:00 0 
7fefd70f1000-7fefd71ef000 rwxp 00000000 00:00 0 
7fefd71ef000-7fefd71f2000 ---p 00000000 00:00 0 
7fefd71f2000-7fefd72f0000 rwxp 00000000 00:00 0 
7fefd72f0000-7fefd72f1000 ---p 00000000 00:00 0 
7fefd72f1000-7fefd7487000 rwxp 00000000 00:00 0 
7fefd7487000-7fefd761d000 r-xs 02fb3000 08:05 87993                      /usr/lib/jvm/java-6-sun-1.6.0.16/jre/lib/rt.jar
7fefd761d000-7fefd7645000 rwxp 00000000 00:00 0 
7fefd7645000-7fefd7646000 ---p 00000000 00:00 0 
7fefd7646000-7fefd7746000 rwxp 00000000 00:00 0 
7fefd7746000-7fefd7747000 ---p 00000000 00:00 0 
7fefd7747000-7fefd7852000 rwxp 00000000 00:00 0 
7fefd7852000-7fefd7871000 rwxp 00000000 00:00 0 
7fefd7871000-7fefd787c000 rwxp 00000000 00:00 0 
7fefd787c000-7fefd7919000 rwxp 00000000 00:00 0 
7fefd7919000-7fefd7924000 rwxp 00000000 00:00 0 
7fefd7924000-7fefd7943000 rwxp 00000000 00:00 0 
7fefd7943000-7fefd794e000 rwxp 00000000 00:00 0 
7fefd794e000-7fefd79eb000 rwxp 00000000 00:00 0 
7fefd79eb000-7fefd79f1000 rwxp 00000000 00:00 0 
7fefd79f1000-7fefd7a3f000 rwxp 00000000 00:00 0 
7fefd7a3f000-7fefd8f00000 rwxp 00000000 00:00 0 
7fefd8f00000-7fefdce40000 rwxp 00000000 00:00 0 
7fefdce40000-7fefde340000 rwxp 00000000 00:00 0 
7fefde340000-7feff1e40000 rwxp 00000000 00:00 0 
7feff1e40000-7feff28b0000 rwxp 00000000 00:00 0 
7feff28b0000-7feffc640000 rwxp 00000000 00:00 0 
7feffc64e000-7feffc8be000 rwxp 00000000 00:00 0 
7feffc8be000-7fefff64e000 rwxp 00000000 00:00 0 
7fefff64e000-7fefff65c000 r-xp 00000000 08:05 88012                      /usr/lib/jvm/java-6-sun-1.6.0.16/jre/lib/amd64/libzip.so
7fefff65c000-7fefff75e000 ---p 0000e000 08:05 88012                      /usr/lib/jvm/java-6-sun-1.6.0.16/jre/lib/amd64/libzip.so
7fefff75e000-7fefff761000 rwxp 00010000 08:05 88012                      /usr/lib/jvm/java-6-sun-1.6.0.16/jre/lib/amd64/libzip.so
7fefff761000-7fefff762000 rwxp 00000000 00:00 0 
7fefff762000-7fefff76e000 r-xp 00000000 08:05 27905                      /lib/libnss_files-2.10.1.so
7fefff76e000-7fefff96d000 ---p 0000c000 08:05 27905                      /lib/libnss_files-2.10.1.so
7fefff96d000-7fefff96e000 r-xp 0000b000 08:05 27905                      /lib/libnss_files-2.10.1.so
7fefff96e000-7fefff96f000 rwxp 0000c000 08:05 27905                      /lib/libnss_files-2.10.1.so
7fefff96f000-7fefff979000 r-xp 00000000 08:05 27922                      /lib/libnss_nis-2.10.1.so
7fefff979000-7fefffb78000 ---p 0000a000 08:05 27922                      /lib/libnss_nis-2.10.1.so
7fefffb78000-7fefffb79000 r-xp 00009000 08:05 27922                      /lib/libnss_nis-2.10.1.so
7fefffb79000-7fefffb7a000 rwxp 0000a000 08:05 27922                      /lib/libnss_nis-2.10.1.so
7fefffb7a000-7fefffb81000 r-xp 00000000 08:05 27890                      /lib/libnss_compat-2.10.1.so
7fefffb81000-7fefffd81000 ---p 00007000 08:05 27890                      /lib/libnss_compat-2.10.1.so
7fefffd81000-7fefffd82000 r-xp 00007000 08:05 27890                      /lib/libnss_compat-2.10.1.so
7fefffd82000-7fefffd83000 rwxp 00008000 08:05 27890                      /lib/libnss_compat-2.10.1.so
7fefffd83000-7fefffd8a000 r-xp 00000000 08:05 88015                      /usr/lib/jvm/java-6-sun-1.6.0.16/jre/lib/amd64/native_threads/libhpi.so
7fefffd8a000-7fefffe8b000 ---p 00007000 08:05 88015                      /usr/lib/jvm/java-6-sun-1.6.0.16/jre/lib/amd64/native_threads/libhpi.so
7fefffe8b000-7fefffe8d000 rwxp 00008000 08:05 88015                      /usr/lib/jvm/java-6-sun-1.6.0.16/jre/lib/amd64/native_threads/libhpi.so
7fefffe8d000-7fefffe8e000 rwxp 00000000 00:00 0 
7fefffe8e000-7fefffea4000 r-xp 00000000 08:05 27887                      /lib/libnsl-2.10.1.so
7fefffea4000-7ff0000a4000 ---p 00016000 08:05 27887                      /lib/libnsl-2.10.1.so
7ff0000a4000-7ff0000a5000 r-xp 00016000 08:05 27887                      /lib/libnsl-2.10.1.so
7ff0000a5000-7ff0000a6000 rwxp 00017000 08:05 27887                      /lib/libnsl-2.10.1.so
7ff0000a6000-7ff0000a8000 rwxp 00000000 00:00 0 
7ff0000a8000-7ff0000d1000 r-xp 00000000 08:05 88028                      /usr/lib/jvm/java-6-sun-1.6.0.16/jre/lib/amd64/libjava.so
7ff0000d1000-7ff0001d0000 ---p 00029000 08:05 88028                      /usr/lib/jvm/java-6-sun-1.6.0.16/jre/lib/amd64/libjava.so
7ff0001d0000-7ff0001d7000 rwxp 00028000 08:05 88028                      /usr/lib/jvm/java-6-sun-1.6.0.16/jre/lib/amd64/libjava.so
7ff0001d7000-7ff0001e4000 r-xp 00000000 08:05 88007                      /usr/lib/jvm/java-6-sun-1.6.0.16/jre/lib/amd64/libverify.so
7ff0001e4000-7ff0002e3000 ---p 0000d000 08:05 88007                      /usr/lib/jvm/java-6-sun-1.6.0.16/jre/lib/amd64/libverify.so
7ff0002e3000-7ff0002e6000 rwxp 0000c000 08:05 88007                      /usr/lib/jvm/java-6-sun-1.6.0.16/jre/lib/amd64/libverify.so
7ff0002e6000-7ff0002ed000 r-xp 00000000 08:05 27958                      /lib/librt-2.10.1.so
7ff0002ed000-7ff0004ec000 ---p 00007000 08:05 27958                      /lib/librt-2.10.1.so
7ff0004ec000-7ff0004ed000 r-xp 00006000 08:05 27958                      /lib/librt-2.10.1.so
7ff0004ed000-7ff0004ee000 rwxp 00007000 08:05 27958                      /lib/librt-2.10.1.so
7ff0004ee000-7ff0004f1000 ---p 00000000 00:00 0 
7ff0004f1000-7ff0005ef000 rwxp 00000000 00:00 0 
7ff0005ef000-7ff000671000 r-xp 00000000 08:05 27816                      /lib/libm-2.10.1.so
7ff000671000-7ff000871000 ---p 00082000 08:05 27816                      /lib/libm-2.10.1.so
7ff000871000-7ff000872000 r-xp 00082000 08:05 27816                      /lib/libm-2.10.1.so
7ff000872000-7ff000873000 rwxp 00083000 08:05 27816                      /lib/libm-2.10.1.so
7ff000873000-7ff000fd1000 r-xp 00000000 08:05 88037                      /usr/lib/jvm/java-6-sun-1.6.0.16/jre/lib/amd64/server/libjvm.so
7ff000fd1000-7ff0010d0000 ---p 0075e000 08:05 88037                      /usr/lib/jvm/java-6-sun-1.6.0.16/jre/lib/amd64/server/libjvm.so
7ff0010d0000-7ff001248000 rwxp 0075d000 08:05 88037                      /usr/lib/jvm/java-6-sun-1.6.0.16/jre/lib/amd64/server/libjvm.so
7ff001248000-7ff001286000 rwxp 00000000 00:00 0 
7ff001286000-7ff0013ec000 r-xp 00000000 08:05 11875                      /lib/libc-2.10.1.so
7ff0013ec000-7ff0015eb000 ---p 00166000 08:05 11875                      /lib/libc-2.10.1.so
7ff0015eb000-7ff0015ef000 r-xp 00165000 08:05 11875                      /lib/libc-2.10.1.so
7ff0015ef000-7ff0015f0000 rwxp 00169000 08:05 11875                      /lib/libc-2.10.1.so
7ff0015f0000-7ff0015f5000 rwxp 00000000 00:00 0 
7ff0015f5000-7ff0015f7000 r-xp 00000000 08:05 26568                      /lib/libdl-2.10.1.so
7ff0015f7000-7ff0017f7000 ---p 00002000 08:05 26568                      /lib/libdl-2.10.1.so
7ff0017f7000-7ff0017f8000 r-xp 00002000 08:05 26568                      /lib/libdl-2.10.1.so
7ff0017f8000-7ff0017f9000 rwxp 00003000 08:05 26568                      /lib/libdl-2.10.1.so
7ff0017f9000-7ff001810000 r-xp 00000000 08:05 27932                      /lib/libpthread-2.10.1.so
7ff001810000-7ff001a0f000 ---p 00017000 08:05 27932                      /lib/libpthread-2.10.1.so
7ff001a0f000-7ff001a10000 r-xp 00016000 08:05 27932                      /lib/libpthread-2.10.1.so
7ff001a10000-7ff001a11000 rwxp 00017000 08:05 27932                      /lib/libpthread-2.10.1.so
7ff001a11000-7ff001a15000 rwxp 00000000 00:00 0 
7ff001a15000-7ff001a34000 r-xp 00000000 08:05 9706                       /lib/ld-2.10.1.so
7ff001a45000-7ff001a4f000 rwxp 00000000 00:00 0 
7ff001a4f000-7ff001b05000 rwxp 00000000 00:00 0 
7ff001b05000-7ff001b07000 rwxp 00000000 00:00 0 
7ff001b07000-7ff001b0e000 r-xp 00000000 08:05 87996                      /usr/lib/jvm/java-6-sun-1.6.0.16/jre/lib/amd64/jli/libjli.so
7ff001b0e000-7ff001c0f000 ---p 00007000 08:05 87996                      /usr/lib/jvm/java-6-sun-1.6.0.16/jre/lib/amd64/jli/libjli.so
7ff001c0f000-7ff001c11000 rwxp 00008000 08:05 87996                      /usr/lib/jvm/java-6-sun-1.6.0.16/jre/lib/amd64/jli/libjli.so
7ff001c11000-7ff001c12000 rwxp 00000000 00:00 0 
7ff001c1d000-7ff001c1f000 rwxp 00000000 00:00 0 
7ff001c1f000-7ff001c26000 r-xs 00000000 08:05 6353                       /usr/lib/gconv/gconv-modules.cache
7ff001c26000-7ff001c2e000 rwxs 00000000 08:05 288010                     /tmp/hsperfdata_will/8458
7ff001c2e000-7ff001c2f000 rwxp 00000000 00:00 0 
7ff001c2f000-7ff001c30000 r-xp 00000000 00:00 0 
7ff001c30000-7ff001c33000 rwxp 00000000 00:00 0 
7ff001c33000-7ff001c34000 r-xp 0001e000 08:05 9706                       /lib/ld-2.10.1.so
7ff001c34000-7ff001c35000 rwxp 0001f000 08:05 9706                       /lib/ld-2.10.1.so
7fff44ca0000-7fff44cb5000 rwxp 00000000 00:00 0                          [stack]
7fff44dff000-7fff44e00000 r-xp 00000000 00:00 0                          [vdso]
ffffffffff600000-ffffffffff601000 r-xp 00000000 00:00 0                  [vsyscall]

VM Arguments:
jvm_args: -Dfile.encoding=UTF-8 
java_command: uk.ac.ox.map.carto.canvas.CairoTest
Launcher Type: SUN_STANDARD

Environment Variables:
PATH=/usr/local/sbin:/usr/local/bin:/usr/sbin:/usr/bin:/sbin:/bin:/usr/games:/opt/real/RealPlayer
USERNAME=will
LD_LIBRARY_PATH=/usr/lib/jvm/java-6-sun-1.6.0.16/jre/lib/amd64/server:/usr/lib/jvm/java-6-sun-1.6.0.16/jre/lib/amd64:/usr/lib/jvm/java-6-sun-1.6.0.16/jre/../lib/amd64:/usr/lib64/xulrunner-addons
SHELL=/bin/bash
DISPLAY=:0.0

Signal Handlers:
SIGSEGV: [libjvm.so+0x6bddc0], sa_mask[0]=0x7ffbfeff, sa_flags=0x10000004
SIGBUS: [libjvm.so+0x6bddc0], sa_mask[0]=0x7ffbfeff, sa_flags=0x10000004
SIGFPE: [libjvm.so+0x594f90], sa_mask[0]=0x7ffbfeff, sa_flags=0x10000004
SIGPIPE: [libjvm.so+0x594f90], sa_mask[0]=0x7ffbfeff, sa_flags=0x10000004
SIGXFSZ: [libjvm.so+0x594f90], sa_mask[0]=0x7ffbfeff, sa_flags=0x10000004
SIGILL: [libjvm.so+0x594f90], sa_mask[0]=0x7ffbfeff, sa_flags=0x10000004
SIGUSR1: SIG_DFL, sa_mask[0]=0x00000000, sa_flags=0x00000000
SIGUSR2: [libjvm.so+0x597750], sa_mask[0]=0x00000004, sa_flags=0x10000004
SIGHUP: [libjvm.so+0x5974a0], sa_mask[0]=0x7ffbfeff, sa_flags=0x10000004
SIGINT: [libjvm.so+0x5974a0], sa_mask[0]=0x7ffbfeff, sa_flags=0x10000004
SIGTERM: [libjvm.so+0x5974a0], sa_mask[0]=0x7ffbfeff, sa_flags=0x10000004
SIGQUIT: [libjvm.so+0x5974a0], sa_mask[0]=0x7ffbfeff, sa_flags=0x10000004


---------------  S Y S T E M  ---------------

OS:squeeze/sid

uname:Linux 2.6.31-17-generic #54-Ubuntu SMP Thu Dec 10 17:01:44 UTC 2009 x86_64
libc:glibc 2.10.1 NPTL 2.10.1 
rlimit: STACK 8192k, CORE 0k, NPROC infinity, NOFILE 1024, AS infinity
load average:0.08 0.14 0.17

CPU:total 2 (2 cores per cpu, 1 threads per core) family 6 model 15 stepping 13, cmov, cx8, fxsr, mmx, sse, sse2, sse3, ssse3

Memory: 4k page, physical 2056940k(13840k free), swap 4006520k(4006392k free)

vm_info: Java HotSpot(TM) 64-Bit Server VM (14.2-b01) for linux-amd64 JRE (1.6.0_16-b01), built on Jul 31 2009 05:52:33 by "java_re" with gcc 3.2.2 (SuSE Linux)

time: Sat Feb  6 10:44:41 2010
elapsed time: 0 seconds

