#
# A fatal error has been detected by the Java Runtime Environment:
#
#  SIGSEGV (0xb) at pc=0x00007f12a5071de9, pid=2634, tid=139718120507152
#
# JRE version: 6.0_22-b04
# Java VM: Java HotSpot(TM) 64-Bit Server VM (17.1-b03 mixed mode linux-amd64 )
# Problematic frame:
# J  org.postgis.ComposedGeom.setSrid(I)V
#
# If you would like to submit a bug report, please visit:
#   http://java.sun.com/webapps/bugreport/crash.jsp
#

---------------  T H R E A D  ---------------

Current thread (0x0000000041cf1800):  JavaThread "main" [_thread_in_Java, id=2635, stack(0x00007f12a8e10000,0x00007f12a8f11000)]

siginfo:si_signo=SIGSEGV: si_errno=0, si_code=1 (SEGV_MAPERR), si_addr=0x0000000100500008

Registers:
RAX=0x00007f1220f3f470, RBX=0x00007f1220491340, RCX=0x00000000000010e6, RDX=0x00000000000010e6
RSP=0x00007f12a8f0e7c0, RBP=0x000000000000017e, RSI=0x0000000100500000, RDI=0x00007f12a0a3af30
R8 =0x0000000000000459, R9 =0x00007f12a2a2e2c0, R10=0x0000000000000459, R11=0x00007f12a2a2e2f0
R12=0x00007f12a8f0f580, R13=0x4040290000000000, R14=0x00000000006a3927, R15=0x0000000041cf1800
RIP=0x00007f12a5071de9, EFL=0x0000000000010283, CSGSFS=0x0000000000000033, ERR=0x0000000000000004
  TRAPNO=0x000000000000000e

Top of Stack: (sp=0x00007f12a8f0e7c0)
0x00007f12a8f0e7c0:   000000000003ed44 00007f12a5078024
0x00007f12a8f0e7d0:   4052d55f46bbf5b5 00007f129c4205c0
0x00007f12a8f0e7e0:   00007f129c4205d0 0000000000000000
0x00007f12a8f0e7f0:   0000000000000000 00007f12a5071e18
0x00007f12a8f0e800:   00007f12a2a2e270 00007f12000010e6
0x00007f12a8f0e810:   00007f129c4205d0 00007f12a8f0e868
0x00007f12a8f0e820:   00007f1220f4a838 00007f12213a68d8
0x00007f12a8f0e830:   000000000000000d 00007f12a510b3bc
0x00007f12a8f0e840:   00000001000010e6 00007f127b9e4918
0x00007f12a8f0e850:   00007f127b9e4918 00007f127b9e4918
0x00007f12a8f0e860:   00007f129c4205d0 00007f1200000000
0x00007f12a8f0e870:   00007f129c4257a0 00007f127b9e48e8
0x00007f12a8f0e880:   00007f127a838c08 000000000056c9a5
0x00007f12a8f0e890:   0000000100000000 00007f127a838be8
0x00007f12a8f0e8a0:   00007f127b9e48b8 00007f12a8f0e8c0
0x00007f12a8f0e8b0:   00007f1200000000 00007f12a4f75a42
0x00007f12a8f0e8c0:   00007f1291143950 00007f1291143968
0x00007f12a8f0e8d0:   00007f1291143968 00007f12a8f0e8d8
0x00007f12a8f0e8e0:   00007f1220f43227 00007f12a8f0e928
0x00007f12a8f0e8f0:   ffffffff000002ea 00007f12213a59f0
0x00007f12a8f0e900:   00007f1220f43260 0000000000000000
0x00007f12a8f0e910:   00007f12a8f0e988 00007f12a4f758e9
0x00007f12a8f0e920:   00007f12a4f758e9 00007f1291143968
0x00007f12a8f0e930:   00007f1291143940 00007f12a8f0e938
0x00007f12a8f0e940:   00007f129c4205c0 00007f12a8f0e938
0x00007f12a8f0e950:   00007f1220f4332e 00007f12a8f0e9a8
0x00007f12a8f0e960:   00007f1220f47d18 00007f12213a58a0
0x00007f12a8f0e970:   00007f1220f43360 00007f12a8f0e928
0x00007f12a8f0e980:   00007f12a8f0e9a0 00007f12a8f0e9f0
0x00007f12a8f0e990:   00007f12a4f758e9 00007f129c426f50
0x00007f12a8f0e9a0:   00007f129c426f28 00007f129c4205c0
0x00007f12a8f0e9b0:   00007f12a8f0e9b0 00007f122089268e 

Instructions: (pc=0x00007f12a5071de9)
0x00007f12a5071dd9:   8b d8 45 8b 43 10 41 3b e8 73 51 49 8b 74 eb 18
0x00007f12a5071de9:   4c 8b 56 08 49 b8 20 d1 48 20 12 7f 00 00 4d 3b 

Stack: [0x00007f12a8e10000,0x00007f12a8f11000],  sp=0x00007f12a8f0e7c0,  free space=3f90000000000000018k
Native frames: (J=compiled Java code, j=interpreted, Vv=VM code, C=native code)
J  org.postgis.ComposedGeom.setSrid(I)V


---------------  P R O C E S S  ---------------

Java Threads: ( => current thread )
  0x00007f12100b8800 JavaThread "com.mchange.v2.async.ThreadPoolAsynchronousRunner$PoolThread-#2" daemon [_thread_blocked, id=2659, stack(0x00007f121db1b000,0x00007f121dc1c000)]
  0x00007f1210284000 JavaThread "com.mchange.v2.async.ThreadPoolAsynchronousRunner$PoolThread-#1" daemon [_thread_blocked, id=2658, stack(0x00007f121dc1c000,0x00007f121dd1d000)]
  0x00007f1210152000 JavaThread "com.mchange.v2.async.ThreadPoolAsynchronousRunner$PoolThread-#0" daemon [_thread_blocked, id=2657, stack(0x00007f121dd1d000,0x00007f121de1e000)]
  0x00007f1210155800 JavaThread "Timer-0" daemon [_thread_blocked, id=2656, stack(0x00007f121de1e000,0x00007f121df1f000)]
  0x0000000041d81800 JavaThread "Low Memory Detector" daemon [_thread_blocked, id=2650, stack(0x00007f121e32f000,0x00007f121e430000)]
  0x0000000041d7f000 JavaThread "CompilerThread1" daemon [_thread_blocked, id=2649, stack(0x00007f1217eff000,0x00007f1218000000)]
  0x0000000041d7c000 JavaThread "CompilerThread0" daemon [_thread_blocked, id=2648, stack(0x00007f121e430000,0x00007f121e531000)]
  0x0000000041d7a000 JavaThread "Signal Dispatcher" daemon [_thread_blocked, id=2647, stack(0x00007f121e531000,0x00007f121e632000)]
  0x0000000041d5a800 JavaThread "Finalizer" daemon [_thread_blocked, id=2646, stack(0x00007f121e671000,0x00007f121e772000)]
  0x0000000041d53000 JavaThread "Reference Handler" daemon [_thread_blocked, id=2645, stack(0x00007f121e772000,0x00007f121e873000)]
=>0x0000000041cf1800 JavaThread "main" [_thread_in_Java, id=2635, stack(0x00007f12a8e10000,0x00007f12a8f11000)]

Other Threads:
  0x0000000041d4e800 VMThread [stack: 0x00007f121e873000,0x00007f121e974000] [id=2644]
  0x0000000041d8c000 WatcherThread [stack: 0x00007f121e22e000,0x00007f121e32f000] [id=2651]

VM state:not at safepoint (normal execution)

VM Mutex/Monitor currently owned by a thread: None

Heap
 PSYoungGen      total 528960K, used 129202K [0x00007f127a4d0000, 0x00007f12a4f70000, 0x00007f12a4f70000)
  eden space 386048K, 5% used [0x00007f127a4d0000,0x00007f127bb470b0,0x00007f1291dd0000)
  from space 142912K, 74% used [0x00007f129c3e0000,0x00007f12a2b95930,0x00007f12a4f70000)
  to   space 156480K, 0% used [0x00007f1291dd0000,0x00007f1291dd0000,0x00007f129b6a0000)
 PSOldGen        total 744256K, used 434270K [0x00007f1224f70000, 0x00007f1252640000, 0x00007f127a4d0000)
  object space 744256K, 58% used [0x00007f1224f70000,0x00007f123f787828,0x00007f1252640000)
 PSPermGen       total 44672K, used 24839K [0x00007f121fb70000, 0x00007f1222710000, 0x00007f1224f70000)
  object space 44672K, 55% used [0x00007f121fb70000,0x00007f12213b1e28,0x00007f1222710000)

Dynamic libraries:
40000000-40009000 r-xp 00000000 08:01 1050764                            /usr/lib/jvm/java-6-sun-1.6.0.22/jre/bin/java
40108000-4010a000 rwxp 00008000 08:01 1050764                            /usr/lib/jvm/java-6-sun-1.6.0.22/jre/bin/java
41ce7000-46d47000 rwxp 00000000 00:00 0                                  [heap]
7f114a09a000-7f115c000000 rwxp 00000000 00:00 0 
7f115c000000-7f115fd52000 rwxp 00000000 00:00 0 
7f115fd52000-7f1160000000 ---p 00000000 00:00 0 
7f1164000000-7f1168000000 rwxp 00000000 00:00 0 
7f1168000000-7f116c000000 rwxp 00000000 00:00 0 
7f116e7bc000-7f1170000000 rwxp 00000000 00:00 0 
7f1170000000-7f1178000000 rwxp 00000000 00:00 0 
7f1178000000-7f1180000000 rwxp 00000000 00:00 0 
7f1180000000-7f1188000000 rwxp 00000000 00:00 0 
7f1188000000-7f1190000000 rwxp 00000000 00:00 0 
7f1190000000-7f1198000000 rwxp 00000000 00:00 0 
7f1198000000-7f11a0000000 rwxp 00000000 00:00 0 
7f11a0000000-7f11a8000000 rwxp 00000000 00:00 0 
7f11a8000000-7f11b0000000 rwxp 00000000 00:00 0 
7f11b0000000-7f11b8000000 rwxp 00000000 00:00 0 
7f11b8000000-7f11c0000000 rwxp 00000000 00:00 0 
7f11c0000000-7f11c8000000 rwxp 00000000 00:00 0 
7f11c8000000-7f11d0000000 rwxp 00000000 00:00 0 
7f11d0000000-7f11d8000000 rwxp 00000000 00:00 0 
7f11d8000000-7f11e0000000 rwxp 00000000 00:00 0 
7f11e0000000-7f11e4000000 rwxp 00000000 00:00 0 
7f11e4d98000-7f1204000000 rwxp 00000000 00:00 0 
7f1204000000-7f12067cd000 rwxp 00000000 00:00 0 
7f12067cd000-7f1208000000 ---p 00000000 00:00 0 
7f120857c000-7f120a3a0000 rwxp 00000000 00:00 0 
7f120a3a0000-7f120a3a3000 ---p 00000000 00:00 0 
7f120a3a3000-7f120a4a1000 rwxp 00000000 00:00 0 
7f120a4a1000-7f120a4a3000 r-xp 00000000 08:01 1182162                    /usr/lib/pango/1.6.0/modules/pango-basic-fc.so
7f120a4a3000-7f120a6a2000 ---p 00002000 08:01 1182162                    /usr/lib/pango/1.6.0/modules/pango-basic-fc.so
7f120a6a2000-7f120a6a3000 r-xp 00001000 08:01 1182162                    /usr/lib/pango/1.6.0/modules/pango-basic-fc.so
7f120a6a3000-7f120a6a4000 rwxp 00002000 08:01 1182162                    /usr/lib/pango/1.6.0/modules/pango-basic-fc.so
7f120a6a4000-7f120a6a5000 r-xs 00000000 08:01 262300                     /var/cache/fontconfig/c05880de57d1f5e948fdfacc138775d9-le64.cache-3
7f120a6a5000-7f120a6ae000 r-xs 00000000 08:01 262297                     /var/cache/fontconfig/945677eb7aeaf62f1d50efc3fb3ec7d8-le64.cache-3
7f120a6ae000-7f120a6b0000 r-xs 00000000 08:01 262298                     /var/cache/fontconfig/99e8ed0e538f840c565b6ed5dad60d56-le64.cache-3
7f120a6b0000-7f120a6b3000 r-xs 00000000 08:01 262307                     /var/cache/fontconfig/e383d7ea5fbe662a33d9b44caf393297-le64.cache-3
7f120a6b3000-7f120a6b4000 r-xs 00000000 08:01 262308                     /var/cache/fontconfig/e7071f4a29fa870f4323321c154eba04-le64.cache-3
7f120a6b4000-7f120a6b8000 r-xs 00000000 08:01 262294                     /var/cache/fontconfig/6eb3985aa4124903f6ff08ba781cd364-le64.cache-3
7f120a6b8000-7f120a6b9000 r-xs 00000000 08:01 262290                     /var/cache/fontconfig/4c73fe0c47614734b17d736dbde7580a-le64.cache-3
7f120a6b9000-7f120a6ba000 r-xs 00000000 08:01 262284                     /var/cache/fontconfig/0d8c3b2ac0904cb8a57a757ad11a4a08-le64.cache-3
7f120a6ba000-7f120a6bb000 r-xs 00000000 08:01 262292                     /var/cache/fontconfig/6a53c69dea097a2d716e069445527da8-le64.cache-3
7f120a6bb000-7f120a6c1000 r-xs 00000000 08:01 262299                     /var/cache/fontconfig/a755afe4a08bf5b97852ceb7400b47bc-le64.cache-3
7f120a6c1000-7f120a6ca000 r-xs 00000000 08:01 264892                     /var/cache/fontconfig/6d41288fd70b0be22e8c3a91e032eec0-le64.cache-3
7f120a6ca000-7f120a6da000 r-xs 00000000 08:01 262285                     /var/cache/fontconfig/0f34bcd4b6ee430af32735b75db7f02b-le64.cache-3
7f120a6da000-7f120a6dd000 r-xs 00000000 08:01 262304                     /var/cache/fontconfig/d60319d88cac85ba9e1a07bd06cfbb8c-le64.cache-3
7f120a6dd000-7f120a6de000 r-xs 00000000 08:01 262727                     /var/cache/fontconfig/4794a0821666d79190d59a36cb4f44b5-le64.cache-3
7f120a6de000-7f120a6e8000 r-xs 00000000 08:01 262303                     /var/cache/fontconfig/d52a8644073d54c13679302ca1180695-le64.cache-3
7f120a6e8000-7f120a6f3000 r-xs 00000000 08:01 262680                     /var/cache/fontconfig/e13b20fdb08344e0e664864cc2ede53d-le64.cache-3
7f120a6f3000-7f120a6f7000 r-xs 00000000 08:01 262296                     /var/cache/fontconfig/7ef2298fde41cc6eeb7af42e48b7d293-le64.cache-3
7f120a6f8000-7f120c28e000 rwxp 00000000 00:00 0 
7f120c28e000-7f120c293000 r-xp 00000000 08:01 1050810                    /usr/lib/gtk-2.0/2.10.0/loaders/libpixbufloader-png.so
7f120c293000-7f120c492000 ---p 00005000 08:01 1050810                    /usr/lib/gtk-2.0/2.10.0/loaders/libpixbufloader-png.so
7f120c492000-7f120c493000 r-xp 00004000 08:01 1050810                    /usr/lib/gtk-2.0/2.10.0/loaders/libpixbufloader-png.so
7f120c493000-7f120c494000 rwxp 00005000 08:01 1050810                    /usr/lib/gtk-2.0/2.10.0/loaders/libpixbufloader-png.so
7f120c494000-7f120c499000 r-xp 00000000 08:01 1051626                    /usr/lib/libXtst.so.6.1.0
7f120c499000-7f120c699000 ---p 00005000 08:01 1051626                    /usr/lib/libXtst.so.6.1.0
7f120c699000-7f120c69a000 r-xp 00005000 08:01 1051626                    /usr/lib/libXtst.so.6.1.0
7f120c69a000-7f120c69b000 rwxp 00006000 08:01 1051626                    /usr/lib/libXtst.so.6.1.0
7f120c69b000-7f120c6dd000 r-xp 00000000 08:01 1062849                    /usr/lib/jvm/java-6-sun-1.6.0.22/jre/lib/amd64/xawt/libmawt.so
7f120c6dd000-7f120c7dc000 ---p 00042000 08:01 1062849                    /usr/lib/jvm/java-6-sun-1.6.0.22/jre/lib/amd64/xawt/libmawt.so
7f120c7dc000-7f120c7e7000 rwxp 00041000 08:01 1062849                    /usr/lib/jvm/java-6-sun-1.6.0.22/jre/lib/amd64/xawt/libmawt.so
7f120c7e7000-7f120c7e9000 rwxp 00000000 00:00 0 
7f120c7e9000-7f120c87b000 r-xp 00000000 08:01 1062872                    /usr/lib/jvm/java-6-sun-1.6.0.22/jre/lib/amd64/libawt.so
7f120c87b000-7f120c97a000 ---p 00092000 08:01 1062872                    /usr/lib/jvm/java-6-sun-1.6.0.22/jre/lib/amd64/libawt.so
7f120c97a000-7f120c993000 rwxp 00091000 08:01 1062872                    /usr/lib/jvm/java-6-sun-1.6.0.22/jre/lib/amd64/libawt.so
7f120c993000-7f120c9b8000 rwxp 00000000 00:00 0 
7f120c9b8000-7f120cc7f000 r-xp 00000000 08:01 1716180                    /home/will/hdf-java/lib/linux/libjhdf5.so
7f120cc7f000-7f120ce7e000 ---p 002c7000 08:01 1716180                    /home/will/hdf-java/lib/linux/libjhdf5.so
7f120ce7e000-7f120ce89000 rwxp 002c6000 08:01 1716180                    /home/will/hdf-java/lib/linux/libjhdf5.so
7f120ce89000-7f120ce93000 rwxp 00000000 00:00 0 
7f120ce93000-7f120cf78000 r-xp 00000000 08:01 1716179                    /home/will/hdf-java/lib/linux/libjhdf.so
7f120cf78000-7f120d177000 ---p 000e5000 08:01 1716179                    /home/will/hdf-java/lib/linux/libjhdf.so
7f120d177000-7f120d17b000 rwxp 000e4000 08:01 1716179                    /home/will/hdf-java/lib/linux/libjhdf.so
7f120d17b000-7f120d1ae000 rwxp 00000000 00:00 0 
7f120d1ae000-7f120d1d6000 r-xp 00000000 08:01 1055884                    /usr/lib/gtk-2.0/2.10.0/engines/libmurrine.so
7f120d1d6000-7f120d3d5000 ---p 00028000 08:01 1055884                    /usr/lib/gtk-2.0/2.10.0/engines/libmurrine.so
7f120d3d5000-7f120d3d6000 r-xp 00027000 08:01 1055884                    /usr/lib/gtk-2.0/2.10.0/engines/libmurrine.so
7f120d3d6000-7f120d3d7000 rwxp 00028000 08:01 1055884                    /usr/lib/gtk-2.0/2.10.0/engines/libmurrine.so
7f120d3d7000-7f120d3df000 r-xp 00000000 08:01 1052226                    /usr/lib/libltdl.so.7.2.1
7f120d3df000-7f120d5df000 ---p 00008000 08:01 1052226                    /usr/lib/libltdl.so.7.2.1
7f120d5df000-7f120d5e0000 r-xp 00008000 08:01 1052226                    /usr/lib/libltdl.so.7.2.1
7f120d5e0000-7f120d5e1000 rwxp 00009000 08:01 1052226                    /usr/lib/libltdl.so.7.2.1
7f120d5e1000-7f120d5ef000 r-xp 00000000 08:01 1052499                    /usr/lib/libtdb.so.1.2.0
7f120d5ef000-7f120d7ee000 ---p 0000e000 08:01 1052499                    /usr/lib/libtdb.so.1.2.0
7f120d7ee000-7f120d7ef000 r-xp 0000d000 08:01 1052499                    /usr/lib/libtdb.so.1.2.0
7f120d7ef000-7f120d7f0000 rwxp 0000e000 08:01 1052499                    /usr/lib/libtdb.so.1.2.0
7f120d7f0000-7f120d7f6000 r-xp 00000000 08:01 1052309                    /usr/lib/libogg.so.0.6.0
7f120d7f6000-7f120d9f5000 ---p 00006000 08:01 1052309                    /usr/lib/libogg.so.0.6.0
7f120d9f5000-7f120d9f6000 r-xp 00005000 08:01 1052309                    /usr/lib/libogg.so.0.6.0
7f120d9f6000-7f120d9f7000 rwxp 00006000 08:01 1052309                    /usr/lib/libogg.so.0.6.0
7f120d9f7000-7f120da23000 r-xp 00000000 08:01 1052550                    /usr/lib/libvorbis.so.0.4.3
7f120da23000-7f120dc22000 ---p 0002c000 08:01 1052550                    /usr/lib/libvorbis.so.0.4.3
7f120dc22000-7f120dc23000 r-xp 0002b000 08:01 1052550                    /usr/lib/libvorbis.so.0.4.3
7f120dc23000-7f120dc24000 rwxp 0002c000 08:01 1052550                    /usr/lib/libvorbis.so.0.4.3
7f120dc24000-7f120dc2b000 r-xp 00000000 08:01 1052554                    /usr/lib/libvorbisfile.so.3.3.2
7f120dc2b000-7f120de2a000 ---p 00007000 08:01 1052554                    /usr/lib/libvorbisfile.so.3.3.2
7f120de2a000-7f120de2b000 r-xp 00006000 08:01 1052554                    /usr/lib/libvorbisfile.so.3.3.2
7f120de2b000-7f120de2c000 rwxp 00007000 08:01 1052554                    /usr/lib/libvorbisfile.so.3.3.2
7f120de2c000-7f120de3b000 r-xp 00000000 08:01 1051728                    /usr/lib/libcanberra.so.0.2.1
7f120de3b000-7f120e03a000 ---p 0000f000 08:01 1051728                    /usr/lib/libcanberra.so.0.2.1
7f120e03a000-7f120e03b000 r-xp 0000e000 08:01 1051728                    /usr/lib/libcanberra.so.0.2.1
7f120e03b000-7f120e03c000 rwxp 0000f000 08:01 1051728                    /usr/lib/libcanberra.so.0.2.1
7f120e03c000-7f120e040000 r-xp 00000000 08:01 1051726                    /usr/lib/libcanberra-gtk.so.0.1.5
7f120e040000-7f120e23f000 ---p 00004000 08:01 1051726                    /usr/lib/libcanberra-gtk.so.0.1.5
7f120e23f000-7f120e240000 r-xp 00003000 08:01 1051726                    /usr/lib/libcanberra-gtk.so.0.1.5
7f120e240000-7f120e241000 rwxp 00004000 08:01 1051726                    /usr/lib/libcanberra-gtk.so.0.1.5
7f120e241000-7f120e246000 r-xp 00000000 08:01 1055930                    /usr/lib/gtk-2.0/modules/libcanberra-gtk-module.so
7f120e246000-7f120e445000 ---p 00005000 08:01 1055930                    /usr/lib/gtk-2.0/modules/libcanberra-gtk-module.so
7f120e445000-7f120e446000 r-xp 00004000 08:01 1055930                    /usr/lib/gtk-2.0/modules/libcanberra-gtk-module.so
7f120e446000-7f120e447000 rwxp 00005000 08:01 1055930                    /usr/lib/gtk-2.0/modules/libcanberra-gtk-module.so
7f120e447000-7f120e44c000 r-xp 00000000 08:01 1051596                    /usr/lib/libXdmcp.so.6.0.0
7f120e44c000-7f120e64b000 ---p 00005000 08:01 1051596                    /usr/lib/libXdmcp.so.6.0.0
7f120e64b000-7f120e64c000 r-xp 00004000 08:01 1051596                    /usr/lib/libXdmcp.so.6.0.0
7f120e64c000-7f120e64d000 rwxp 00005000 08:01 1051596                    /usr/lib/libXdmcp.so.6.0.0
7f120e64d000-7f120e64f000 r-xp 00000000 08:01 1051585                    /usr/lib/libXau.so.6.0.0
7f120e64f000-7f120e84f000 ---p 00002000 08:01 1051585                    /usr/lib/libXau.so.6.0.0
7f120e84f000-7f120e850000 r-xp 00002000 08:01 1051585                    /usr/lib/libXau.so.6.0.0
7f120e850000-7f120e851000 rwxp 00003000 08:01 1051585                    /usr/lib/libXau.so.6.0.0
7f120e851000-7f120e877000 r-xp 00000000 08:01 1310795                    /lib/libexpat.so.1.5.2
7f120e877000-7f120ea77000 ---p 00026000 08:01 1310795                    /lib/libexpat.so.1.5.2
7f120ea77000-7f120ea79000 r-xp 00026000 08:01 1310795                    /lib/libexpat.so.1.5.2
7f120ea79000-7f120ea7a000 rwxp 00028000 08:01 1310795                    /lib/libexpat.so.1.5.2
7f120ea7a000-7f120ea95000 r-xp 00000000 08:01 1052591                    /usr/lib/libxcb.so.1.1.0
7f120ea95000-7f120ec94000 ---p 0001b000 08:01 1052591                    /usr/lib/libxcb.so.1.1.0
7f120ec94000-7f120ec95000 r-xp 0001a000 08:01 1052591                    /usr/lib/libxcb.so.1.1.0
7f120ec95000-7f120ec96000 rwxp 0001b000 08:01 1052591                    /usr/lib/libxcb.so.1.1.0
7f120ec96000-7f120ec9d000 r-xp 00000000 08:01 1052589                    /usr/lib/libxcb-render.so.0.0.0
7f120ec9d000-7f120ee9d000 ---p 00007000 08:01 1052589                    /usr/lib/libxcb-render.so.0.0.0
7f120ee9d000-7f120ee9e000 r-xp 00007000 08:01 1052589                    /usr/lib/libxcb-render.so.0.0.0
7f120ee9e000-7f120ee9f000 rwxp 00008000 08:01 1052589                    /usr/lib/libxcb-render.so.0.0.0
7f120ee9f000-7f120eea2000 r-xp 00000000 08:01 1052587                    /usr/lib/libxcb-render-util.so.0.0.0
7f120eea2000-7f120f0a1000 ---p 00003000 08:01 1052587                    /usr/lib/libxcb-render-util.so.0.0.0
7f120f0a1000-7f120f0a2000 r-xp 00002000 08:01 1052587                    /usr/lib/libxcb-render-util.so.0.0.0
7f120f0a2000-7f120f0a3000 rwxp 00003000 08:01 1052587                    /usr/lib/libxcb-render-util.so.0.0.0
7f120f0a3000-7f120f0c8000 r-xp 00000000 08:01 1317244                    /lib/libpng12.so.0.42.0
7f120f0c8000-7f120f2c8000 ---p 00025000 08:01 1317244                    /lib/libpng12.so.0.42.0
7f120f2c8000-7f120f2c9000 r-xp 00025000 08:01 1317244                    /lib/libpng12.so.0.42.0
7f120f2c9000-7f120f2ca000 rwxp 00026000 08:01 1317244                    /lib/libpng12.so.0.42.0
7f120f2ca000-7f120f2e1000 r-xp 00000000 08:01 1051812                    /usr/lib/libdirect-1.2.so.0.8.0
7f120f2e1000-7f120f4e0000 ---p 00017000 08:01 1051812                    /usr/lib/libdirect-1.2.so.0.8.0
7f120f4e0000-7f120f4e1000 r-xp 00016000 08:01 1051812                    /usr/lib/libdirect-1.2.so.0.8.0
7f120f4e1000-7f120f4e2000 rwxp 00017000 08:01 1051812                    /usr/lib/libdirect-1.2.so.0.8.0
7f120f4e2000-7f120f4e3000 rwxp 00000000 00:00 0 
7f120f4e3000-7f120f4ec000 r-xp 00000000 08:01 1051889                    /usr/lib/libfusion-1.2.so.0.8.0
7f120f4ec000-7f120f6eb000 ---p 00009000 08:01 1051889                    /usr/lib/libfusion-1.2.so.0.8.0
7f120f6eb000-7f120f6ec000 r-xp 00008000 08:01 1051889                    /usr/lib/libfusion-1.2.so.0.8.0
7f120f6ec000-7f120f6ed000 rwxp 00009000 08:01 1051889                    /usr/lib/libfusion-1.2.so.0.8.0
7f120f6ed000-7f120f76c000 r-xp 00000000 08:01 1051814                    /usr/lib/libdirectfb-1.2.so.0.8.0
7f120f76c000-7f120f96b000 ---p 0007f000 08:01 1051814                    /usr/lib/libdirectfb-1.2.so.0.8.0
7f120f96b000-7f120f96d000 r-xp 0007e000 08:01 1051814                    /usr/lib/libdirectfb-1.2.so.0.8.0
7f120f96d000-7f120f96f000 rwxp 00080000 08:01 1051814                    /usr/lib/libdirectfb-1.2.so.0.8.0
7f120f96f000-7f120f970000 rwxp 00000000 00:00 0 
7f120f970000-7f120f9c5000 r-xp 00000000 08:01 1052356                    /usr/lib/libpixman-1.so.0.16.4
7f120f9c5000-7f120fbc5000 ---p 00055000 08:01 1052356                    /usr/lib/libpixman-1.so.0.16.4
7f120fbc5000-7f120fbc8000 r-xp 00055000 08:01 1052356                    /usr/lib/libpixman-1.so.0.16.4
7f120fbc8000-7f120fbc9000 rwxp 00058000 08:01 1052356                    /usr/lib/libpixman-1.so.0.16.4
7f120fbc9000-7f120fbe5000 r-xp 00000000 08:01 1310884                    /lib/libselinux.so.1
7f120fbe5000-7f120fde4000 ---p 0001c000 08:01 1310884                    /lib/libselinux.so.1
7f120fde4000-7f120fde5000 r-xp 0001b000 08:01 1310884                    /lib/libselinux.so.1
7f120fde5000-7f120fde6000 rwxp 0001c000 08:01 1310884                    /lib/libselinux.so.1
7f120fde6000-7f120fde7000 rwxp 00000000 00:00 0 
7f120fde7000-7f120fdfd000 r-xp 00000000 08:01 1339309                    /lib/libresolv-2.11.1.so
7f120fdfd000-7f120fffc000 ---p 00016000 08:01 1339309                    /lib/libresolv-2.11.1.so
7f120fffc000-7f120fffd000 r-xp 00015000 08:01 1339309                    /lib/libresolv-2.11.1.so
7f120fffd000-7f120fffe000 rwxp 00016000 08:01 1339309                    /lib/libresolv-2.11.1.so
7f120fffe000-7f1210000000 rwxp 00000000 00:00 0 
7f1210000000-7f1213fe5000 rwxp 00000000 00:00 0 
7f1213fe5000-7f1214000000 ---p 00000000 00:00 0 
7f121402e000-7f121414c000 r-xp 00000000 08:01 1056551                    /usr/lib/locale/en_GB.utf8/LC_COLLATE
7f121414c000-7f1214179000 r-xp 00000000 08:01 1310860                    /lib/libpcre.so.3.12.1
7f1214179000-7f1214378000 ---p 0002d000 08:01 1310860                    /lib/libpcre.so.3.12.1
7f1214378000-7f1214379000 r-xp 0002c000 08:01 1310860                    /lib/libpcre.so.3.12.1
7f1214379000-7f121437a000 rwxp 0002d000 08:01 1310860                    /lib/libpcre.so.3.12.1
7f121437a000-7f121437f000 r-xp 00000000 08:01 1051600                    /usr/lib/libXfixes.so.3.1.0
7f121437f000-7f121457e000 ---p 00005000 08:01 1051600                    /usr/lib/libXfixes.so.3.1.0
7f121457e000-7f121457f000 r-xp 00004000 08:01 1051600                    /usr/lib/libXfixes.so.3.1.0
7f121457f000-7f1214580000 rwxp 00005000 08:01 1051600                    /usr/lib/libXfixes.so.3.1.0
7f1214580000-7f1214582000 r-xp 00000000 08:01 1051594                    /usr/lib/libXdamage.so.1.1.0
7f1214582000-7f1214781000 ---p 00002000 08:01 1051594                    /usr/lib/libXdamage.so.1.1.0
7f1214781000-7f1214782000 r-xp 00001000 08:01 1051594                    /usr/lib/libXdamage.so.1.1.0
7f1214782000-7f1214783000 rwxp 00002000 08:01 1051594                    /usr/lib/libXdamage.so.1.1.0
7f1214783000-7f1214785000 r-xp 00000000 08:01 1051590                    /usr/lib/libXcomposite.so.1.0.0
7f1214785000-7f1214984000 ---p 00002000 08:01 1051590                    /usr/lib/libXcomposite.so.1.0.0
7f1214984000-7f1214985000 r-xp 00001000 08:01 1051590                    /usr/lib/libXcomposite.so.1.0.0
7f1214985000-7f1214986000 rwxp 00002000 08:01 1051590                    /usr/lib/libXcomposite.so.1.0.0
7f1214986000-7f121498f000 r-xp 00000000 08:01 1051592                    /usr/lib/libXcursor.so.1.0.2
7f121498f000-7f1214b8e000 ---p 00009000 08:01 1051592                    /usr/lib/libXcursor.so.1.0.2
7f1214b8e000-7f1214b8f000 r-xp 00008000 08:01 1051592                    /usr/lib/libXcursor.so.1.0.2
7f1214b8f000-7f1214b90000 rwxp 00009000 08:01 1051592                    /usr/lib/libXcursor.so.1.0.2
7f1214b90000-7f1214b98000 r-xp 00000000 08:01 1051618                    /usr/lib/libXrandr.so.2.2.0
7f1214b98000-7f1214d97000 ---p 00008000 08:01 1051618                    /usr/lib/libXrandr.so.2.2.0
7f1214d97000-7f1214d98000 r-xp 00007000 08:01 1051618                    /usr/lib/libXrandr.so.2.2.0
7f1214d98000-7f1214d99000 rwxp 00008000 08:01 1051618                    /usr/lib/libXrandr.so.2.2.0
7f1214d99000-7f1214da8000 r-xp 00000000 08:01 1051606                    /usr/lib/libXi.so.6.1.0
7f1214da8000-7f1214fa7000 ---p 0000f000 08:01 1051606                    /usr/lib/libXi.so.6.1.0
7f1214fa7000-7f1214fa8000 r-xp 0000e000 08:01 1051606                    /usr/lib/libXi.so.6.1.0
7f1214fa8000-7f1214fa9000 rwxp 0000f000 08:01 1051606                    /usr/lib/libXi.so.6.1.0
7f1214fa9000-7f1214fab000 r-xp 00000000 08:01 1051608                    /usr/lib/libXinerama.so.1.0.0
7f1214fab000-7f12151aa000 ---p 00002000 08:01 1051608                    /usr/lib/libXinerama.so.1.0.0
7f12151aa000-7f12151ab000 r-xp 00001000 08:01 1051608                    /usr/lib/libXinerama.so.1.0.0
7f12151ab000-7f12151ac000 rwxp 00002000 08:01 1051608                    /usr/lib/libXinerama.so.1.0.0
7f12151ac000-7f12151b5000 r-xp 00000000 08:01 1051620                    /usr/lib/libXrender.so.1.3.0
7f12151b5000-7f12153b4000 ---p 00009000 08:01 1051620                    /usr/lib/libXrender.so.1.3.0
7f12153b4000-7f12153b5000 r-xp 00008000 08:01 1051620                    /usr/lib/libXrender.so.1.3.0
7f12153b5000-7f12153b6000 rwxp 00009000 08:01 1051620                    /usr/lib/libXrender.so.1.3.0
7f12153b6000-7f12153c7000 r-xp 00000000 08:01 1051598                    /usr/lib/libXext.so.6.4.0
7f12153c7000-7f12155c6000 ---p 00011000 08:01 1051598                    /usr/lib/libXext.so.6.4.0
7f12155c6000-7f12155c7000 r-xp 00010000 08:01 1051598                    /usr/lib/libXext.so.6.4.0
7f12155c7000-7f12155c8000 rwxp 00011000 08:01 1051598                    /usr/lib/libXext.so.6.4.0
7f12155c8000-7f12156f9000 r-xp 00000000 08:01 1051581                    /usr/lib/libX11.so.6.3.0
7f12156f9000-7f12158f9000 ---p 00131000 08:01 1051581                    /usr/lib/libX11.so.6.3.0
7f12158f9000-7f12158fa000 r-xp 00131000 08:01 1051581                    /usr/lib/libX11.so.6.3.0
7f12158fa000-7f12158fe000 rwxp 00132000 08:01 1051581                    /usr/lib/libX11.so.6.3.0
7f12158fe000-7f1215914000 r-xp 00000000 08:01 1310917                    /lib/libz.so.1.2.3.3
7f1215914000-7f1215b13000 ---p 00016000 08:01 1310917                    /lib/libz.so.1.2.3.3
7f1215b13000-7f1215b14000 r-xp 00015000 08:01 1310917                    /lib/libz.so.1.2.3.3
7f1215b14000-7f1215b15000 rwxp 00016000 08:01 1310917                    /lib/libz.so.1.2.3.3
7f1215b15000-7f1215bf0000 r-xp 00000000 08:01 1317189                    /lib/libglib-2.0.so.0.2400.1
7f1215bf0000-7f1215df0000 ---p 000db000 08:01 1317189                    /lib/libglib-2.0.so.0.2400.1
7f1215df0000-7f1215df1000 r-xp 000db000 08:01 1317189                    /lib/libglib-2.0.so.0.2400.1
7f1215df1000-7f1215df2000 rwxp 000dc000 08:01 1317189                    /lib/libglib-2.0.so.0.2400.1
7f1215df2000-7f1215df3000 rwxp 00000000 00:00 0 
7f1215df3000-7f1215df6000 r-xp 00000000 08:01 1048778                    /usr/lib/libgmodule-2.0.so.0.2400.1
7f1215df6000-7f1215ff5000 ---p 00003000 08:01 1048778                    /usr/lib/libgmodule-2.0.so.0.2400.1
7f1215ff5000-7f1215ff6000 r-xp 00002000 08:01 1048778                    /usr/lib/libgmodule-2.0.so.0.2400.1
7f1215ff6000-7f1215ff7000 rwxp 00003000 08:01 1048778                    /usr/lib/libgmodule-2.0.so.0.2400.1
7f1215ff7000-7f1216001000 r-xp 00000000 08:01 1051851                    /usr/lib/libenchant.so.1.6.0
7f1216001000-7f1216200000 ---p 0000a000 08:01 1051851                    /usr/lib/libenchant.so.1.6.0
7f1216200000-7f1216201000 r-xp 00009000 08:01 1051851                    /usr/lib/libenchant.so.1.6.0
7f1216201000-7f1216202000 rwxp 0000a000 08:01 1051851                    /usr/lib/libenchant.so.1.6.0
7f1216202000-7f1216206000 r-xp 00000000 08:01 1048782                    /usr/lib/libgthread-2.0.so.0.2400.1
7f1216206000-7f1216405000 ---p 00004000 08:01 1048782                    /usr/lib/libgthread-2.0.so.0.2400.1
7f1216405000-7f1216406000 r-xp 00003000 08:01 1048782                    /usr/lib/libgthread-2.0.so.0.2400.1
7f1216406000-7f1216407000 rwxp 00004000 08:01 1048782                    /usr/lib/libgthread-2.0.so.0.2400.1
7f1216407000-7f121644c000 r-xp 00000000 08:01 1048777                    /usr/lib/libgobject-2.0.so.0.2400.1
7f121644c000-7f121664c000 ---p 00045000 08:01 1048777                    /usr/lib/libgobject-2.0.so.0.2400.1
7f121664c000-7f121664d000 r-xp 00045000 08:01 1048777                    /usr/lib/libgobject-2.0.so.0.2400.1
7f121664d000-7f121664e000 rwxp 00046000 08:01 1048777                    /usr/lib/libgobject-2.0.so.0.2400.1
7f121664e000-7f121664f000 rwxp 00000000 00:00 0 
7f121664f000-7f1216682000 r-xp 00000000 08:01 1051877                    /usr/lib/libfontconfig.so.1.4.4
7f1216682000-7f1216882000 ---p 00033000 08:01 1051877                    /usr/lib/libfontconfig.so.1.4.4
7f1216882000-7f1216883000 r-xp 00033000 08:01 1051877                    /usr/lib/libfontconfig.so.1.4.4
7f1216883000-7f1216884000 rwxp 00034000 08:01 1051877                    /usr/lib/libfontconfig.so.1.4.4
7f1216884000-7f1216904000 r-xp 00000000 08:01 1049626                    /usr/lib/libfreetype.so.6.3.22
7f1216904000-7f1216b04000 ---p 00080000 08:01 1049626                    /usr/lib/libfreetype.so.6.3.22
7f1216b04000-7f1216b09000 r-xp 00080000 08:01 1049626                    /usr/lib/libfreetype.so.6.3.22
7f1216b09000-7f1216b0a000 rwxp 00085000 08:01 1049626                    /usr/lib/libfreetype.so.6.3.22
7f1216b0a000-7f1216b51000 r-xp 00000000 08:01 1052326                    /usr/lib/libpango-1.0.so.0.2800.0
7f1216b51000-7f1216d51000 ---p 00047000 08:01 1052326                    /usr/lib/libpango-1.0.so.0.2800.0
7f1216d51000-7f1216d53000 r-xp 00047000 08:01 1052326                    /usr/lib/libpango-1.0.so.0.2800.0
7f1216d53000-7f1216d54000 rwxp 00049000 08:01 1052326                    /usr/lib/libpango-1.0.so.0.2800.0
7f1216d54000-7f1216dd3000 r-xp 00000000 08:01 1051718                    /usr/lib/libcairo.so.2.10800.10
7f1216dd3000-7f1216fd3000 ---p 0007f000 08:01 1051718                    /usr/lib/libcairo.so.2.10800.10
7f1216fd3000-7f1216fd5000 r-xp 0007f000 08:01 1051718                    /usr/lib/libcairo.so.2.10800.10
7f1216fd5000-7f1216fd6000 rwxp 00081000 08:01 1051718                    /usr/lib/libcairo.so.2.10800.10
7f1216fd6000-7f1216fd7000 rwxp 00000000 00:00 0 
7f1216fd7000-7f1217086000 r-xp 00000000 08:01 1050771                    /usr/lib/libgio-2.0.so.0.2400.1
7f1217086000-7f1217285000 ---p 000af000 08:01 1050771                    /usr/lib/libgio-2.0.so.0.2400.1
7f1217285000-7f1217287000 r-xp 000ae000 08:01 1050771                    /usr/lib/libgio-2.0.so.0.2400.1
7f1217287000-7f1217289000 rwxp 000b0000 08:01 1050771                    /usr/lib/libgio-2.0.so.0.2400.1
7f1217289000-7f121728a000 rwxp 00000000 00:00 0 
7f121728a000-7f1217295000 r-xp 00000000 08:01 1052328                    /usr/lib/libpangocairo-1.0.so.0.2800.0
7f1217295000-7f1217495000 ---p 0000b000 08:01 1052328                    /usr/lib/libpangocairo-1.0.so.0.2800.0
7f1217495000-7f1217496000 r-xp 0000b000 08:01 1052328                    /usr/lib/libpangocairo-1.0.so.0.2800.0
7f1217496000-7f1217497000 rwxp 0000c000 08:01 1052328                    /usr/lib/libpangocairo-1.0.so.0.2800.0
7f1217497000-7f12174b2000 r-xp 00000000 08:01 1050838                    /usr/lib/libgdk_pixbuf-2.0.so.0.2000.1
7f12174b2000-7f12176b1000 ---p 0001b000 08:01 1050838                    /usr/lib/libgdk_pixbuf-2.0.so.0.2000.1
7f12176b1000-7f12176b2000 r-xp 0001a000 08:01 1050838                    /usr/lib/libgdk_pixbuf-2.0.so.0.2000.1
7f12176b2000-7f12176b3000 rwxp 0001b000 08:01 1050838                    /usr/lib/libgdk_pixbuf-2.0.so.0.2000.1
7f12176b3000-7f12176db000 r-xp 00000000 08:01 1052330                    /usr/lib/libpangoft2-1.0.so.0.2800.0
7f12176db000-7f12178db000 ---p 00028000 08:01 1052330                    /usr/lib/libpangoft2-1.0.so.0.2800.0
7f12178db000-7f12178dc000 r-xp 00028000 08:01 1052330                    /usr/lib/libpangoft2-1.0.so.0.2800.0
7f12178dc000-7f12178dd000 rwxp 00029000 08:01 1052330                    /usr/lib/libpangoft2-1.0.so.0.2800.0
7f12178dd000-7f1217cf2000 r-xp 00000000 08:01 1050836                    /usr/lib/libgtk-x11-2.0.so.0.2000.1
7f1217cf2000-7f1217ef2000 ---p 00415000 08:01 1050836                    /usr/lib/libgtk-x11-2.0.so.0.2000.1
7f1217ef2000-7f1217ef9000 r-xp 00415000 08:01 1050836                    /usr/lib/libgtk-x11-2.0.so.0.2000.1
7f1217ef9000-7f1217efd000 rwxp 0041c000 08:01 1050836                    /usr/lib/libgtk-x11-2.0.so.0.2000.1
7f1217efd000-7f1217eff000 rwxp 00000000 00:00 0 
7f1217eff000-7f1217f02000 ---p 00000000 00:00 0 
7f1217f02000-7f1218000000 rwxp 00000000 00:00 0 
7f1218000000-7f121c000000 rwxp 00000000 00:00 0 
7f121c0ab000-7f121c0bd000 r-xp 00000000 08:01 1209674                    /usr/share/fonts/type1/gsfonts/n019004l.pfb
7f121c0bd000-7f121c0ce000 r-xp 00000000 08:01 1209677                    /usr/share/fonts/type1/gsfonts/n019023l.pfb
7f121c0ce000-7f121c0e2000 r-xp 00000000 08:01 1209671                    /usr/share/fonts/type1/gsfonts/n019003l.pfb
7f121c0e2000-7f121c0e4000 r-xp 00000000 08:01 1342093                    /usr/share/locale-langpack/en_GB/LC_MESSAGES/glib20.mo
7f121c0e4000-7f121c0e5000 r-xp 00000000 08:01 1317036                    /usr/share/locale-langpack/en_GB/LC_MESSAGES/libc.mo
7f121c0e5000-7f121c103000 r-xp 00000000 08:01 1050776                    /usr/lib/libatk-1.0.so.0.3009.1
7f121c103000-7f121c303000 ---p 0001e000 08:01 1050776                    /usr/lib/libatk-1.0.so.0.3009.1
7f121c303000-7f121c305000 r-xp 0001e000 08:01 1050776                    /usr/lib/libatk-1.0.so.0.3009.1
7f121c305000-7f121c306000 rwxp 00020000 08:01 1050776                    /usr/lib/libatk-1.0.so.0.3009.1
7f121c306000-7f121c3ae000 r-xp 00000000 08:01 1050837                    /usr/lib/libgdk-x11-2.0.so.0.2000.1
7f121c3ae000-7f121c5ad000 ---p 000a8000 08:01 1050837                    /usr/lib/libgdk-x11-2.0.so.0.2000.1
7f121c5ad000-7f121c5b1000 r-xp 000a7000 08:01 1050837                    /usr/lib/libgdk-x11-2.0.so.0.2000.1
7f121c5b1000-7f121c5b3000 rwxp 000ab000 08:01 1050837                    /usr/lib/libgdk-x11-2.0.so.0.2000.1
7f121c5b3000-7f121c5bf000 r-xp 00000000 08:01 1052528                    /usr/lib/libunique-1.0.so.0.100.6
7f121c5bf000-7f121c7be000 ---p 0000c000 08:01 1052528                    /usr/lib/libunique-1.0.so.0.100.6
7f121c7be000-7f121c7bf000 r-xp 0000b000 08:01 1052528                    /usr/lib/libunique-1.0.so.0.100.6
7f121c7bf000-7f121c7c0000 rwxp 0000c000 08:01 1052528                    /usr/lib/libunique-1.0.so.0.100.6
7f121c7c0000-7f121c7c6000 r-xp 00000000 08:01 1052090                    /usr/lib/libgtkspell.so.0.0.0
7f121c7c6000-7f121c9c5000 ---p 00006000 08:01 1052090                    /usr/lib/libgtkspell.so.0.0.0
7f121c9c5000-7f121c9c6000 r-xp 00005000 08:01 1052090                    /usr/lib/libgtkspell.so.0.0.0
7f121c9c6000-7f121c9c7000 rwxp 00006000 08:01 1052090                    /usr/lib/libgtkspell.so.0.0.0
7f121c9c7000-7f121ca04000 r-xp 00000000 08:01 1310780                    /lib/libdbus-1.so.3.4.0
7f121ca04000-7f121cc04000 ---p 0003d000 08:01 1310780                    /lib/libdbus-1.so.3.4.0
7f121cc04000-7f121cc05000 r-xp 0003d000 08:01 1310780                    /lib/libdbus-1.so.3.4.0
7f121cc05000-7f121cc06000 rwxp 0003e000 08:01 1310780                    /lib/libdbus-1.so.3.4.0
7f121cc06000-7f121cc27000 r-xp 00000000 08:01 1051796                    /usr/lib/libdbus-glib-1.so.2.1.0
7f121cc27000-7f121ce26000 ---p 00021000 08:01 1051796                    /usr/lib/libdbus-glib-1.so.2.1.0
7f121ce26000-7f121ce27000 r-xp 00020000 08:01 1051796                    /usr/lib/libdbus-glib-1.so.2.1.0
7f121ce27000-7f121ce28000 rwxp 00021000 08:01 1051796                    /usr/lib/libdbus-glib-1.so.2.1.0
7f121ce28000-7f121ce30000 r-xp 00000000 08:01 1049197                    /usr/lib/libnotify.so.1.1.3
7f121ce30000-7f121d02f000 ---p 00008000 08:01 1049197                    /usr/lib/libnotify.so.1.1.3
7f121d02f000-7f121d030000 r-xp 00007000 08:01 1049197                    /usr/lib/libnotify.so.1.1.3
7f121d030000-7f121d031000 rwxp 00008000 08:01 1049197                    /usr/lib/libnotify.so.1.1.3
7f121d031000-7f121d097000 r-xp 00000000 08:01 1049146                    /usr/lib/libgtksourceview-2.0.so.0.0.0
7f121d097000-7f121d296000 ---p 00066000 08:01 1049146                    /usr/lib/libgtksourceview-2.0.so.0.0.0
7f121d296000-7f121d297000 r-xp 00065000 08:01 1049146                    /usr/lib/libgtksourceview-2.0.so.0.0.0
7f121d297000-7f121d29a000 rwxp 00066000 08:01 1049146                    /usr/lib/libgtksourceview-2.0.so.0.0.0
7f121d29a000-7f121d3e0000 r-xp 00000000 08:01 1052597                    /usr/lib/libxml2.so.2.7.6
7f121d3e0000-7f121d5df000 ---p 00146000 08:01 1052597                    /usr/lib/libxml2.so.2.7.6
7f121d5df000-7f121d5e7000 r-xp 00145000 08:01 1052597                    /usr/lib/libxml2.so.2.7.6
7f121d5e7000-7f121d5e9000 rwxp 0014d000 08:01 1052597                    /usr/lib/libxml2.so.2.7.6
7f121d5e9000-7f121d5ea000 rwxp 00000000 00:00 0 
7f121d5ea000-7f121d602000 r-xp 00000000 08:01 1051944                    /usr/lib/libglade-2.0.so.0.0.7
7f121d602000-7f121d801000 ---p 00018000 08:01 1051944                    /usr/lib/libglade-2.0.so.0.0.7
7f121d801000-7f121d802000 r-xp 00017000 08:01 1051944                    /usr/lib/libglade-2.0.so.0.0.7
7f121d802000-7f121d803000 rwxp 00018000 08:01 1051944                    /usr/lib/libglade-2.0.so.0.0.7
7f121d803000-7f121d807000 r-xp 00000000 08:01 1340363                    /usr/share/locale-langpack/en_GB/LC_MESSAGES/gtk20-properties.mo
7f121d807000-7f121d809000 r-xp 00000000 08:01 1344434                    /usr/share/locale-langpack/en_GB/LC_MESSAGES/gtk20.mo
7f121d809000-7f121d80a000 r-xp 00000000 08:01 1056557                    /usr/lib/locale/en_GB.utf8/LC_NUMERIC
7f121d80a000-7f121d80b000 r-xp 00000000 08:01 1056443                    /usr/lib/locale/en_GB.utf8/LC_TIME
7f121d80b000-7f121d80c000 r-xp 00000000 08:01 1055836                    /usr/lib/locale/en_GB.utf8/LC_MONETARY
7f121d80c000-7f121d80d000 r-xp 00000000 08:01 1056574                    /usr/lib/locale/en_GB.utf8/LC_MESSAGES/SYS_LC_MESSAGES
7f121d80d000-7f121d80e000 r-xp 00000000 08:01 1056558                    /usr/lib/locale/en_GB.utf8/LC_PAPER
7f121d80e000-7f121d80f000 r-xp 00000000 08:01 1056439                    /usr/lib/locale/en_GB.utf8/LC_NAME
7f121d80f000-7f121d810000 r-xp 00000000 08:01 1055837                    /usr/lib/locale/en_GB.utf8/LC_ADDRESS
7f121d810000-7f121d811000 r-xp 00000000 08:01 1055838                    /usr/lib/locale/en_GB.utf8/LC_TELEPHONE
7f121d811000-7f121d812000 r-xp 00000000 08:01 1056554                    /usr/lib/locale/en_GB.utf8/LC_MEASUREMENT
7f121d812000-7f121d914000 r-xp 00000000 08:01 1060299                    /usr/lib/jni/libgtkjni-4.0.14.so
7f121d914000-7f121db13000 ---p 00102000 08:01 1060299                    /usr/lib/jni/libgtkjni-4.0.14.so
7f121db13000-7f121db14000 r-xp 00101000 08:01 1060299                    /usr/lib/jni/libgtkjni-4.0.14.so
7f121db14000-7f121db1b000 rwxp 00102000 08:01 1060299                    /usr/lib/jni/libgtkjni-4.0.14.so
7f121db1b000-7f121db1e000 ---p 00000000 00:00 0 
7f121db1e000-7f121dc1c000 rwxp 00000000 00:00 0 
7f121dc1c000-7f121dc1f000 ---p 00000000 00:00 0 
7f121dc1f000-7f121dd1d000 rwxp 00000000 00:00 0 
7f121dd1d000-7f121dd20000 ---p 00000000 00:00 0 
7f121dd20000-7f121de1e000 rwxp 00000000 00:00 0 
7f121de1e000-7f121de21000 ---p 00000000 00:00 0 
7f121de21000-7f121df1f000 rwxp 00000000 00:00 0 
7f121df1f000-7f121df25000 r-xp 00000000 08:01 1062879                    /usr/lib/jvm/java-6-sun-1.6.0.22/jre/lib/amd64/libmanagement.so
7f121df25000-7f121e024000 ---p 00006000 08:01 1062879                    /usr/lib/jvm/java-6-sun-1.6.0.22/jre/lib/amd64/libmanagement.so
7f121e024000-7f121e026000 rwxp 00005000 08:01 1062879                    /usr/lib/jvm/java-6-sun-1.6.0.22/jre/lib/amd64/libmanagement.so
7f121e026000-7f121e039000 r-xp 00000000 08:01 1062844                    /usr/lib/jvm/java-6-sun-1.6.0.22/jre/lib/amd64/libnet.so
7f121e039000-7f121e13a000 ---p 00013000 08:01 1062844                    /usr/lib/jvm/java-6-sun-1.6.0.22/jre/lib/amd64/libnet.so
7f121e13a000-7f121e13d000 rwxp 00014000 08:01 1062844                    /usr/lib/jvm/java-6-sun-1.6.0.22/jre/lib/amd64/libnet.so
7f121e13d000-7f121e145000 r-xs 00115000 08:01 1062962                    /usr/lib/jvm/java-6-sun-1.6.0.22/jre/lib/resources.jar
7f121e145000-7f121e146000 r-xs 00006000 08:01 1715609                    /home/will/eclipse/plugins/org.hamcrest.core_1.1.0.v20090501071000.jar
7f121e146000-7f121e14c000 r-xs 00030000 08:01 2102055                    /home/will/eclipse/plugins/org.junit_4.8.1.v4_8_1_v20100427-1100/junit.jar
7f121e14c000-7f121e153000 r-xs 00080000 08:01 1716187                    /home/will/hdf-java/lib/netcdf.jar
7f121e153000-7f121e156000 r-xs 0001b000 08:01 1716184                    /home/will/hdf-java/lib/junit.jar
7f121e156000-7f121e15a000 r-xs 0004d000 08:01 1716186                    /home/will/hdf-java/lib/jhdfview.jar
7f121e15a000-7f121e15b000 r-xs 00004000 08:01 1716183                    /home/will/hdf-java/lib/jhdfobj.jar
7f121e15b000-7f121e15c000 r-xs 0000c000 08:01 1716181                    /home/will/hdf-java/lib/jhdf5obj.jar
7f121e15c000-7f121e15d000 r-xs 0000b000 08:01 1716182                    /home/will/hdf-java/lib/jhdf5.jar
7f121e15d000-7f121e15e000 r-xs 00008000 08:01 1716185                    /home/will/hdf-java/lib/jhdf4obj.jar
7f121e15e000-7f121e160000 r-xs 00008000 08:01 1716188                    /home/will/hdf-java/lib/jhdf.jar
7f121e160000-7f121e162000 r-xs 00018000 08:01 1716189                    /home/will/hdf-java/lib/fits.jar
7f121e162000-7f121e165000 r-xs 00013000 08:01 2104776                    /home/will/.ivy2/cache/commons-io/commons-io/jars/commons-io-1.3.2.jar
7f121e165000-7f121e166000 r-xs 00002000 08:01 1716415                    /home/will/.ivy2/cache/org.hibernatespatial/hibernate-spatial-postgis/jars/hibernate-spatial-postgis-1.0.jar
7f121e166000-7f121e168000 r-xs 00011000 08:01 1716413                    /home/will/.ivy2/cache/org.hibernatespatial/hibernate-spatial/jars/hibernate-spatial-1.0.jar
7f121e168000-7f121e17a000 r-xs 000c9000 08:01 2229721                    /home/will/.ivy2/cache/xerces/xercesImpl/jars/xercesImpl-2.4.0.jar
7f121e17a000-7f121e189000 r-xs 0009f000 08:01 2105311                    /home/will/.ivy2/cache/com.vividsolutions/jts/jars/jts-1.11.jar
7f121e189000-7f121e194000 r-xs 0008a000 08:01 2104870                    /home/will/.ivy2/cache/c3p0/c3p0/jars/c3p0-0.9.1.jar
7f121e194000-7f121e195000 r-xs 00001000 08:01 2104853                    /home/will/.ivy2/cache/org.hibernate/hibernate-c3p0/jars/hibernate-c3p0-3.3.2.GA.jar
7f121e195000-7f121e196000 r-xs 00003000 08:01 1975063                    /home/will/.ivy2/cache/javax.transaction/jta/jars/jta-1.1.jar
7f121e196000-7f121e19b000 r-xs 00016000 08:01 2104868                    /home/will/.ivy2/cache/xml-apis/xml-apis/jars/xml-apis-1.0.b2.jar
7f121e19b000-7f121e1a0000 r-xs 00048000 08:01 1975061                    /home/will/.ivy2/cache/dom4j/dom4j/jars/dom4j-1.6.1.jar
7f121e1a0000-7f121e1ad000 r-xs 0007c000 08:01 2104863                    /home/will/.ivy2/cache/commons-collections/commons-collections/jars/commons-collections-3.1.jar
7f121e1ad000-7f121e1b3000 r-xs 00067000 08:01 2104861                    /home/will/.ivy2/cache/antlr/antlr/jars/antlr-2.7.6.jar
7f121e1b3000-7f121e1d6000 r-xs 00211000 08:01 2104851                    /home/will/.ivy2/cache/org.hibernate/hibernate-core/jars/hibernate-core-3.3.2.GA.jar
7f121e1d6000-7f121e1df000 r-xs 00089000 08:01 2104849                    /home/will/.ivy2/cache/javassist/javassist/jars/javassist-3.8.0.GA.jar
7f121e1df000-7f121e1e4000 r-xs 0006f000 08:01 2104847                    /home/will/.ivy2/cache/postgresql/postgresql/jars/postgresql-8.3-603.jdbc4.jar
7f121e1e4000-7f121e1e6000 r-xs 00011000 08:01 2104841                    /home/will/.ivy2/cache/org.postgis/postgis-jdbc/jars/postgis-jdbc-1.3.3.jar
7f121e1e6000-7f121e20e000 r-xs 00135000 08:01 1181839                    /usr/share/java/gtk-4.0.jar
7f121e20e000-7f121e21d000 r-xs 000c6000 08:01 2228361                    /home/will/.ivy2/cache/org.freemarker/freemarker/jars/freemarker-2.3.14.jar
7f121e21d000-7f121e227000 r-xs 0006d000 08:01 2104859                    /home/will/.ivy2/cache/com.vividsolutions/jts/jars/jts-1.8.jar
7f121e227000-7f121e22e000 r-xs 00053000 08:01 2104872                    /home/will/.ivy2/cache/log4j/log4j/jars/log4j-1.2.14.jar
7f121e22e000-7f121e22f000 ---p 00000000 00:00 0 
7f121e22f000-7f121e32f000 rwxp 00000000 00:00 0 
7f121e32f000-7f121e332000 ---p 00000000 00:00 0 
7f121e332000-7f121e430000 rwxp 00000000 00:00 0 
7f121e430000-7f121e433000 ---p 00000000 00:00 0 
7f121e433000-7f121e531000 rwxp 00000000 00:00 0 
7f121e531000-7f121e534000 ---p 00000000 00:00 0 
7f121e534000-7f121e632000 rwxp 00000000 00:00 0 
7f121e632000-7f121e671000 r-xp 00000000 08:01 1056552                    /usr/lib/locale/en_GB.utf8/LC_CTYPE
7f121e671000-7f121e674000 ---p 00000000 00:00 0 
7f121e674000-7f121e772000 rwxp 00000000 00:00 0 
7f121e772000-7f121e775000 ---p 00000000 00:00 0 
7f121e775000-7f121e873000 rwxp 00000000 00:00 0 
7f121e873000-7f121e874000 ---p 00000000 00:00 0 
7f121e874000-7f121eeac000 rwxp 00000000 00:00 0 
7f121eeac000-7f121f044000 r-xs 03013000 08:01 1062965                    /usr/lib/jvm/java-6-sun-1.6.0.22/jre/lib/rt.jar
7f121f044000-7f121f06c000 rwxp 00000000 00:00 0 
7f121f06c000-7f121f06d000 ---p 00000000 00:00 0 
7f121f06d000-7f121f16d000 rwxp 00000000 00:00 0 
7f121f16d000-7f121f16e000 ---p 00000000 00:00 0 
7f121f16e000-7f121f26e000 rwxp 00000000 00:00 0 
7f121f26e000-7f121f26f000 ---p 00000000 00:00 0 
7f121f26f000-7f121f36f000 rwxp 00000000 00:00 0 
7f121f36f000-7f121f370000 ---p 00000000 00:00 0 
7f121f370000-7f121f486000 rwxp 00000000 00:00 0 
7f121f486000-7f121f489000 ---p 00000000 00:00 0 
7f121f489000-7f121f49a000 rwxp 00000000 00:00 0 
7f121f49a000-7f121f606000 rwxp 00000000 00:00 0 
7f121f606000-7f121f745000 ---p 00000000 00:00 0 
7f121f745000-7f121f75b000 rwxp 00000000 00:00 0 
7f121f75b000-7f121f75e000 ---p 00000000 00:00 0 
7f121f75e000-7f121f76f000 rwxp 00000000 00:00 0 
7f121f76f000-7f121f8db000 rwxp 00000000 00:00 0 
7f121f8db000-7f121fa19000 ---p 00000000 00:00 0 
7f121fa19000-7f121fb6f000 rwxp 00000000 00:00 0 
7f121fb6f000-7f1222710000 rwxp 00000000 00:00 0 
7f1222710000-7f1222bf0000 ---p 00000000 00:00 0 
7f1222bf0000-7f1224f70000 rwxp 00000000 00:00 0 
7f1224f70000-7f1252640000 rwxp 00000000 00:00 0 
7f1252640000-7f127a4d0000 ---p 00000000 00:00 0 
7f127a4d0000-7f12a4f70000 rwxp 00000000 00:00 0 
7f12a4f70000-7f12a51e0000 rwxp 00000000 00:00 0 
7f12a51e0000-7f12a7f70000 rwxp 00000000 00:00 0 
7f12a7f70000-7f12a7f7e000 r-xp 00000000 08:01 1062866                    /usr/lib/jvm/java-6-sun-1.6.0.22/jre/lib/amd64/libzip.so
7f12a7f7e000-7f12a8080000 ---p 0000e000 08:01 1062866                    /usr/lib/jvm/java-6-sun-1.6.0.22/jre/lib/amd64/libzip.so
7f12a8080000-7f12a8083000 rwxp 00010000 08:01 1062866                    /usr/lib/jvm/java-6-sun-1.6.0.22/jre/lib/amd64/libzip.so
7f12a8083000-7f12a8084000 rwxp 00000000 00:00 0 
7f12a8084000-7f12a8090000 r-xp 00000000 08:01 1339997                    /lib/libnss_files-2.11.1.so
7f12a8090000-7f12a828f000 ---p 0000c000 08:01 1339997                    /lib/libnss_files-2.11.1.so
7f12a828f000-7f12a8290000 r-xp 0000b000 08:01 1339997                    /lib/libnss_files-2.11.1.so
7f12a8290000-7f12a8291000 rwxp 0000c000 08:01 1339997                    /lib/libnss_files-2.11.1.so
7f12a8291000-7f12a829b000 r-xp 00000000 08:01 1339331                    /lib/libnss_nis-2.11.1.so
7f12a829b000-7f12a849a000 ---p 0000a000 08:01 1339331                    /lib/libnss_nis-2.11.1.so
7f12a849a000-7f12a849b000 r-xp 00009000 08:01 1339331                    /lib/libnss_nis-2.11.1.so
7f12a849b000-7f12a849c000 rwxp 0000a000 08:01 1339331                    /lib/libnss_nis-2.11.1.so
7f12a849c000-7f12a84a4000 r-xp 00000000 08:01 1339320                    /lib/libnss_compat-2.11.1.so
7f12a84a4000-7f12a86a3000 ---p 00008000 08:01 1339320                    /lib/libnss_compat-2.11.1.so
7f12a86a3000-7f12a86a4000 r-xp 00007000 08:01 1339320                    /lib/libnss_compat-2.11.1.so
7f12a86a4000-7f12a86a5000 rwxp 00008000 08:01 1339320                    /lib/libnss_compat-2.11.1.so
7f12a86a5000-7f12a86ac000 r-xp 00000000 08:01 1062878                    /usr/lib/jvm/java-6-sun-1.6.0.22/jre/lib/amd64/native_threads/libhpi.so
7f12a86ac000-7f12a87ad000 ---p 00007000 08:01 1062878                    /usr/lib/jvm/java-6-sun-1.6.0.22/jre/lib/amd64/native_threads/libhpi.so
7f12a87ad000-7f12a87af000 rwxp 00008000 08:01 1062878                    /usr/lib/jvm/java-6-sun-1.6.0.22/jre/lib/amd64/native_threads/libhpi.so
7f12a87af000-7f12a87b0000 rwxp 00000000 00:00 0 
7f12a87b0000-7f12a87c7000 r-xp 00000000 08:01 1314605                    /lib/libnsl-2.11.1.so
7f12a87c7000-7f12a89c6000 ---p 00017000 08:01 1314605                    /lib/libnsl-2.11.1.so
7f12a89c6000-7f12a89c7000 r-xp 00016000 08:01 1314605                    /lib/libnsl-2.11.1.so
7f12a89c7000-7f12a89c8000 rwxp 00017000 08:01 1314605                    /lib/libnsl-2.11.1.so
7f12a89c8000-7f12a89ca000 rwxp 00000000 00:00 0 
7f12a89ca000-7f12a89f2000 r-xp 00000000 08:01 1062865                    /usr/lib/jvm/java-6-sun-1.6.0.22/jre/lib/amd64/libjava.so
7f12a89f2000-7f12a8af2000 ---p 00028000 08:01 1062865                    /usr/lib/jvm/java-6-sun-1.6.0.22/jre/lib/amd64/libjava.so
7f12a8af2000-7f12a8af9000 rwxp 00028000 08:01 1062865                    /usr/lib/jvm/java-6-sun-1.6.0.22/jre/lib/amd64/libjava.so
7f12a8af9000-7f12a8b06000 r-xp 00000000 08:01 1062843                    /usr/lib/jvm/java-6-sun-1.6.0.22/jre/lib/amd64/libverify.so
7f12a8b06000-7f12a8c05000 ---p 0000d000 08:01 1062843                    /usr/lib/jvm/java-6-sun-1.6.0.22/jre/lib/amd64/libverify.so
7f12a8c05000-7f12a8c08000 rwxp 0000c000 08:01 1062843                    /usr/lib/jvm/java-6-sun-1.6.0.22/jre/lib/amd64/libverify.so
7f12a8c08000-7f12a8c0f000 r-xp 00000000 08:01 1339301                    /lib/librt-2.11.1.so
7f12a8c0f000-7f12a8e0e000 ---p 00007000 08:01 1339301                    /lib/librt-2.11.1.so
7f12a8e0e000-7f12a8e0f000 r-xp 00006000 08:01 1339301                    /lib/librt-2.11.1.so
7f12a8e0f000-7f12a8e10000 rwxp 00007000 08:01 1339301                    /lib/librt-2.11.1.so
7f12a8e10000-7f12a8e13000 ---p 00000000 00:00 0 
7f12a8e13000-7f12a8f11000 rwxp 00000000 00:00 0 
7f12a8f11000-7f12a8f93000 r-xp 00000000 08:01 1314604                    /lib/libm-2.11.1.so
7f12a8f93000-7f12a9192000 ---p 00082000 08:01 1314604                    /lib/libm-2.11.1.so
7f12a9192000-7f12a9193000 r-xp 00081000 08:01 1314604                    /lib/libm-2.11.1.so
7f12a9193000-7f12a9194000 rwxp 00082000 08:01 1314604                    /lib/libm-2.11.1.so
7f12a9194000-7f12a996e000 r-xp 00000000 08:01 1062869                    /usr/lib/jvm/java-6-sun-1.6.0.22/jre/lib/amd64/server/libjvm.so
7f12a996e000-7f12a9a70000 ---p 007da000 08:01 1062869                    /usr/lib/jvm/java-6-sun-1.6.0.22/jre/lib/amd64/server/libjvm.so
7f12a9a70000-7f12a9c01000 rwxp 007dc000 08:01 1062869                    /usr/lib/jvm/java-6-sun-1.6.0.22/jre/lib/amd64/server/libjvm.so
7f12a9c01000-7f12a9c3c000 rwxp 00000000 00:00 0 
7f12a9c3c000-7f12a9db6000 r-xp 00000000 08:01 1339993                    /lib/libc-2.11.1.so
7f12a9db6000-7f12a9fb5000 ---p 0017a000 08:01 1339993                    /lib/libc-2.11.1.so
7f12a9fb5000-7f12a9fb9000 r-xp 00179000 08:01 1339993                    /lib/libc-2.11.1.so
7f12a9fb9000-7f12a9fba000 rwxp 0017d000 08:01 1339993                    /lib/libc-2.11.1.so
7f12a9fba000-7f12a9fbf000 rwxp 00000000 00:00 0 
7f12a9fbf000-7f12a9fc1000 r-xp 00000000 08:01 1339998                    /lib/libdl-2.11.1.so
7f12a9fc1000-7f12aa1c1000 ---p 00002000 08:01 1339998                    /lib/libdl-2.11.1.so
7f12aa1c1000-7f12aa1c2000 r-xp 00002000 08:01 1339998                    /lib/libdl-2.11.1.so
7f12aa1c2000-7f12aa1c3000 rwxp 00003000 08:01 1339998                    /lib/libdl-2.11.1.so
7f12aa1c3000-7f12aa1db000 r-xp 00000000 08:01 1339979                    /lib/libpthread-2.11.1.so
7f12aa1db000-7f12aa3da000 ---p 00018000 08:01 1339979                    /lib/libpthread-2.11.1.so
7f12aa3da000-7f12aa3db000 r-xp 00017000 08:01 1339979                    /lib/libpthread-2.11.1.so
7f12aa3db000-7f12aa3dc000 rwxp 00018000 08:01 1339979                    /lib/libpthread-2.11.1.so
7f12aa3dc000-7f12aa3e0000 rwxp 00000000 00:00 0 
7f12aa3e0000-7f12aa400000 r-xp 00000000 08:01 1339277                    /lib/ld-2.11.1.so
7f12aa400000-7f12aa401000 r-xp 00000000 08:01 1055839                    /usr/lib/locale/en_GB.utf8/LC_IDENTIFICATION
7f12aa401000-7f12aa402000 r-xs 00005000 08:01 2104865                    /home/will/.ivy2/cache/org.slf4j/slf4j-api/jars/slf4j-api-1.5.8.jar
7f12aa402000-7f12aa403000 r-xs 00002000 08:01 2104855                    /home/will/.ivy2/cache/org.slf4j/slf4j-log4j12/jars/slf4j-log4j12-1.5.8.jar
7f12aa403000-7f12aa405000 r-xs 0000a000 08:01 1066155                    /usr/lib/jvm/java-6-sun-1.6.0.22/jre/lib/ext/mlibwrapper_jai.jar
7f12aa405000-7f12aa419000 r-xs 001bd000 08:01 1066153                    /usr/lib/jvm/java-6-sun-1.6.0.22/jre/lib/ext/jai_core.jar
7f12aa419000-7f12aa420000 r-xs 00000000 08:01 1063925                    /usr/lib/gconv/gconv-modules.cache
7f12aa420000-7f12aa42a000 rwxp 00000000 00:00 0 
7f12aa42a000-7f12aa4e0000 rwxp 00000000 00:00 0 
7f12aa4e0000-7f12aa4e3000 rwxp 00000000 00:00 0 
7f12aa4e3000-7f12aa4ea000 r-xp 00000000 08:01 1062840                    /usr/lib/jvm/java-6-sun-1.6.0.22/jre/lib/amd64/jli/libjli.so
7f12aa4ea000-7f12aa5eb000 ---p 00007000 08:01 1062840                    /usr/lib/jvm/java-6-sun-1.6.0.22/jre/lib/amd64/jli/libjli.so
7f12aa5eb000-7f12aa5ed000 rwxp 00008000 08:01 1062840                    /usr/lib/jvm/java-6-sun-1.6.0.22/jre/lib/amd64/jli/libjli.so
7f12aa5ed000-7f12aa5ee000 rwxp 00000000 00:00 0 
7f12aa5ee000-7f12aa5ef000 r-xs 00003000 08:01 2104770                    /home/will/.ivy2/cache/net.sf.opencsv/opencsv/jars/opencsv-2.0.1.jar
7f12aa5ef000-7f12aa5f3000 r-xs 0003c000 08:01 1066154                    /usr/lib/jvm/java-6-sun-1.6.0.22/jre/lib/ext/jai_codec.jar
7f12aa5f3000-7f12aa5fb000 rwxs 00000000 08:01 1718296                    /tmp/hsperfdata_will/2634
7f12aa5fb000-7f12aa5fc000 rwxp 00000000 00:00 0 
7f12aa5fc000-7f12aa5fd000 r-xp 00000000 00:00 0 
7f12aa5fd000-7f12aa5ff000 rwxp 00000000 00:00 0 
7f12aa5ff000-7f12aa600000 r-xp 0001f000 08:01 1339277                    /lib/ld-2.11.1.so
7f12aa600000-7f12aa601000 rwxp 00020000 08:01 1339277                    /lib/ld-2.11.1.so
7f12aa601000-7f12aa602000 rwxp 00000000 00:00 0 
7fff5ad21000-7fff5ad36000 rwxp 00000000 00:00 0                          [stack]
7fff5adff000-7fff5ae00000 r-xp 00000000 00:00 0                          [vdso]
ffffffffff600000-ffffffffff601000 r-xp 00000000 00:00 0                  [vsyscall]

VM Arguments:
jvm_args: -Xmx2048M -Djava.library.path=/home/will/hdf-java/lib/linux:/home/will/hdf-java/lib/linux -Dfile.encoding=UTF-8 
java_command: uk.ac.ox.map.carto.CountryLevelMaps
Launcher Type: SUN_STANDARD

Environment Variables:
PATH=/usr/local/sbin:/usr/local/bin:/usr/sbin:/usr/bin:/sbin:/bin:/usr/games
USERNAME=will
LD_LIBRARY_PATH=/usr/lib/jvm/java-6-sun-1.6.0.22/jre/lib/amd64/server:/usr/lib/jvm/java-6-sun-1.6.0.22/jre/lib/amd64:/usr/lib/jvm/java-6-sun-1.6.0.22/jre/../lib/amd64:/usr/lib64/xulrunner-addons
SHELL=/bin/bash
DISPLAY=:0.0

Signal Handlers:
SIGSEGV: [libjvm.so+0x731250], sa_mask[0]=0x7ffbfeff, sa_flags=0x10000004
SIGBUS: [libjvm.so+0x731250], sa_mask[0]=0x7ffbfeff, sa_flags=0x10000004
SIGFPE: [libjvm.so+0x5f5e30], sa_mask[0]=0x7ffbfeff, sa_flags=0x10000004
SIGPIPE: SIG_IGN, sa_mask[0]=0x00001000, sa_flags=0x10000000
SIGXFSZ: [libjvm.so+0x5f5e30], sa_mask[0]=0x7ffbfeff, sa_flags=0x10000004
SIGILL: [libjvm.so+0x5f5e30], sa_mask[0]=0x7ffbfeff, sa_flags=0x10000004
SIGUSR1: SIG_DFL, sa_mask[0]=0x00000000, sa_flags=0x00000000
SIGUSR2: [libjvm.so+0x5f8650], sa_mask[0]=0x00000004, sa_flags=0x10000004
SIGHUP: [libjvm.so+0x5f83a0], sa_mask[0]=0x7ffbfeff, sa_flags=0x10000004
SIGINT: [libjvm.so+0x5f83a0], sa_mask[0]=0x7ffbfeff, sa_flags=0x10000004
SIGTERM: [libjvm.so+0x5f83a0], sa_mask[0]=0x7ffbfeff, sa_flags=0x10000004
SIGQUIT: [libjvm.so+0x5f83a0], sa_mask[0]=0x7ffbfeff, sa_flags=0x10000004


---------------  S Y S T E M  ---------------

OS:squeeze/sid

uname:Linux 2.6.32-25-generic #45-Ubuntu SMP Sat Oct 16 19:52:42 UTC 2010 x86_64
libc:glibc 2.11.1 NPTL 2.11.1 
rlimit: STACK 8192k, CORE 0k, NPROC infinity, NOFILE 1024, AS infinity
load average:1.10 1.10 0.82

CPU:total 4 (4 cores per cpu, 1 threads per core) family 6 model 44 stepping 2, cmov, cx8, fxsr, mmx, sse, sse2, sse3, ssse3

Memory: 4k page, physical 6126596k(349200k free), swap 1764344k(1740308k free)

vm_info: Java HotSpot(TM) 64-Bit Server VM (17.1-b03) for linux-amd64 JRE (1.6.0_22-b04), built on Sep 15 2010 01:07:59 by "java_re" with gcc 3.2.2 (SuSE Linux)

time: Tue Oct 26 16:48:35 2010
elapsed time: 524 seconds

