#
# A fatal error has been detected by the Java Runtime Environment:
#
#  SIGSEGV (0xb) at pc=0x00007f7bda9973f6, pid=20882, tid=140171209722128
#
# JRE version: 6.0_15-b03
# Java VM: Java HotSpot(TM) 64-Bit Server VM (14.1-b02 mixed mode linux-amd64 )
# Problematic frame:
# C  [libgdk_pixbuf-2.0.so.0+0x73f6]  gdk_pixbuf_new_from_data+0x166
#
# If you would like to submit a bug report, please visit:
#   http://java.sun.com/webapps/bugreport/crash.jsp
# The crash happened outside the Java Virtual Machine in native code.
# See problematic frame for where to report the bug.
#

---------------  T H R E A D  ---------------

Current thread (0x0000000041d99800):  JavaThread "main" [_thread_in_native, id=20887, stack(0x00007f7c2719c000,0x00007f7c2729d000)]

siginfo:si_signo=SIGSEGV: si_errno=0, si_code=1 (SEGV_MAPERR), si_addr=0x0000000000000038

Registers:
RAX=0x0000000000000000, RBX=0x00007f7bd5a82010, RCX=0x00007f7c2729c910, RDX=0x00007f7bda995180
RSP=0x00007f7c2728a690, RBP=0x0000000000000004, RSI=0x0000000000000000, RDI=0x0000000000000004
R8 =0x00007f7bdc16f400, R9 =0x0000000000000001, R10=0x0000000000000001, R11=0x0000000000000ffc
R12=0x0000000000000004, R13=0x0000000000000280, R14=0x000000000000006a, R15=0x0000000041d99800
RIP=0x00007f7bda9973f6, EFL=0x0000000000010246, CSGSFS=0x0000000000000033, ERR=0x0000000000000006
  TRAPNO=0x000000000000000e

Top of Stack: (sp=0x00007f7c2728a690)
0x00007f7c2728a690:   0000000000000008 00007f7bda9a53fd
0x00007f7c2728a6a0:   0000000000000001 00007f7bda9a544b
0x00007f7c2728a6b0:   00007f7c00000280 00007f7bda9a5458
0x00007f7c2728a6c0:   000000000000006a 00007f7bda9a5469
0x00007f7c2728a6d0:   0000000000000a00 00007f7bda9a547a
0x00007f7c2728a6e0:   00007f7bd5a82010 0000000000000000
0x00007f7c2728a6f0:   0000000000000a00 0000000000000a00
0x00007f7c2728a700:   00007f7c2729b8f0 0000000000000000
0x00007f7c2728a710:   00007f7bdc170920 00007f7bda99516c
0x00007f7c2728a720:   00007f7b00000a00 00007f7bda995180
0x00007f7c2728a730:   0000000000000000 0000000000000280
0x00007f7c2728a740:   0000000000000008 000000000000006a
0x00007f7c2728a750:   0000000000000280 0000000000000004
0x00007f7c2728a760:   00007f7c2728a738 00007f7bdc153df0
0x00007f7c2728a770:   00007f7bdc170920 00007f7bd5ac8335
0x00007f7c2728a780:   00007f7bd5ac6df0 0000000000000000
0x00007f7c2728a790:   0000000000000000 0000000000000000
0x00007f7c2728a7a0:   00007f7c2729b8f0 00007f7bdc153df0
0x00007f7c2728a7b0:   0000000000000000 0000000000000000
0x00007f7c2728a7c0:   0000000000000000 000000000000006a
0x00007f7c2728a7d0:   0000000000000280 0000000000000000
0x00007f7c2728a7e0:   00007f7bdc16d340 00007f7bdc1688d0
0x00007f7c2728a7f0:   0000000000000000 0000000600000000
0x00007f7c2728a800:   0000000000000000 00007f7bdc153df0
0x00007f7c2728a810:   00007f7bdc170920 00007f7c2729b8f0
0x00007f7c2728a820:   0000000000000000 00007f7bda998cf3
0x00007f7c2728a830:   0000000000000000 0000000000000000
0x00007f7c2728a840:   0000000000000000 0000000000000000
0x00007f7c2728a850:   0000000000000000 0000000000000000
0x00007f7c2728a860:   0000000000000000 0000000000000000
0x00007f7c2728a870:   0000000000000000 0000000000000000
0x00007f7c2728a880:   0000000000000000 0000000000000000 

Instructions: (pc=0x00007f7bda9973f6)
0x00007f7bda9973e6:   08 31 d2 e8 aa d5 ff ff 48 8b 94 24 98 00 00 00
0x00007f7bda9973f6:   48 89 50 38 48 8b 94 24 a0 00 00 00 48 89 50 40 

Stack: [0x00007f7c2719c000,0x00007f7c2729d000],  sp=0x00007f7c2728a690,  free space=953k
Native frames: (J=compiled Java code, j=interpreted, Vv=VM code, C=native code)
C  [libgdk_pixbuf-2.0.so.0+0x73f6]  gdk_pixbuf_new_from_data+0x166

Java frames: (J=compiled Java code, j=interpreted, Vv=VM code)
j  org.gnome.gdk.GdkPixbuf.gdk_pixbuf_new_from_file(Ljava/lang/String;)J+0
j  org.gnome.gdk.GdkPixbuf.createPixbufFromFile(Ljava/lang/String;)J+21
j  org.gnome.gdk.Pixbuf.checkPixbufFromFile(Ljava/lang/String;)J+44
j  org.gnome.gdk.Pixbuf.<init>(Ljava/lang/String;)V+2
j  uk.ac.ox.map.carto.canvas.CairoTest.main([Ljava/lang/String;)V+24
v  ~StubRoutines::call_stub

---------------  P R O C E S S  ---------------

Java Threads: ( => current thread )
  0x0000000041e27000 JavaThread "Low Memory Detector" daemon [_thread_blocked, id=20896, stack(0x00007f7be12da000,0x00007f7be13db000)]
  0x0000000041e23000 JavaThread "CompilerThread1" daemon [_thread_blocked, id=20895, stack(0x00007f7be13db000,0x00007f7be14dc000)]
  0x0000000041e20000 JavaThread "CompilerThread0" daemon [_thread_blocked, id=20894, stack(0x00007f7be14dc000,0x00007f7be15dd000)]
  0x0000000041e1e000 JavaThread "Signal Dispatcher" daemon [_thread_blocked, id=20893, stack(0x00007f7be15dd000,0x00007f7be16de000)]
  0x0000000041e00000 JavaThread "Finalizer" daemon [_thread_blocked, id=20892, stack(0x00007f7bdbeff000,0x00007f7bdc000000)]
  0x0000000041df8800 JavaThread "Reference Handler" daemon [_thread_blocked, id=20891, stack(0x00007f7be1724000,0x00007f7be1825000)]
=>0x0000000041d99800 JavaThread "main" [_thread_in_native, id=20887, stack(0x00007f7c2719c000,0x00007f7c2729d000)]

Other Threads:
  0x0000000041df1800 VMThread [stack: 0x00007f7be1825000,0x00007f7be1926000] [id=20890]
  0x0000000041e29800 WatcherThread [stack: 0x00007f7be11d9000,0x00007f7be12da000] [id=20897]

VM state:not at safepoint (normal execution)

VM Mutex/Monitor currently owned by a thread: None

Heap
 PSYoungGen      total 17920K, used 2168K [0x00007f7c0f3a0000, 0x00007f7c10790000, 0x00007f7c232f0000)
  eden space 15424K, 14% used [0x00007f7c0f3a0000,0x00007f7c0f5be1a8,0x00007f7c102b0000)
  from space 2496K, 0% used [0x00007f7c10520000,0x00007f7c10520000,0x00007f7c10790000)
  to   space 2496K, 0% used [0x00007f7c102b0000,0x00007f7c102b0000,0x00007f7c10520000)
 PSOldGen        total 40832K, used 0K [0x00007f7be74f0000, 0x00007f7be9cd0000, 0x00007f7c0f3a0000)
  object space 40832K, 0% used [0x00007f7be74f0000,0x00007f7be74f0000,0x00007f7be9cd0000)
 PSPermGen       total 21248K, used 3086K [0x00007f7be20f0000, 0x00007f7be35b0000, 0x00007f7be74f0000)
  object space 21248K, 14% used [0x00007f7be20f0000,0x00007f7be23f3838,0x00007f7be35b0000)

Dynamic libraries:
40000000-40009000 r-xp 00000000 08:02 10982                              /usr/lib/jvm/java-6-sun-1.6.0.15/jre/bin/java
40108000-4010a000 rwxp 00008000 08:02 10982                              /usr/lib/jvm/java-6-sun-1.6.0.15/jre/bin/java
41d90000-42133000 rwxp 00000000 00:00 0                                  [heap]
7f7bd5a82000-7f7bd5ac5000 rwxp 00000000 00:00 0 
7f7bd5ac5000-7f7bd5ac9000 r-xp 00000000 08:02 278756                     /usr/lib/gtk-2.0/2.10.0/loaders/libpixbufloader-png.so
7f7bd5ac9000-7f7bd5cc9000 ---p 00004000 08:02 278756                     /usr/lib/gtk-2.0/2.10.0/loaders/libpixbufloader-png.so
7f7bd5cc9000-7f7bd5cca000 r-xp 00004000 08:02 278756                     /usr/lib/gtk-2.0/2.10.0/loaders/libpixbufloader-png.so
7f7bd5cca000-7f7bd5ccb000 rwxp 00005000 08:02 278756                     /usr/lib/gtk-2.0/2.10.0/loaders/libpixbufloader-png.so
7f7bd5ccb000-7f7bd5cd0000 r-xp 00000000 08:02 3956                       /usr/lib/libXdmcp.so.6.0.0
7f7bd5cd0000-7f7bd5ecf000 ---p 00005000 08:02 3956                       /usr/lib/libXdmcp.so.6.0.0
7f7bd5ecf000-7f7bd5ed0000 rwxp 00004000 08:02 3956                       /usr/lib/libXdmcp.so.6.0.0
7f7bd5ed0000-7f7bd5ed2000 r-xp 00000000 08:02 3945                       /usr/lib/libXau.so.6.0.0
7f7bd5ed2000-7f7bd60d1000 ---p 00002000 08:02 3945                       /usr/lib/libXau.so.6.0.0
7f7bd60d1000-7f7bd60d2000 r-xp 00001000 08:02 3945                       /usr/lib/libXau.so.6.0.0
7f7bd60d2000-7f7bd60d3000 rwxp 00002000 08:02 3945                       /usr/lib/libXau.so.6.0.0
7f7bd60d3000-7f7bd60f9000 r-xp 00000000 08:02 4571                       /lib/libexpat.so.1.5.2
7f7bd60f9000-7f7bd62f9000 ---p 00026000 08:02 4571                       /lib/libexpat.so.1.5.2
7f7bd62f9000-7f7bd62fb000 r-xp 00026000 08:02 4571                       /lib/libexpat.so.1.5.2
7f7bd62fb000-7f7bd62fc000 rwxp 00028000 08:02 4571                       /lib/libexpat.so.1.5.2
7f7bd62fc000-7f7bd6317000 r-xp 00000000 08:02 4976                       /usr/lib/libxcb.so.1.1.0
7f7bd6317000-7f7bd6516000 ---p 0001b000 08:02 4976                       /usr/lib/libxcb.so.1.1.0
7f7bd6516000-7f7bd6517000 r-xp 0001a000 08:02 4976                       /usr/lib/libxcb.so.1.1.0
7f7bd6517000-7f7bd6518000 rwxp 0001b000 08:02 4976                       /usr/lib/libxcb.so.1.1.0
7f7bd6518000-7f7bd651f000 r-xp 00000000 08:02 4974                       /usr/lib/libxcb-render.so.0.0.0
7f7bd651f000-7f7bd671f000 ---p 00007000 08:02 4974                       /usr/lib/libxcb-render.so.0.0.0
7f7bd671f000-7f7bd6720000 r-xp 00007000 08:02 4974                       /usr/lib/libxcb-render.so.0.0.0
7f7bd6720000-7f7bd6721000 rwxp 00008000 08:02 4974                       /usr/lib/libxcb-render.so.0.0.0
7f7bd6721000-7f7bd6724000 r-xp 00000000 08:02 4972                       /usr/lib/libxcb-render-util.so.0.0.0
7f7bd6724000-7f7bd6923000 ---p 00003000 08:02 4972                       /usr/lib/libxcb-render-util.so.0.0.0
7f7bd6923000-7f7bd6924000 r-xp 00002000 08:02 4972                       /usr/lib/libxcb-render-util.so.0.0.0
7f7bd6924000-7f7bd6925000 rwxp 00003000 08:02 4972                       /usr/lib/libxcb-render-util.so.0.0.0
7f7bd6925000-7f7bd694a000 r-xp 00000000 08:02 4748                       /usr/lib/libpng12.so.0.37.0
7f7bd694a000-7f7bd6b4a000 ---p 00025000 08:02 4748                       /usr/lib/libpng12.so.0.37.0
7f7bd6b4a000-7f7bd6b4b000 r-xp 00025000 08:02 4748                       /usr/lib/libpng12.so.0.37.0
7f7bd6b4b000-7f7bd6b4c000 rwxp 00026000 08:02 4748                       /usr/lib/libpng12.so.0.37.0
7f7bd6b4c000-7f7bd6b65000 r-xp 00000000 08:02 4168                       /usr/lib/libdirect-1.2.so.0.7.0
7f7bd6b65000-7f7bd6d64000 ---p 00019000 08:02 4168                       /usr/lib/libdirect-1.2.so.0.7.0
7f7bd6d64000-7f7bd6d65000 r-xp 00018000 08:02 4168                       /usr/lib/libdirect-1.2.so.0.7.0
7f7bd6d65000-7f7bd6d66000 rwxp 00019000 08:02 4168                       /usr/lib/libdirect-1.2.so.0.7.0
7f7bd6d66000-7f7bd6d67000 rwxp 00000000 00:00 0 
7f7bd6d67000-7f7bd6d70000 r-xp 00000000 08:02 4255                       /usr/lib/libfusion-1.2.so.0.7.0
7f7bd6d70000-7f7bd6f6f000 ---p 00009000 08:02 4255                       /usr/lib/libfusion-1.2.so.0.7.0
7f7bd6f6f000-7f7bd6f70000 r-xp 00008000 08:02 4255                       /usr/lib/libfusion-1.2.so.0.7.0
7f7bd6f70000-7f7bd6f71000 rwxp 00009000 08:02 4255                       /usr/lib/libfusion-1.2.so.0.7.0
7f7bd6f71000-7f7bd6ff8000 r-xp 00000000 08:02 4170                       /usr/lib/libdirectfb-1.2.so.0.7.0
7f7bd6ff8000-7f7bd71f7000 ---p 00087000 08:02 4170                       /usr/lib/libdirectfb-1.2.so.0.7.0
7f7bd71f7000-7f7bd71f9000 r-xp 00086000 08:02 4170                       /usr/lib/libdirectfb-1.2.so.0.7.0
7f7bd71f9000-7f7bd71fb000 rwxp 00088000 08:02 4170                       /usr/lib/libdirectfb-1.2.so.0.7.0
7f7bd71fb000-7f7bd71fc000 rwxp 00000000 00:00 0 
7f7bd71fc000-7f7bd723f000 r-xp 00000000 08:02 4742                       /usr/lib/libpixman-1.so.0.14.0
7f7bd723f000-7f7bd743e000 ---p 00043000 08:02 4742                       /usr/lib/libpixman-1.so.0.14.0
7f7bd743e000-7f7bd7440000 r-xp 00042000 08:02 4742                       /usr/lib/libpixman-1.so.0.14.0
7f7bd7440000-7f7bd7441000 rwxp 00044000 08:02 4742                       /usr/lib/libpixman-1.so.0.14.0
7f7bd7441000-7f7bd745d000 r-xp 00000000 08:02 706                        /lib/libselinux.so.1
7f7bd745d000-7f7bd765c000 ---p 0001c000 08:02 706                        /lib/libselinux.so.1
7f7bd765c000-7f7bd765d000 r-xp 0001b000 08:02 706                        /lib/libselinux.so.1
7f7bd765d000-7f7bd765e000 rwxp 0001c000 08:02 706                        /lib/libselinux.so.1
7f7bd765e000-7f7bd765f000 rwxp 00000000 00:00 0 
7f7bd765f000-7f7bd7675000 r-xp 00000000 08:02 3508                       /lib/libresolv-2.10.1.so
7f7bd7675000-7f7bd7874000 ---p 00016000 08:02 3508                       /lib/libresolv-2.10.1.so
7f7bd7874000-7f7bd7875000 r-xp 00015000 08:02 3508                       /lib/libresolv-2.10.1.so
7f7bd7875000-7f7bd7876000 rwxp 00016000 08:02 3508                       /lib/libresolv-2.10.1.so
7f7bd7876000-7f7bd7878000 rwxp 00000000 00:00 0 
7f7bd7878000-7f7bd7881000 r-xp 00000000 08:02 3952                       /usr/lib/libXcursor.so.1.0.2
7f7bd7881000-7f7bd7a80000 ---p 00009000 08:02 3952                       /usr/lib/libXcursor.so.1.0.2
7f7bd7a80000-7f7bd7a81000 r-xp 00008000 08:02 3952                       /usr/lib/libXcursor.so.1.0.2
7f7bd7a81000-7f7bd7a82000 rwxp 00009000 08:02 3952                       /usr/lib/libXcursor.so.1.0.2
7f7bd7a82000-7f7bd7a8a000 r-xp 00000000 08:02 3978                       /usr/lib/libXrandr.so.2.2.0
7f7bd7a8a000-7f7bd7c89000 ---p 00008000 08:02 3978                       /usr/lib/libXrandr.so.2.2.0
7f7bd7c89000-7f7bd7c8a000 r-xp 00007000 08:02 3978                       /usr/lib/libXrandr.so.2.2.0
7f7bd7c8a000-7f7bd7c8b000 rwxp 00008000 08:02 3978                       /usr/lib/libXrandr.so.2.2.0
7f7bd7c8b000-7f7bd7c94000 r-xp 00000000 08:02 3966                       /usr/lib/libXi.so.6.0.0
7f7bd7c94000-7f7bd7e94000 ---p 00009000 08:02 3966                       /usr/lib/libXi.so.6.0.0
7f7bd7e94000-7f7bd7e95000 r-xp 00009000 08:02 3966                       /usr/lib/libXi.so.6.0.0
7f7bd7e95000-7f7bd7e96000 rwxp 0000a000 08:02 3966                       /usr/lib/libXi.so.6.0.0
7f7bd7e96000-7f7bd7e98000 r-xp 00000000 08:02 3968                       /usr/lib/libXinerama.so.1.0.0
7f7bd7e98000-7f7bd8097000 ---p 00002000 08:02 3968                       /usr/lib/libXinerama.so.1.0.0
7f7bd8097000-7f7bd8098000 rwxp 00001000 08:02 3968                       /usr/lib/libXinerama.so.1.0.0
7f7bd8098000-7f7bd80a1000 r-xp 00000000 08:02 3980                       /usr/lib/libXrender.so.1.3.0
7f7bd80a1000-7f7bd82a0000 ---p 00009000 08:02 3980                       /usr/lib/libXrender.so.1.3.0
7f7bd82a0000-7f7bd82a1000 r-xp 00008000 08:02 3980                       /usr/lib/libXrender.so.1.3.0
7f7bd82a1000-7f7bd82a2000 rwxp 00009000 08:02 3980                       /usr/lib/libXrender.so.1.3.0
7f7bd82a2000-7f7bd82b3000 r-xp 00000000 08:02 3958                       /usr/lib/libXext.so.6.4.0
7f7bd82b3000-7f7bd84b2000 ---p 00011000 08:02 3958                       /usr/lib/libXext.so.6.4.0
7f7bd84b2000-7f7bd84b3000 r-xp 00010000 08:02 3958                       /usr/lib/libXext.so.6.4.0
7f7bd84b3000-7f7bd84b4000 rwxp 00011000 08:02 3958                       /usr/lib/libXext.so.6.4.0
7f7bd84b4000-7f7bd84b9000 r-xp 00000000 08:02 3960                       /usr/lib/libXfixes.so.3.1.0
7f7bd84b9000-7f7bd86b8000 ---p 00005000 08:02 3960                       /usr/lib/libXfixes.so.3.1.0
7f7bd86b8000-7f7bd86b9000 r-xp 00004000 08:02 3960                       /usr/lib/libXfixes.so.3.1.0
7f7bd86b9000-7f7bd86ba000 rwxp 00005000 08:02 3960                       /usr/lib/libXfixes.so.3.1.0
7f7bd86ba000-7f7bd86bc000 r-xp 00000000 08:02 3954                       /usr/lib/libXdamage.so.1.1.0
7f7bd86bc000-7f7bd88bb000 ---p 00002000 08:02 3954                       /usr/lib/libXdamage.so.1.1.0
7f7bd88bb000-7f7bd88bc000 rwxp 00001000 08:02 3954                       /usr/lib/libXdamage.so.1.1.0
7f7bd88bc000-7f7bd88be000 r-xp 00000000 08:02 3950                       /usr/lib/libXcomposite.so.1.0.0
7f7bd88be000-7f7bd8abd000 ---p 00002000 08:02 3950                       /usr/lib/libXcomposite.so.1.0.0
7f7bd8abd000-7f7bd8abe000 r-xp 00001000 08:02 3950                       /usr/lib/libXcomposite.so.1.0.0
7f7bd8abe000-7f7bd8abf000 rwxp 00002000 08:02 3950                       /usr/lib/libXcomposite.so.1.0.0
7f7bd8abf000-7f7bd8bf0000 r-xp 00000000 08:02 3939                       /usr/lib/libX11.so.6.2.0
7f7bd8bf0000-7f7bd8df0000 ---p 00131000 08:02 3939                       /usr/lib/libX11.so.6.2.0
7f7bd8df0000-7f7bd8df1000 r-xp 00131000 08:02 3939                       /usr/lib/libX11.so.6.2.0
7f7bd8df1000-7f7bd8df5000 rwxp 00132000 08:02 3939                       /usr/lib/libX11.so.6.2.0
7f7bd8df5000-7f7bd8e0b000 r-xp 00000000 08:02 738                        /lib/libz.so.1.2.3.3
7f7bd8e0b000-7f7bd900a000 ---p 00016000 08:02 738                        /lib/libz.so.1.2.3.3
7f7bd900a000-7f7bd900b000 r-xp 00015000 08:02 738                        /lib/libz.so.1.2.3.3
7f7bd900b000-7f7bd900c000 rwxp 00016000 08:02 738                        /lib/libz.so.1.2.3.3
7f7bd900c000-7f7bd9039000 r-xp 00000000 08:02 691                        /lib/libpcre.so.3.12.1
7f7bd9039000-7f7bd9238000 ---p 0002d000 08:02 691                        /lib/libpcre.so.3.12.1
7f7bd9238000-7f7bd9239000 r-xp 0002c000 08:02 691                        /lib/libpcre.so.3.12.1
7f7bd9239000-7f7bd923a000 rwxp 0002d000 08:02 691                        /lib/libpcre.so.3.12.1
7f7bd923a000-7f7bd92ff000 r-xp 00000000 08:02 1120                       /lib/libglib-2.0.so.0.2200.3
7f7bd92ff000-7f7bd94fe000 ---p 000c5000 08:02 1120                       /lib/libglib-2.0.so.0.2200.3
7f7bd94fe000-7f7bd94ff000 r-xp 000c4000 08:02 1120                       /lib/libglib-2.0.so.0.2200.3
7f7bd94ff000-7f7bd9500000 rwxp 000c5000 08:02 1120                       /lib/libglib-2.0.so.0.2200.3
7f7bd9500000-7f7bd9501000 rwxp 00000000 00:00 0 
7f7bd9501000-7f7bd9504000 r-xp 00000000 08:02 1773                       /usr/lib/libgmodule-2.0.so.0.2200.3
7f7bd9504000-7f7bd9703000 ---p 00003000 08:02 1773                       /usr/lib/libgmodule-2.0.so.0.2200.3
7f7bd9703000-7f7bd9704000 r-xp 00002000 08:02 1773                       /usr/lib/libgmodule-2.0.so.0.2200.3
7f7bd9704000-7f7bd9705000 rwxp 00003000 08:02 1773                       /usr/lib/libgmodule-2.0.so.0.2200.3
7f7bd9705000-7f7bd970f000 r-xp 00000000 08:02 1300                       /usr/lib/libenchant.so.1.5.0
7f7bd970f000-7f7bd990e000 ---p 0000a000 08:02 1300                       /usr/lib/libenchant.so.1.5.0
7f7bd990e000-7f7bd990f000 r-xp 00009000 08:02 1300                       /usr/lib/libenchant.so.1.5.0
7f7bd990f000-7f7bd9910000 rwxp 0000a000 08:02 1300                       /usr/lib/libenchant.so.1.5.0
7f7bd9910000-7f7bd9954000 r-xp 00000000 08:02 1121                       /usr/lib/libgobject-2.0.so.0.2200.3
7f7bd9954000-7f7bd9b54000 ---p 00044000 08:02 1121                       /usr/lib/libgobject-2.0.so.0.2200.3
7f7bd9b54000-7f7bd9b55000 r-xp 00044000 08:02 1121                       /usr/lib/libgobject-2.0.so.0.2200.3
7f7bd9b55000-7f7bd9b56000 rwxp 00045000 08:02 1121                       /usr/lib/libgobject-2.0.so.0.2200.3
7f7bd9b56000-7f7bd9b57000 rwxp 00000000 00:00 0 
7f7bd9b57000-7f7bd9b87000 r-xp 00000000 08:02 4243                       /usr/lib/libfontconfig.so.1.3.0
7f7bd9b87000-7f7bd9d87000 ---p 00030000 08:02 4243                       /usr/lib/libfontconfig.so.1.3.0
7f7bd9d87000-7f7bd9d88000 r-xp 00030000 08:02 4243                       /usr/lib/libfontconfig.so.1.3.0
7f7bd9d88000-7f7bd9d89000 rwxp 00031000 08:02 4243                       /usr/lib/libfontconfig.so.1.3.0
7f7bd9d89000-7f7bd9e08000 r-xp 00000000 08:02 4251                       /usr/lib/libfreetype.so.6.3.20
7f7bd9e08000-7f7bda008000 ---p 0007f000 08:02 4251                       /usr/lib/libfreetype.so.6.3.20
7f7bda008000-7f7bda00d000 r-xp 0007f000 08:02 4251                       /usr/lib/libfreetype.so.6.3.20
7f7bda00d000-7f7bda00e000 rwxp 00084000 08:02 4251                       /usr/lib/libfreetype.so.6.3.20
7f7bda00e000-7f7bda054000 r-xp 00000000 08:02 4712                       /usr/lib/libpango-1.0.so.0.2600.0
7f7bda054000-7f7bda254000 ---p 00046000 08:02 4712                       /usr/lib/libpango-1.0.so.0.2600.0
7f7bda254000-7f7bda256000 r-xp 00046000 08:02 4712                       /usr/lib/libpango-1.0.so.0.2600.0
7f7bda256000-7f7bda257000 rwxp 00048000 08:02 4712                       /usr/lib/libpango-1.0.so.0.2600.0
7f7bda257000-7f7bda2d6000 r-xp 00000000 08:02 8219                       /usr/lib/libcairo.so.2.10800.8
7f7bda2d6000-7f7bda4d6000 ---p 0007f000 08:02 8219                       /usr/lib/libcairo.so.2.10800.8
7f7bda4d6000-7f7bda4d8000 r-xp 0007f000 08:02 8219                       /usr/lib/libcairo.so.2.10800.8
7f7bda4d8000-7f7bda4d9000 rwxp 00081000 08:02 8219                       /usr/lib/libcairo.so.2.10800.8
7f7bda4d9000-7f7bda4da000 rwxp 00000000 00:00 0 
7f7bda4da000-7f7bda580000 r-xp 00000000 08:02 1791                       /usr/lib/libgio-2.0.so.0.2200.3
7f7bda580000-7f7bda780000 ---p 000a6000 08:02 1791                       /usr/lib/libgio-2.0.so.0.2200.3
7f7bda780000-7f7bda782000 r-xp 000a6000 08:02 1791                       /usr/lib/libgio-2.0.so.0.2200.3
7f7bda782000-7f7bda783000 rwxp 000a8000 08:02 1791                       /usr/lib/libgio-2.0.so.0.2200.3
7f7bda783000-7f7bda784000 rwxp 00000000 00:00 0 
7f7bda784000-7f7bda78f000 r-xp 00000000 08:02 4714                       /usr/lib/libpangocairo-1.0.so.0.2600.0
7f7bda78f000-7f7bda98e000 ---p 0000b000 08:02 4714                       /usr/lib/libpangocairo-1.0.so.0.2600.0
7f7bda98e000-7f7bda98f000 r-xp 0000a000 08:02 4714                       /usr/lib/libpangocairo-1.0.so.0.2600.0
7f7bda98f000-7f7bda990000 rwxp 0000b000 08:02 4714                       /usr/lib/libpangocairo-1.0.so.0.2600.0
7f7bda990000-7f7bda9ab000 r-xp 00000000 08:02 1541                       /usr/lib/libgdk_pixbuf-2.0.so.0.1800.3
7f7bda9ab000-7f7bdabaa000 ---p 0001b000 08:02 1541                       /usr/lib/libgdk_pixbuf-2.0.so.0.1800.3
7f7bdabaa000-7f7bdabab000 r-xp 0001a000 08:02 1541                       /usr/lib/libgdk_pixbuf-2.0.so.0.1800.3
7f7bdabab000-7f7bdabac000 rwxp 0001b000 08:02 1541                       /usr/lib/libgdk_pixbuf-2.0.so.0.1800.3
7f7bdabac000-7f7bdabd3000 r-xp 00000000 08:02 4716                       /usr/lib/libpangoft2-1.0.so.0.2600.0
7f7bdabd3000-7f7bdadd3000 ---p 00027000 08:02 4716                       /usr/lib/libpangoft2-1.0.so.0.2600.0
7f7bdadd3000-7f7bdadd4000 r-xp 00027000 08:02 4716                       /usr/lib/libpangoft2-1.0.so.0.2600.0
7f7bdadd4000-7f7bdadd5000 rwxp 00028000 08:02 4716                       /usr/lib/libpangoft2-1.0.so.0.2600.0
7f7bdadd5000-7f7bdadf2000 r-xp 00000000 08:02 4029                       /usr/lib/libatk-1.0.so.0.2809.1
7f7bdadf2000-7f7bdaff2000 ---p 0001d000 08:02 4029                       /usr/lib/libatk-1.0.so.0.2809.1
7f7bdaff2000-7f7bdaff4000 r-xp 0001d000 08:02 4029                       /usr/lib/libatk-1.0.so.0.2809.1
7f7bdaff4000-7f7bdaff5000 rwxp 0001f000 08:02 4029                       /usr/lib/libatk-1.0.so.0.2809.1
7f7bdaff5000-7f7bdb09c000 r-xp 00000000 08:02 1540                       /usr/lib/libgdk-x11-2.0.so.0.1800.3
7f7bdb09c000-7f7bdb29b000 ---p 000a7000 08:02 1540                       /usr/lib/libgdk-x11-2.0.so.0.1800.3
7f7bdb29b000-7f7bdb29f000 r-xp 000a6000 08:02 1540                       /usr/lib/libgdk-x11-2.0.so.0.1800.3
7f7bdb29f000-7f7bdb2a1000 rwxp 000aa000 08:02 1540                       /usr/lib/libgdk-x11-2.0.so.0.1800.3
7f7bdb2a1000-7f7bdb6a0000 r-xp 00000000 08:02 1237                       /usr/lib/libgtk-x11-2.0.so.0.1800.3
7f7bdb6a0000-7f7bdb89f000 ---p 003ff000 08:02 1237                       /usr/lib/libgtk-x11-2.0.so.0.1800.3
7f7bdb89f000-7f7bdb8a6000 r-xp 003fe000 08:02 1237                       /usr/lib/libgtk-x11-2.0.so.0.1800.3
7f7bdb8a6000-7f7bdb8aa000 rwxp 00405000 08:02 1237                       /usr/lib/libgtk-x11-2.0.so.0.1800.3
7f7bdb8aa000-7f7bdb8ac000 rwxp 00000000 00:00 0 
7f7bdb8ac000-7f7bdb8b8000 r-xp 00000000 08:02 4918                       /usr/lib/libunique-1.0.so.0.100.2
7f7bdb8b8000-7f7bdbab7000 ---p 0000c000 08:02 4918                       /usr/lib/libunique-1.0.so.0.100.2
7f7bdbab7000-7f7bdbab8000 r-xp 0000b000 08:02 4918                       /usr/lib/libunique-1.0.so.0.100.2
7f7bdbab8000-7f7bdbab9000 rwxp 0000c000 08:02 4918                       /usr/lib/libunique-1.0.so.0.100.2
7f7bdbab9000-7f7bdbabf000 r-xp 00000000 08:02 4482                       /usr/lib/libgtkspell.so.0.0.0
7f7bdbabf000-7f7bdbcbe000 ---p 00006000 08:02 4482                       /usr/lib/libgtkspell.so.0.0.0
7f7bdbcbe000-7f7bdbcbf000 r-xp 00005000 08:02 4482                       /usr/lib/libgtkspell.so.0.0.0
7f7bdbcbf000-7f7bdbcc0000 rwxp 00006000 08:02 4482                       /usr/lib/libgtkspell.so.0.0.0
7f7bdbcc0000-7f7bdbcfd000 r-xp 00000000 08:02 622                        /lib/libdbus-1.so.3.4.0
7f7bdbcfd000-7f7bdbefd000 ---p 0003d000 08:02 622                        /lib/libdbus-1.so.3.4.0
7f7bdbefd000-7f7bdbefe000 r-xp 0003d000 08:02 622                        /lib/libdbus-1.so.3.4.0
7f7bdbefe000-7f7bdbeff000 rwxp 0003e000 08:02 622                        /lib/libdbus-1.so.3.4.0
7f7bdbeff000-7f7bdbf02000 ---p 00000000 00:00 0 
7f7bdbf02000-7f7bdc000000 rwxp 00000000 00:00 0 
7f7bdc000000-7f7bdc1bd000 rwxp 00000000 00:00 0 
7f7bdc1bd000-7f7be0000000 ---p 00000000 00:00 0 
7f7be000b000-7f7be002b000 r-xp 00000000 08:02 4154                       /usr/lib/libdbus-glib-1.so.2.1.0
7f7be002b000-7f7be022b000 ---p 00020000 08:02 4154                       /usr/lib/libdbus-glib-1.so.2.1.0
7f7be022b000-7f7be022c000 r-xp 00020000 08:02 4154                       /usr/lib/libdbus-glib-1.so.2.1.0
7f7be022c000-7f7be022d000 rwxp 00021000 08:02 4154                       /usr/lib/libdbus-glib-1.so.2.1.0
7f7be022d000-7f7be0235000 r-xp 00000000 08:02 4677                       /usr/lib/libnotify.so.1.1.3
7f7be0235000-7f7be0434000 ---p 00008000 08:02 4677                       /usr/lib/libnotify.so.1.1.3
7f7be0434000-7f7be0435000 r-xp 00007000 08:02 4677                       /usr/lib/libnotify.so.1.1.3
7f7be0435000-7f7be0436000 rwxp 00008000 08:02 4677                       /usr/lib/libnotify.so.1.1.3
7f7be0436000-7f7be047e000 r-xp 00000000 08:02 4480                       /usr/lib/libgtksourceview-2.0.so.0.0.0
7f7be047e000-7f7be067d000 ---p 00048000 08:02 4480                       /usr/lib/libgtksourceview-2.0.so.0.0.0
7f7be067d000-7f7be067e000 r-xp 00047000 08:02 4480                       /usr/lib/libgtksourceview-2.0.so.0.0.0
7f7be067e000-7f7be0680000 rwxp 00048000 08:02 4480                       /usr/lib/libgtksourceview-2.0.so.0.0.0
7f7be0680000-7f7be07c4000 r-xp 00000000 08:02 4982                       /usr/lib/libxml2.so.2.7.5
7f7be07c4000-7f7be09c3000 ---p 00144000 08:02 4982                       /usr/lib/libxml2.so.2.7.5
7f7be09c3000-7f7be09cb000 r-xp 00143000 08:02 4982                       /usr/lib/libxml2.so.2.7.5
7f7be09cb000-7f7be09cd000 rwxp 0014b000 08:02 4982                       /usr/lib/libxml2.so.2.7.5
7f7be09cd000-7f7be09ce000 rwxp 00000000 00:00 0 
7f7be09ce000-7f7be09e6000 r-xp 00000000 08:02 4336                       /usr/lib/libglade-2.0.so.0.0.7
7f7be09e6000-7f7be0be5000 ---p 00018000 08:02 4336                       /usr/lib/libglade-2.0.so.0.0.7
7f7be0be5000-7f7be0be6000 r-xp 00017000 08:02 4336                       /usr/lib/libglade-2.0.so.0.0.7
7f7be0be6000-7f7be0be7000 rwxp 00018000 08:02 4336                       /usr/lib/libglade-2.0.so.0.0.7
7f7be0be7000-7f7be0beb000 r-xp 00000000 08:02 1776                       /usr/lib/libgthread-2.0.so.0.2200.3
7f7be0beb000-7f7be0dea000 ---p 00004000 08:02 1776                       /usr/lib/libgthread-2.0.so.0.2200.3
7f7be0dea000-7f7be0deb000 r-xp 00003000 08:02 1776                       /usr/lib/libgthread-2.0.so.0.2200.3
7f7be0deb000-7f7be0dec000 rwxp 00004000 08:02 1776                       /usr/lib/libgthread-2.0.so.0.2200.3
7f7be0e07000-7f7be0f31000 r-xp 00000000 08:02 346718                     /usr/src/pkg/java-gnome-4.0.14/tmp/libgtkjni-4.0.14.so
7f7be0f31000-7f7be1130000 ---p 0012a000 08:02 346718                     /usr/src/pkg/java-gnome-4.0.14/tmp/libgtkjni-4.0.14.so
7f7be1130000-7f7be1131000 r-xp 00129000 08:02 346718                     /usr/src/pkg/java-gnome-4.0.14/tmp/libgtkjni-4.0.14.so
7f7be1131000-7f7be1138000 rwxp 0012a000 08:02 346718                     /usr/src/pkg/java-gnome-4.0.14/tmp/libgtkjni-4.0.14.so
7f7be1138000-7f7be1160000 r-xs 00135000 08:02 344338                     /usr/src/pkg/java-gnome-4.0.14/tmp/gtk-4.0.jar
7f7be1160000-7f7be1161000 r-xs 00001000 08:02 268480                     /usr/src/pkg/batik-1.7/batik-ttf2svg.jar
7f7be1161000-7f7be1162000 r-xs 00004000 08:02 268478                     /usr/src/pkg/batik-1.7/batik-svgpp.jar
7f7be1162000-7f7be1163000 r-xs 00003000 08:02 265794                     /usr/src/pkg/batik-1.7/batik-slideshow.jar
7f7be1163000-7f7be1164000 r-xs 00001000 08:02 268500                     /usr/src/pkg/batik-1.7/batik.jar
7f7be1164000-7f7be1166000 r-xs 0000c000 08:02 265792                     /usr/src/pkg/batik-1.7/batik-rasterizer.jar
7f7be1166000-7f7be1171000 r-xs 000ad000 08:02 338542                     /usr/src/pkg/batik-1.7/lib/pdf-transcoder.jar
7f7be1171000-7f7be117a000 r-xs 0007f000 08:02 266285                     /usr/src/pkg/batik-1.7/batik-squiggle.jar
7f7be117a000-7f7be1182000 r-xs 00074000 08:02 338540                     /usr/src/pkg/batik-1.7/lib/js.jar
7f7be1182000-7f7be1187000 r-xs 00010000 08:02 338545                     /usr/src/pkg/batik-1.7/lib/xml-apis-ext.jar
7f7be1187000-7f7be119b000 r-xs 001a0000 08:02 338543                     /usr/src/pkg/batik-1.7/lib/xalan-2.6.0.jar
7f7be119b000-7f7be11a3000 r-xs 00028000 08:02 338546                     /usr/src/pkg/batik-1.7/lib/xml-apis.jar
7f7be11a3000-7f7be11b6000 r-xs 000d2000 08:02 338544                     /usr/src/pkg/batik-1.7/lib/xerces_2_5_0.jar
7f7be11b6000-7f7be11bb000 r-xs 00030000 08:02 338535                     /usr/src/pkg/batik-1.7/lib/batik-svggen.jar
7f7be11bb000-7f7be11be000 r-xs 0001d000 08:02 338538                     /usr/src/pkg/batik-1.7/lib/batik-util.jar
7f7be11be000-7f7be11c1000 r-xs 00026000 08:02 338525                     /usr/src/pkg/batik-1.7/lib/batik-codec.jar
7f7be11c1000-7f7be11c8000 r-xs 0005c000 08:02 338523                     /usr/src/pkg/batik-1.7/lib/batik-awt-util.jar
7f7be11c8000-7f7be11ce000 r-xs 00024000 08:02 338530                     /usr/src/pkg/batik-1.7/lib/batik-gui-util.jar
7f7be11ce000-7f7be11d0000 r-xs 0001c000 08:02 338537                     /usr/src/pkg/batik-1.7/lib/batik-transcoder.jar
7f7be11d0000-7f7be11d3000 r-xs 00015000 08:02 338522                     /usr/src/pkg/batik-1.7/lib/batik-anim.jar
7f7be11d3000-7f7be11d9000 r-xs 00028000 08:02 338536                     /usr/src/pkg/batik-1.7/lib/batik-swing.jar
7f7be11d9000-7f7be11da000 ---p 00000000 00:00 0 
7f7be11da000-7f7be12da000 rwxp 00000000 00:00 0 
7f7be12da000-7f7be12dd000 ---p 00000000 00:00 0 
7f7be12dd000-7f7be13db000 rwxp 00000000 00:00 0 
7f7be13db000-7f7be13de000 ---p 00000000 00:00 0 
7f7be13de000-7f7be14dc000 rwxp 00000000 00:00 0 
7f7be14dc000-7f7be14df000 ---p 00000000 00:00 0 
7f7be14df000-7f7be15dd000 rwxp 00000000 00:00 0 
7f7be15dd000-7f7be15e0000 ---p 00000000 00:00 0 
7f7be15e0000-7f7be16de000 rwxp 00000000 00:00 0 
7f7be16de000-7f7be16e5000 r-xs 00000000 08:02 134312                     /usr/lib/gconv/gconv-modules.cache
7f7be16e5000-7f7be1724000 r-xp 00000000 08:02 264255                     /usr/lib/locale/en_GB.utf8/LC_CTYPE
7f7be1724000-7f7be1727000 ---p 00000000 00:00 0 
7f7be1727000-7f7be1825000 rwxp 00000000 00:00 0 
7f7be1825000-7f7be1826000 ---p 00000000 00:00 0 
7f7be1826000-7f7be19bc000 rwxp 00000000 00:00 0 
7f7be19bc000-7f7be1b52000 r-xs 02fb3000 08:02 11052                      /usr/lib/jvm/java-6-sun-1.6.0.15/jre/lib/rt.jar
7f7be1b52000-7f7be1b7a000 rwxp 00000000 00:00 0 
7f7be1b7a000-7f7be1b7b000 ---p 00000000 00:00 0 
7f7be1b7b000-7f7be1c7b000 rwxp 00000000 00:00 0 
7f7be1c7b000-7f7be1c7c000 ---p 00000000 00:00 0 
7f7be1c7c000-7f7be1d87000 rwxp 00000000 00:00 0 
7f7be1d87000-7f7be1da6000 rwxp 00000000 00:00 0 
7f7be1da6000-7f7be1dba000 rwxp 00000000 00:00 0 
7f7be1dba000-7f7be1ee6000 rwxp 00000000 00:00 0 
7f7be1ee6000-7f7be1ef1000 rwxp 00000000 00:00 0 
7f7be1ef1000-7f7be1f10000 rwxp 00000000 00:00 0 
7f7be1f10000-7f7be1f24000 rwxp 00000000 00:00 0 
7f7be1f24000-7f7be204f000 rwxp 00000000 00:00 0 
7f7be204f000-7f7be205a000 rwxp 00000000 00:00 0 
7f7be205a000-7f7be20ef000 rwxp 00000000 00:00 0 
7f7be20ef000-7f7be35b0000 rwxp 00000000 00:00 0 
7f7be35b0000-7f7be74f0000 rwxp 00000000 00:00 0 
7f7be74f0000-7f7be9cd0000 rwxp 00000000 00:00 0 
7f7be9cd0000-7f7c0f3a0000 rwxp 00000000 00:00 0 
7f7c0f3a0000-7f7c10790000 rwxp 00000000 00:00 0 
7f7c10790000-7f7c232f0000 rwxp 00000000 00:00 0 
7f7c232f1000-7f7c232f2000 rwxp 00000000 00:00 0 
7f7c232f2000-7f7c232fc000 r-xs 00080000 08:02 338524                     /usr/src/pkg/batik-1.7/lib/batik-bridge.jar
7f7c232fc000-7f7c2356c000 rwxp 00000000 00:00 0 
7f7c2356c000-7f7c262fc000 rwxp 00000000 00:00 0 
7f7c262fc000-7f7c2630a000 r-xp 00000000 08:02 11066                      /usr/lib/jvm/java-6-sun-1.6.0.15/jre/lib/amd64/libzip.so
7f7c2630a000-7f7c2640c000 ---p 0000e000 08:02 11066                      /usr/lib/jvm/java-6-sun-1.6.0.15/jre/lib/amd64/libzip.so
7f7c2640c000-7f7c2640f000 rwxp 00010000 08:02 11066                      /usr/lib/jvm/java-6-sun-1.6.0.15/jre/lib/amd64/libzip.so
7f7c2640f000-7f7c26410000 rwxp 00000000 00:00 0 
7f7c26410000-7f7c2641c000 r-xp 00000000 08:02 3377                       /lib/libnss_files-2.10.1.so
7f7c2641c000-7f7c2661b000 ---p 0000c000 08:02 3377                       /lib/libnss_files-2.10.1.so
7f7c2661b000-7f7c2661c000 r-xp 0000b000 08:02 3377                       /lib/libnss_files-2.10.1.so
7f7c2661c000-7f7c2661d000 rwxp 0000c000 08:02 3377                       /lib/libnss_files-2.10.1.so
7f7c2661d000-7f7c26627000 r-xp 00000000 08:02 3499                       /lib/libnss_nis-2.10.1.so
7f7c26627000-7f7c26826000 ---p 0000a000 08:02 3499                       /lib/libnss_nis-2.10.1.so
7f7c26826000-7f7c26827000 r-xp 00009000 08:02 3499                       /lib/libnss_nis-2.10.1.so
7f7c26827000-7f7c26828000 rwxp 0000a000 08:02 3499                       /lib/libnss_nis-2.10.1.so
7f7c26828000-7f7c2682f000 r-xp 00000000 08:02 3375                       /lib/libnss_compat-2.10.1.so
7f7c2682f000-7f7c26a2f000 ---p 00007000 08:02 3375                       /lib/libnss_compat-2.10.1.so
7f7c26a2f000-7f7c26a30000 r-xp 00007000 08:02 3375                       /lib/libnss_compat-2.10.1.so
7f7c26a30000-7f7c26a31000 rwxp 00008000 08:02 3375                       /lib/libnss_compat-2.10.1.so
7f7c26a31000-7f7c26a38000 r-xp 00000000 08:02 11067                      /usr/lib/jvm/java-6-sun-1.6.0.15/jre/lib/amd64/native_threads/libhpi.so
7f7c26a38000-7f7c26b39000 ---p 00007000 08:02 11067                      /usr/lib/jvm/java-6-sun-1.6.0.15/jre/lib/amd64/native_threads/libhpi.so
7f7c26b39000-7f7c26b3b000 rwxp 00008000 08:02 11067                      /usr/lib/jvm/java-6-sun-1.6.0.15/jre/lib/amd64/native_threads/libhpi.so
7f7c26b3b000-7f7c26b3c000 rwxp 00000000 00:00 0 
7f7c26b3c000-7f7c26b52000 r-xp 00000000 08:02 3152                       /lib/libnsl-2.10.1.so
7f7c26b52000-7f7c26d52000 ---p 00016000 08:02 3152                       /lib/libnsl-2.10.1.so
7f7c26d52000-7f7c26d53000 r-xp 00016000 08:02 3152                       /lib/libnsl-2.10.1.so
7f7c26d53000-7f7c26d54000 rwxp 00017000 08:02 3152                       /lib/libnsl-2.10.1.so
7f7c26d54000-7f7c26d56000 rwxp 00000000 00:00 0 
7f7c26d56000-7f7c26d7f000 r-xp 00000000 08:02 11077                      /usr/lib/jvm/java-6-sun-1.6.0.15/jre/lib/amd64/libjava.so
7f7c26d7f000-7f7c26e7e000 ---p 00029000 08:02 11077                      /usr/lib/jvm/java-6-sun-1.6.0.15/jre/lib/amd64/libjava.so
7f7c26e7e000-7f7c26e85000 rwxp 00028000 08:02 11077                      /usr/lib/jvm/java-6-sun-1.6.0.15/jre/lib/amd64/libjava.so
7f7c26e85000-7f7c26e92000 r-xp 00000000 08:02 11061                      /usr/lib/jvm/java-6-sun-1.6.0.15/jre/lib/amd64/libverify.so
7f7c26e92000-7f7c26f91000 ---p 0000d000 08:02 11061                      /usr/lib/jvm/java-6-sun-1.6.0.15/jre/lib/amd64/libverify.so
7f7c26f91000-7f7c26f94000 rwxp 0000c000 08:02 11061                      /usr/lib/jvm/java-6-sun-1.6.0.15/jre/lib/amd64/libverify.so
7f7c26f94000-7f7c26f9b000 r-xp 00000000 08:02 3509                       /lib/librt-2.10.1.so
7f7c26f9b000-7f7c2719a000 ---p 00007000 08:02 3509                       /lib/librt-2.10.1.so
7f7c2719a000-7f7c2719b000 r-xp 00006000 08:02 3509                       /lib/librt-2.10.1.so
7f7c2719b000-7f7c2719c000 rwxp 00007000 08:02 3509                       /lib/librt-2.10.1.so
7f7c2719c000-7f7c2719f000 ---p 00000000 00:00 0 
7f7c2719f000-7f7c2729d000 rwxp 00000000 00:00 0 
7f7c2729d000-7f7c2731f000 r-xp 00000000 08:02 2791                       /lib/libm-2.10.1.so
7f7c2731f000-7f7c2751f000 ---p 00082000 08:02 2791                       /lib/libm-2.10.1.so
7f7c2751f000-7f7c27520000 r-xp 00082000 08:02 2791                       /lib/libm-2.10.1.so
7f7c27520000-7f7c27521000 rwxp 00083000 08:02 2791                       /lib/libm-2.10.1.so
7f7c27521000-7f7c27c7f000 r-xp 00000000 08:02 11083                      /usr/lib/jvm/java-6-sun-1.6.0.15/jre/lib/amd64/server/libjvm.so
7f7c27c7f000-7f7c27d7e000 ---p 0075e000 08:02 11083                      /usr/lib/jvm/java-6-sun-1.6.0.15/jre/lib/amd64/server/libjvm.so
7f7c27d7e000-7f7c27ef6000 rwxp 0075d000 08:02 11083                      /usr/lib/jvm/java-6-sun-1.6.0.15/jre/lib/amd64/server/libjvm.so
7f7c27ef6000-7f7c27f34000 rwxp 00000000 00:00 0 
7f7c27f34000-7f7c2809a000 r-xp 00000000 08:02 2390                       /lib/libc-2.10.1.so
7f7c2809a000-7f7c28299000 ---p 00166000 08:02 2390                       /lib/libc-2.10.1.so
7f7c28299000-7f7c2829d000 r-xp 00165000 08:02 2390                       /lib/libc-2.10.1.so
7f7c2829d000-7f7c2829e000 rwxp 00169000 08:02 2390                       /lib/libc-2.10.1.so
7f7c2829e000-7f7c282a3000 rwxp 00000000 00:00 0 
7f7c282a3000-7f7c282a5000 r-xp 00000000 08:02 2448                       /lib/libdl-2.10.1.so
7f7c282a5000-7f7c284a5000 ---p 00002000 08:02 2448                       /lib/libdl-2.10.1.so
7f7c284a5000-7f7c284a6000 r-xp 00002000 08:02 2448                       /lib/libdl-2.10.1.so
7f7c284a6000-7f7c284a7000 rwxp 00003000 08:02 2448                       /lib/libdl-2.10.1.so
7f7c284a7000-7f7c284be000 r-xp 00000000 08:02 3502                       /lib/libpthread-2.10.1.so
7f7c284be000-7f7c286bd000 ---p 00017000 08:02 3502                       /lib/libpthread-2.10.1.so
7f7c286bd000-7f7c286be000 r-xp 00016000 08:02 3502                       /lib/libpthread-2.10.1.so
7f7c286be000-7f7c286bf000 rwxp 00017000 08:02 3502                       /lib/libpthread-2.10.1.so
7f7c286bf000-7f7c286c3000 rwxp 00000000 00:00 0 
7f7c286c3000-7f7c286e2000 r-xp 00000000 08:02 1929                       /lib/ld-2.10.1.so
7f7c286e2000-7f7c286e5000 r-xs 0000d000 08:02 338533                     /usr/src/pkg/batik-1.7/lib/batik-script.jar
7f7c286e5000-7f7c286e9000 r-xs 00038000 08:02 338531                     /usr/src/pkg/batik-1.7/lib/batik-gvt.jar
7f7c286e9000-7f7c286f6000 r-xs 00087000 08:02 338534                     /usr/src/pkg/batik-1.7/lib/batik-svg-dom.jar
7f7c286f6000-7f7c28700000 rwxp 00000000 00:00 0 
7f7c28700000-7f7c287b6000 rwxp 00000000 00:00 0 
7f7c287b6000-7f7c287b8000 rwxp 00000000 00:00 0 
7f7c287b8000-7f7c287bf000 r-xp 00000000 08:02 11053                      /usr/lib/jvm/java-6-sun-1.6.0.15/jre/lib/amd64/jli/libjli.so
7f7c287bf000-7f7c288c0000 ---p 00007000 08:02 11053                      /usr/lib/jvm/java-6-sun-1.6.0.15/jre/lib/amd64/jli/libjli.so
7f7c288c0000-7f7c288c2000 rwxp 00008000 08:02 11053                      /usr/lib/jvm/java-6-sun-1.6.0.15/jre/lib/amd64/jli/libjli.so
7f7c288c2000-7f7c288c4000 rwxp 00000000 00:00 0 
7f7c288c4000-7f7c288c5000 r-xs 00007000 08:02 338539                     /usr/src/pkg/batik-1.7/lib/batik-xml.jar
7f7c288c5000-7f7c288c7000 r-xs 00010000 08:02 338532                     /usr/src/pkg/batik-1.7/lib/batik-parser.jar
7f7c288c7000-7f7c288cf000 r-xs 00045000 08:02 338526                     /usr/src/pkg/batik-1.7/lib/batik-css.jar
7f7c288cf000-7f7c288d3000 r-xs 00027000 08:02 338527                     /usr/src/pkg/batik-1.7/lib/batik-dom.jar
7f7c288d3000-7f7c288d4000 r-xs 00002000 08:02 338528                     /usr/src/pkg/batik-1.7/lib/batik-ext.jar
7f7c288d4000-7f7c288dc000 rwxs 00000000 08:02 3274                       /tmp/hsperfdata_will/20882
7f7c288dc000-7f7c288dd000 rwxp 00000000 00:00 0 
7f7c288dd000-7f7c288de000 r-xp 00000000 00:00 0 
7f7c288de000-7f7c288e1000 rwxp 00000000 00:00 0 
7f7c288e1000-7f7c288e2000 r-xp 0001e000 08:02 1929                       /lib/ld-2.10.1.so
7f7c288e2000-7f7c288e3000 rwxp 0001f000 08:02 1929                       /lib/ld-2.10.1.so
7fff125cc000-7fff125e1000 rwxp 00000000 00:00 0                          [stack]
7fff125ff000-7fff12600000 r-xp 00000000 00:00 0                          [vdso]
ffffffffff600000-ffffffffff601000 r-xp 00000000 00:00 0                  [vsyscall]

VM Arguments:
jvm_args: -Dfile.encoding=UTF-8 
java_command: uk.ac.ox.map.carto.canvas.CairoTest
Launcher Type: SUN_STANDARD

Environment Variables:
PATH=/usr/local/sbin:/usr/local/bin:/usr/sbin:/usr/bin:/sbin:/bin:/usr/games
USERNAME=will
LD_LIBRARY_PATH=/usr/lib/jvm/java-6-sun-1.6.0.15/jre/lib/amd64/server:/usr/lib/jvm/java-6-sun-1.6.0.15/jre/lib/amd64:/usr/lib/jvm/java-6-sun-1.6.0.15/jre/../lib/amd64:/usr/lib64/xulrunner-addons
SHELL=/bin/bash
DISPLAY=:0.0

Signal Handlers:
SIGSEGV: [libjvm.so+0x6bdd00], sa_mask[0]=0x7ffbfeff, sa_flags=0x10000004
SIGBUS: [libjvm.so+0x6bdd00], sa_mask[0]=0x7ffbfeff, sa_flags=0x10000004
SIGFPE: [libjvm.so+0x594ed0], sa_mask[0]=0x7ffbfeff, sa_flags=0x10000004
SIGPIPE: [libjvm.so+0x594ed0], sa_mask[0]=0x7ffbfeff, sa_flags=0x10000004
SIGXFSZ: [libjvm.so+0x594ed0], sa_mask[0]=0x7ffbfeff, sa_flags=0x10000004
SIGILL: [libjvm.so+0x594ed0], sa_mask[0]=0x7ffbfeff, sa_flags=0x10000004
SIGUSR1: SIG_DFL, sa_mask[0]=0x00000000, sa_flags=0x00000000
SIGUSR2: [libjvm.so+0x597690], sa_mask[0]=0x00000004, sa_flags=0x10000004
SIGHUP: [libjvm.so+0x5973e0], sa_mask[0]=0x7ffbfeff, sa_flags=0x10000004
SIGINT: [libjvm.so+0x5973e0], sa_mask[0]=0x7ffbfeff, sa_flags=0x10000004
SIGTERM: [libjvm.so+0x5973e0], sa_mask[0]=0x7ffbfeff, sa_flags=0x10000004
SIGQUIT: [libjvm.so+0x5973e0], sa_mask[0]=0x7ffbfeff, sa_flags=0x10000004


---------------  S Y S T E M  ---------------

OS:squeeze/sid

uname:Linux 2.6.31-17-generic #54-Ubuntu SMP Thu Dec 10 17:01:44 UTC 2009 x86_64
libc:glibc 2.10.1 NPTL 2.10.1 
rlimit: STACK 8192k, CORE 0k, NPROC infinity, NOFILE 1024, AS infinity
load average:0.52 0.16 0.11

CPU:total 2 (2 cores per cpu, 1 threads per core) family 6 model 23 stepping 6, cmov, cx8, fxsr, mmx, sse, sse2, sse3, ssse3, sse4.1

Memory: 4k page, physical 3916548k(154340k free), swap 5895812k(5858104k free)

vm_info: Java HotSpot(TM) 64-Bit Server VM (14.1-b02) for linux-amd64 JRE (1.6.0_15-b03), built on Jul  2 2009 15:26:16 by "java_re" with gcc 3.2.2 (SuSE Linux)

time: Fri Feb  5 18:28:23 2010
elapsed time: 0 seconds

