#
# A fatal error has been detected by the Java Runtime Environment:
#
#  SIGSEGV (0xb) at pc=0x00007f63dc677243, pid=4292, tid=140064545912592
#
# JRE version: 6.0_22-b04
# Java VM: Java HotSpot(TM) 64-Bit Server VM (17.1-b03 mixed mode linux-amd64 )
# Problematic frame:
# V  [libjvm.so+0x637243]
#
# If you would like to submit a bug report, please visit:
#   http://java.sun.com/webapps/bugreport/crash.jsp
#

---------------  T H R E A D  ---------------

Current thread (0x0000000041679800):  VMThread [stack: 0x00007f6351713000,0x00007f6351814000] [id=4302]

siginfo:si_signo=SIGSEGV: si_errno=0, si_code=1 (SEGV_MAPERR), si_addr=0x00007f6300000018

Registers:
RAX=0x0000000000000240, RBX=0x0000000000000040, RCX=0x0000000000000018, RDX=0x00007f6300000000
RSP=0x00007f63518128a0, RBP=0x00007f6351812920, RSI=0x00007f63dc97b430, RDI=0x00007f6300000010
R8 =0x0000000000000034, R9 =0x0000000000000047, R10=0x0000000000000028, R11=0x0000000000000010
R12=0x00007f6359e60448, R13=0x00007f6358193140, R14=0x000000004162b9b0, R15=0x00007f63598c4498
RIP=0x00007f63dc677243, EFL=0x0000000000010246, CSGSFS=0x0000000000000033, ERR=0x0000000000000004
  TRAPNO=0x000000000000000e

Top of Stack: (sp=0x00007f63518128a0)
0x00007f63518128a0:   00007f6351812940 0000000000000240
0x00007f63518128b0:   00007f63598bd440 00007f6357fb81b0
0x00007f63518128c0:   00007f63598c4498 00007f635ceef400
0x00007f63518128d0:   00007f635d700000 000000004162a9d0
0x00007f63518128e0:   0000000000000000 000000004162b9b0
0x00007f63518128f0:   00007f63581930f3 000000004162a9b0
0x00007f6351812900:   00007f63dc991db0 000000004162c8b0
0x00007f6351812910:   00007f63dc9910b0 00007f63dc9910a8
0x00007f6351812920:   00007f6351812940 00007f63dc678854
0x00007f6351812930:   00007f63dc98b368 000000004162a9b0
0x00007f6351812940:   00007f6351812b70 00007f63dc675954
0x00007f6351812950:   0000000007534f78 0000000004464a70
0x00007f6351812960:   00007f6351812b20 00007f6351812a30
0x00007f6351812970:   00007f6351812a70 00007f6351812aa0
0x00007f6351812980:   00007f6351812b00 000000000b9999e8
0x00007f6351812990:   00007f6351812b30 00007f6351812a20
0x00007f63518129a0:   0000000002b6a080 00000000050df400
0x00007f63518129b0:   000000000149f320 0000000007c49480
0x00007f63518129c0:   00007f6351812a60 00007f6351812aa0
0x00007f63518129d0:   00007f6351812ad0 00007f6351812b30
0x00007f63518129e0:   000000004162c8b0 000000004162a9b0
0x00007f63518129f0:   000000004162a920 000000004162c2d0
0x00007f6351812a00:   0000001241678040 000000004162a5f0
0x00007f6351812a10:   00007f63dc995520 00007f6300000004
0x00007f6351812a20:   0000000041010100 0000000000000000
0x00007f6351812a30:   000000000003ef7a 00000000013f7700
0x00007f6351812a40:   0000000000000000 0000000041614110
0x00007f6351812a50:   0000000000000000 0000000041677410
0x00007f6351812a60:   0000000000000000 000000000143673b
0x00007f6351812a70:   00007f6351010101 0000000041677810
0x00007f6351812a80:   0000000000000000 0000000041677790
0x00007f6351812a90:   00000000416776e0 0000000041614110 

Instructions: (pc=0x00007f63dc677243)
0x00007f63dc677233:   24 08 41 8b 48 08 48 d3 e2 49 03 10 48 8d 7a 10
0x00007f63dc677243:   8b 5f 08 89 d8 c1 f8 03 85 db 0f 8e 9d 01 00 00 

Stack: [0x00007f6351713000,0x00007f6351814000],  sp=0x00007f63518128a0,  free space=3fe0000000000000018k
Native frames: (J=compiled Java code, j=interpreted, Vv=VM code, C=native code)
V  [libjvm.so+0x637243]
V  [libjvm.so+0x638854]
V  [libjvm.so+0x635954]
V  [libjvm.so+0x6427c7]
V  [libjvm.so+0x60a1de]
V  [libjvm.so+0x731ca9]
V  [libjvm.so+0x73edda]
V  [libjvm.so+0x73e3f2]
V  [libjvm.so+0x73e663]
V  [libjvm.so+0x73e16e]
V  [libjvm.so+0x5f816f]

VM_Operation (0x00007f63dbdba5c0): ParallelGCFailedAllocation, mode: safepoint, requested by thread 0x000000004161c800


---------------  P R O C E S S  ---------------

Java Threads: ( => current thread )
  0x00007f6344109800 JavaThread "com.mchange.v2.async.ThreadPoolAsynchronousRunner$PoolThread-#2" daemon [_thread_blocked, id=4314, stack(0x00007f63509c8000,0x00007f6350ac9000)]
  0x00007f634409b000 JavaThread "com.mchange.v2.async.ThreadPoolAsynchronousRunner$PoolThread-#1" daemon [_thread_blocked, id=4313, stack(0x00007f6350ac9000,0x00007f6350bca000)]
  0x00007f63440f3000 JavaThread "com.mchange.v2.async.ThreadPoolAsynchronousRunner$PoolThread-#0" daemon [_thread_blocked, id=4312, stack(0x00007f6350bca000,0x00007f6350ccb000)]
  0x00007f6344282000 JavaThread "Timer-0" daemon [_thread_blocked, id=4311, stack(0x00007f6350ccb000,0x00007f6350dcc000)]
  0x00000000416ac800 JavaThread "Low Memory Detector" daemon [_thread_blocked, id=4309, stack(0x00007f63511cf000,0x00007f63512d0000)]
  0x00000000416aa800 JavaThread "CompilerThread1" daemon [_thread_blocked, id=4308, stack(0x00007f63512d0000,0x00007f63513d1000)]
  0x00000000416a7000 JavaThread "CompilerThread0" daemon [_thread_blocked, id=4307, stack(0x00007f63492d0000,0x00007f63493d1000)]
  0x00000000416a5000 JavaThread "Signal Dispatcher" daemon [_thread_blocked, id=4305, stack(0x00007f63513d1000,0x00007f63514d2000)]
  0x0000000041685800 JavaThread "Finalizer" daemon [_thread_blocked, id=4304, stack(0x00007f6351511000,0x00007f6351612000)]
  0x000000004167e000 JavaThread "Reference Handler" daemon [_thread_blocked, id=4303, stack(0x00007f6351612000,0x00007f6351713000)]
  0x000000004161c800 JavaThread "main" [_thread_blocked, id=4296, stack(0x00007f63dbcbc000,0x00007f63dbdbd000)]

Other Threads:
=>0x0000000041679800 VMThread [stack: 0x00007f6351713000,0x00007f6351814000] [id=4302]
  0x00000000416b7800 WatcherThread [stack: 0x00007f63510ce000,0x00007f63511cf000] [id=4310]

VM state:at safepoint (normal execution)

VM Mutex/Monitor currently owned by a thread:  ([mutex/lock_event])
[0x00000000416193c0] Threads_lock - owner thread: 0x0000000041679800
[0x00000000416198c0] Heap_lock - owner thread: 0x000000004161c800

Heap
 PSYoungGen      total 129984K, used 44456K [0x00007f63ad370000, 0x00007f63bc950000, 0x00007f63d7e10000)
  eden space 85504K, 0% used [0x00007f63ad370000,0x00007f63ad370000,0x00007f63b26f0000)
  from space 44480K, 99% used [0x00007f63b26f0000,0x00007f63b525a080,0x00007f63b5260000)
  to   space 57472K, 0% used [0x00007f63b9130000,0x00007f63b9130000,0x00007f63bc950000)
 PSOldGen        total 91072K, used 82813K [0x00007f6357e10000, 0x00007f635d700000, 0x00007f63ad370000)
  object space 91072K, 90% used [0x00007f6357e10000,0x00007f635ceef400,0x00007f635d700000)
 PSPermGen       total 21248K, used 21116K [0x00007f6352a10000, 0x00007f6353ed0000, 0x00007f6357e10000)
  object space 21248K, 99% used [0x00007f6352a10000,0x00007f6353eaf320,0x00007f6353ed0000)

Dynamic libraries:
40000000-40009000 r-xp 00000000 08:01 1050764                            /usr/lib/jvm/java-6-sun-1.6.0.22/jre/bin/java
40108000-4010a000 rwxp 00008000 08:01 1050764                            /usr/lib/jvm/java-6-sun-1.6.0.22/jre/bin/java
41612000-42179000 rwxp 00000000 00:00 0                                  [heap]
7f633ecf1000-7f633ecf3000 r-xp 00000000 08:01 1182162                    /usr/lib/pango/1.6.0/modules/pango-basic-fc.so
7f633ecf3000-7f633eef2000 ---p 00002000 08:01 1182162                    /usr/lib/pango/1.6.0/modules/pango-basic-fc.so
7f633eef2000-7f633eef3000 r-xp 00001000 08:01 1182162                    /usr/lib/pango/1.6.0/modules/pango-basic-fc.so
7f633eef3000-7f633eef4000 rwxp 00002000 08:01 1182162                    /usr/lib/pango/1.6.0/modules/pango-basic-fc.so
7f633f74e000-7f633fa15000 r-xp 00000000 08:01 1716180                    /home/will/hdf-java/lib/linux/libjhdf5.so
7f633fa15000-7f633fc14000 ---p 002c7000 08:01 1716180                    /home/will/hdf-java/lib/linux/libjhdf5.so
7f633fc14000-7f633fc1f000 rwxp 002c6000 08:01 1716180                    /home/will/hdf-java/lib/linux/libjhdf5.so
7f633fc1f000-7f633fc29000 rwxp 00000000 00:00 0 
7f633fc29000-7f633fd0e000 r-xp 00000000 08:01 1716179                    /home/will/hdf-java/lib/linux/libjhdf.so
7f633fd0e000-7f633ff0d000 ---p 000e5000 08:01 1716179                    /home/will/hdf-java/lib/linux/libjhdf.so
7f633ff0d000-7f633ff11000 rwxp 000e4000 08:01 1716179                    /home/will/hdf-java/lib/linux/libjhdf.so
7f633ff11000-7f633ff44000 rwxp 00000000 00:00 0 
7f633ff44000-7f633ff6c000 r-xp 00000000 08:01 1055884                    /usr/lib/gtk-2.0/2.10.0/engines/libmurrine.so
7f633ff6c000-7f634016b000 ---p 00028000 08:01 1055884                    /usr/lib/gtk-2.0/2.10.0/engines/libmurrine.so
7f634016b000-7f634016c000 r-xp 00027000 08:01 1055884                    /usr/lib/gtk-2.0/2.10.0/engines/libmurrine.so
7f634016c000-7f634016d000 rwxp 00028000 08:01 1055884                    /usr/lib/gtk-2.0/2.10.0/engines/libmurrine.so
7f634016d000-7f6340175000 r-xp 00000000 08:01 1052226                    /usr/lib/libltdl.so.7.2.1
7f6340175000-7f6340375000 ---p 00008000 08:01 1052226                    /usr/lib/libltdl.so.7.2.1
7f6340375000-7f6340376000 r-xp 00008000 08:01 1052226                    /usr/lib/libltdl.so.7.2.1
7f6340376000-7f6340377000 rwxp 00009000 08:01 1052226                    /usr/lib/libltdl.so.7.2.1
7f6340377000-7f6340385000 r-xp 00000000 08:01 1052499                    /usr/lib/libtdb.so.1.2.0
7f6340385000-7f6340584000 ---p 0000e000 08:01 1052499                    /usr/lib/libtdb.so.1.2.0
7f6340584000-7f6340585000 r-xp 0000d000 08:01 1052499                    /usr/lib/libtdb.so.1.2.0
7f6340585000-7f6340586000 rwxp 0000e000 08:01 1052499                    /usr/lib/libtdb.so.1.2.0
7f6340586000-7f634058c000 r-xp 00000000 08:01 1052309                    /usr/lib/libogg.so.0.6.0
7f634058c000-7f634078b000 ---p 00006000 08:01 1052309                    /usr/lib/libogg.so.0.6.0
7f634078b000-7f634078c000 r-xp 00005000 08:01 1052309                    /usr/lib/libogg.so.0.6.0
7f634078c000-7f634078d000 rwxp 00006000 08:01 1052309                    /usr/lib/libogg.so.0.6.0
7f634078d000-7f63407b9000 r-xp 00000000 08:01 1052550                    /usr/lib/libvorbis.so.0.4.3
7f63407b9000-7f63409b8000 ---p 0002c000 08:01 1052550                    /usr/lib/libvorbis.so.0.4.3
7f63409b8000-7f63409b9000 r-xp 0002b000 08:01 1052550                    /usr/lib/libvorbis.so.0.4.3
7f63409b9000-7f63409ba000 rwxp 0002c000 08:01 1052550                    /usr/lib/libvorbis.so.0.4.3
7f63409ba000-7f63409c1000 r-xp 00000000 08:01 1052554                    /usr/lib/libvorbisfile.so.3.3.2
7f63409c1000-7f6340bc0000 ---p 00007000 08:01 1052554                    /usr/lib/libvorbisfile.so.3.3.2
7f6340bc0000-7f6340bc1000 r-xp 00006000 08:01 1052554                    /usr/lib/libvorbisfile.so.3.3.2
7f6340bc1000-7f6340bc2000 rwxp 00007000 08:01 1052554                    /usr/lib/libvorbisfile.so.3.3.2
7f6340bc2000-7f6340bd1000 r-xp 00000000 08:01 1051728                    /usr/lib/libcanberra.so.0.2.1
7f6340bd1000-7f6340dd0000 ---p 0000f000 08:01 1051728                    /usr/lib/libcanberra.so.0.2.1
7f6340dd0000-7f6340dd1000 r-xp 0000e000 08:01 1051728                    /usr/lib/libcanberra.so.0.2.1
7f6340dd1000-7f6340dd2000 rwxp 0000f000 08:01 1051728                    /usr/lib/libcanberra.so.0.2.1
7f6340dd2000-7f6340dd6000 r-xp 00000000 08:01 1051726                    /usr/lib/libcanberra-gtk.so.0.1.5
7f6340dd6000-7f6340fd5000 ---p 00004000 08:01 1051726                    /usr/lib/libcanberra-gtk.so.0.1.5
7f6340fd5000-7f6340fd6000 r-xp 00003000 08:01 1051726                    /usr/lib/libcanberra-gtk.so.0.1.5
7f6340fd6000-7f6340fd7000 rwxp 00004000 08:01 1051726                    /usr/lib/libcanberra-gtk.so.0.1.5
7f6340fd7000-7f6340fdc000 r-xp 00000000 08:01 1055930                    /usr/lib/gtk-2.0/modules/libcanberra-gtk-module.so
7f6340fdc000-7f63411db000 ---p 00005000 08:01 1055930                    /usr/lib/gtk-2.0/modules/libcanberra-gtk-module.so
7f63411db000-7f63411dc000 r-xp 00004000 08:01 1055930                    /usr/lib/gtk-2.0/modules/libcanberra-gtk-module.so
7f63411dc000-7f63411dd000 rwxp 00005000 08:01 1055930                    /usr/lib/gtk-2.0/modules/libcanberra-gtk-module.so
7f63411dd000-7f63411e2000 r-xp 00000000 08:01 1051596                    /usr/lib/libXdmcp.so.6.0.0
7f63411e2000-7f63413e1000 ---p 00005000 08:01 1051596                    /usr/lib/libXdmcp.so.6.0.0
7f63413e1000-7f63413e2000 r-xp 00004000 08:01 1051596                    /usr/lib/libXdmcp.so.6.0.0
7f63413e2000-7f63413e3000 rwxp 00005000 08:01 1051596                    /usr/lib/libXdmcp.so.6.0.0
7f63413e3000-7f63413e5000 r-xp 00000000 08:01 1051585                    /usr/lib/libXau.so.6.0.0
7f63413e5000-7f63415e5000 ---p 00002000 08:01 1051585                    /usr/lib/libXau.so.6.0.0
7f63415e5000-7f63415e6000 r-xp 00002000 08:01 1051585                    /usr/lib/libXau.so.6.0.0
7f63415e6000-7f63415e7000 rwxp 00003000 08:01 1051585                    /usr/lib/libXau.so.6.0.0
7f63415e7000-7f634160d000 r-xp 00000000 08:01 1310795                    /lib/libexpat.so.1.5.2
7f634160d000-7f634180d000 ---p 00026000 08:01 1310795                    /lib/libexpat.so.1.5.2
7f634180d000-7f634180f000 r-xp 00026000 08:01 1310795                    /lib/libexpat.so.1.5.2
7f634180f000-7f6341810000 rwxp 00028000 08:01 1310795                    /lib/libexpat.so.1.5.2
7f6341810000-7f634182b000 r-xp 00000000 08:01 1052591                    /usr/lib/libxcb.so.1.1.0
7f634182b000-7f6341a2a000 ---p 0001b000 08:01 1052591                    /usr/lib/libxcb.so.1.1.0
7f6341a2a000-7f6341a2b000 r-xp 0001a000 08:01 1052591                    /usr/lib/libxcb.so.1.1.0
7f6341a2b000-7f6341a2c000 rwxp 0001b000 08:01 1052591                    /usr/lib/libxcb.so.1.1.0
7f6341a2c000-7f6341a33000 r-xp 00000000 08:01 1052589                    /usr/lib/libxcb-render.so.0.0.0
7f6341a33000-7f6341c33000 ---p 00007000 08:01 1052589                    /usr/lib/libxcb-render.so.0.0.0
7f6341c33000-7f6341c34000 r-xp 00007000 08:01 1052589                    /usr/lib/libxcb-render.so.0.0.0
7f6341c34000-7f6341c35000 rwxp 00008000 08:01 1052589                    /usr/lib/libxcb-render.so.0.0.0
7f6341c35000-7f6341c38000 r-xp 00000000 08:01 1052587                    /usr/lib/libxcb-render-util.so.0.0.0
7f6341c38000-7f6341e37000 ---p 00003000 08:01 1052587                    /usr/lib/libxcb-render-util.so.0.0.0
7f6341e37000-7f6341e38000 r-xp 00002000 08:01 1052587                    /usr/lib/libxcb-render-util.so.0.0.0
7f6341e38000-7f6341e39000 rwxp 00003000 08:01 1052587                    /usr/lib/libxcb-render-util.so.0.0.0
7f6341e39000-7f6341e5e000 r-xp 00000000 08:01 1317244                    /lib/libpng12.so.0.42.0
7f6341e5e000-7f634205e000 ---p 00025000 08:01 1317244                    /lib/libpng12.so.0.42.0
7f634205e000-7f634205f000 r-xp 00025000 08:01 1317244                    /lib/libpng12.so.0.42.0
7f634205f000-7f6342060000 rwxp 00026000 08:01 1317244                    /lib/libpng12.so.0.42.0
7f6342060000-7f6342077000 r-xp 00000000 08:01 1051812                    /usr/lib/libdirect-1.2.so.0.8.0
7f6342077000-7f6342276000 ---p 00017000 08:01 1051812                    /usr/lib/libdirect-1.2.so.0.8.0
7f6342276000-7f6342277000 r-xp 00016000 08:01 1051812                    /usr/lib/libdirect-1.2.so.0.8.0
7f6342277000-7f6342278000 rwxp 00017000 08:01 1051812                    /usr/lib/libdirect-1.2.so.0.8.0
7f6342278000-7f6342279000 rwxp 00000000 00:00 0 
7f6342279000-7f6342282000 r-xp 00000000 08:01 1051889                    /usr/lib/libfusion-1.2.so.0.8.0
7f6342282000-7f6342481000 ---p 00009000 08:01 1051889                    /usr/lib/libfusion-1.2.so.0.8.0
7f6342481000-7f6342482000 r-xp 00008000 08:01 1051889                    /usr/lib/libfusion-1.2.so.0.8.0
7f6342482000-7f6342483000 rwxp 00009000 08:01 1051889                    /usr/lib/libfusion-1.2.so.0.8.0
7f6342483000-7f6342502000 r-xp 00000000 08:01 1051814                    /usr/lib/libdirectfb-1.2.so.0.8.0
7f6342502000-7f6342701000 ---p 0007f000 08:01 1051814                    /usr/lib/libdirectfb-1.2.so.0.8.0
7f6342701000-7f6342703000 r-xp 0007e000 08:01 1051814                    /usr/lib/libdirectfb-1.2.so.0.8.0
7f6342703000-7f6342705000 rwxp 00080000 08:01 1051814                    /usr/lib/libdirectfb-1.2.so.0.8.0
7f6342705000-7f6342706000 rwxp 00000000 00:00 0 
7f6342706000-7f634275b000 r-xp 00000000 08:01 1052356                    /usr/lib/libpixman-1.so.0.16.4
7f634275b000-7f634295b000 ---p 00055000 08:01 1052356                    /usr/lib/libpixman-1.so.0.16.4
7f634295b000-7f634295e000 r-xp 00055000 08:01 1052356                    /usr/lib/libpixman-1.so.0.16.4
7f634295e000-7f634295f000 rwxp 00058000 08:01 1052356                    /usr/lib/libpixman-1.so.0.16.4
7f634295f000-7f634297b000 r-xp 00000000 08:01 1310884                    /lib/libselinux.so.1
7f634297b000-7f6342b7a000 ---p 0001c000 08:01 1310884                    /lib/libselinux.so.1
7f6342b7a000-7f6342b7b000 r-xp 0001b000 08:01 1310884                    /lib/libselinux.so.1
7f6342b7b000-7f6342b7c000 rwxp 0001c000 08:01 1310884                    /lib/libselinux.so.1
7f6342b7c000-7f6342b7d000 rwxp 00000000 00:00 0 
7f6342b7d000-7f6342b93000 r-xp 00000000 08:01 1339309                    /lib/libresolv-2.11.1.so
7f6342b93000-7f6342d92000 ---p 00016000 08:01 1339309                    /lib/libresolv-2.11.1.so
7f6342d92000-7f6342d93000 r-xp 00015000 08:01 1339309                    /lib/libresolv-2.11.1.so
7f6342d93000-7f6342d94000 rwxp 00016000 08:01 1339309                    /lib/libresolv-2.11.1.so
7f6342d94000-7f6342d96000 rwxp 00000000 00:00 0 
7f6342d96000-7f6342dc3000 r-xp 00000000 08:01 1310860                    /lib/libpcre.so.3.12.1
7f6342dc3000-7f6342fc2000 ---p 0002d000 08:01 1310860                    /lib/libpcre.so.3.12.1
7f6342fc2000-7f6342fc3000 r-xp 0002c000 08:01 1310860                    /lib/libpcre.so.3.12.1
7f6342fc3000-7f6342fc4000 rwxp 0002d000 08:01 1310860                    /lib/libpcre.so.3.12.1
7f6342fc4000-7f6342fc9000 r-xp 00000000 08:01 1051600                    /usr/lib/libXfixes.so.3.1.0
7f6342fc9000-7f63431c8000 ---p 00005000 08:01 1051600                    /usr/lib/libXfixes.so.3.1.0
7f63431c8000-7f63431c9000 r-xp 00004000 08:01 1051600                    /usr/lib/libXfixes.so.3.1.0
7f63431c9000-7f63431ca000 rwxp 00005000 08:01 1051600                    /usr/lib/libXfixes.so.3.1.0
7f63431ca000-7f63431cc000 r-xp 00000000 08:01 1051594                    /usr/lib/libXdamage.so.1.1.0
7f63431cc000-7f63433cb000 ---p 00002000 08:01 1051594                    /usr/lib/libXdamage.so.1.1.0
7f63433cb000-7f63433cc000 r-xp 00001000 08:01 1051594                    /usr/lib/libXdamage.so.1.1.0
7f63433cc000-7f63433cd000 rwxp 00002000 08:01 1051594                    /usr/lib/libXdamage.so.1.1.0
7f63433cd000-7f63433cf000 r-xp 00000000 08:01 1051590                    /usr/lib/libXcomposite.so.1.0.0
7f63433cf000-7f63435ce000 ---p 00002000 08:01 1051590                    /usr/lib/libXcomposite.so.1.0.0
7f63435ce000-7f63435cf000 r-xp 00001000 08:01 1051590                    /usr/lib/libXcomposite.so.1.0.0
7f63435cf000-7f63435d0000 rwxp 00002000 08:01 1051590                    /usr/lib/libXcomposite.so.1.0.0
7f63435d0000-7f63435d9000 r-xp 00000000 08:01 1051592                    /usr/lib/libXcursor.so.1.0.2
7f63435d9000-7f63437d8000 ---p 00009000 08:01 1051592                    /usr/lib/libXcursor.so.1.0.2
7f63437d8000-7f63437d9000 r-xp 00008000 08:01 1051592                    /usr/lib/libXcursor.so.1.0.2
7f63437d9000-7f63437da000 rwxp 00009000 08:01 1051592                    /usr/lib/libXcursor.so.1.0.2
7f63437da000-7f63437e2000 r-xp 00000000 08:01 1051618                    /usr/lib/libXrandr.so.2.2.0
7f63437e2000-7f63439e1000 ---p 00008000 08:01 1051618                    /usr/lib/libXrandr.so.2.2.0
7f63439e1000-7f63439e2000 r-xp 00007000 08:01 1051618                    /usr/lib/libXrandr.so.2.2.0
7f63439e2000-7f63439e3000 rwxp 00008000 08:01 1051618                    /usr/lib/libXrandr.so.2.2.0
7f63439e3000-7f63439f2000 r-xp 00000000 08:01 1051606                    /usr/lib/libXi.so.6.1.0
7f63439f2000-7f6343bf1000 ---p 0000f000 08:01 1051606                    /usr/lib/libXi.so.6.1.0
7f6343bf1000-7f6343bf2000 r-xp 0000e000 08:01 1051606                    /usr/lib/libXi.so.6.1.0
7f6343bf2000-7f6343bf3000 rwxp 0000f000 08:01 1051606                    /usr/lib/libXi.so.6.1.0
7f6343bf3000-7f6343bf5000 r-xp 00000000 08:01 1051608                    /usr/lib/libXinerama.so.1.0.0
7f6343bf5000-7f6343df4000 ---p 00002000 08:01 1051608                    /usr/lib/libXinerama.so.1.0.0
7f6343df4000-7f6343df5000 r-xp 00001000 08:01 1051608                    /usr/lib/libXinerama.so.1.0.0
7f6343df5000-7f6343df6000 rwxp 00002000 08:01 1051608                    /usr/lib/libXinerama.so.1.0.0
7f6343df6000-7f6343dff000 r-xp 00000000 08:01 1051620                    /usr/lib/libXrender.so.1.3.0
7f6343dff000-7f6343ffe000 ---p 00009000 08:01 1051620                    /usr/lib/libXrender.so.1.3.0
7f6343ffe000-7f6343fff000 r-xp 00008000 08:01 1051620                    /usr/lib/libXrender.so.1.3.0
7f6343fff000-7f6344000000 rwxp 00009000 08:01 1051620                    /usr/lib/libXrender.so.1.3.0
7f6344000000-7f634756b000 rwxp 00000000 00:00 0 
7f634756b000-7f6348000000 ---p 00000000 00:00 0 
7f6348037000-7f6348048000 r-xp 00000000 08:01 1051598                    /usr/lib/libXext.so.6.4.0
7f6348048000-7f6348247000 ---p 00011000 08:01 1051598                    /usr/lib/libXext.so.6.4.0
7f6348247000-7f6348248000 r-xp 00010000 08:01 1051598                    /usr/lib/libXext.so.6.4.0
7f6348248000-7f6348249000 rwxp 00011000 08:01 1051598                    /usr/lib/libXext.so.6.4.0
7f6348249000-7f634837a000 r-xp 00000000 08:01 1051581                    /usr/lib/libX11.so.6.3.0
7f634837a000-7f634857a000 ---p 00131000 08:01 1051581                    /usr/lib/libX11.so.6.3.0
7f634857a000-7f634857b000 r-xp 00131000 08:01 1051581                    /usr/lib/libX11.so.6.3.0
7f634857b000-7f634857f000 rwxp 00132000 08:01 1051581                    /usr/lib/libX11.so.6.3.0
7f634857f000-7f6348595000 r-xp 00000000 08:01 1310917                    /lib/libz.so.1.2.3.3
7f6348595000-7f6348794000 ---p 00016000 08:01 1310917                    /lib/libz.so.1.2.3.3
7f6348794000-7f6348795000 r-xp 00015000 08:01 1310917                    /lib/libz.so.1.2.3.3
7f6348795000-7f6348796000 rwxp 00016000 08:01 1310917                    /lib/libz.so.1.2.3.3
7f6348796000-7f6348871000 r-xp 00000000 08:01 1317189                    /lib/libglib-2.0.so.0.2400.1
7f6348871000-7f6348a71000 ---p 000db000 08:01 1317189                    /lib/libglib-2.0.so.0.2400.1
7f6348a71000-7f6348a72000 r-xp 000db000 08:01 1317189                    /lib/libglib-2.0.so.0.2400.1
7f6348a72000-7f6348a73000 rwxp 000dc000 08:01 1317189                    /lib/libglib-2.0.so.0.2400.1
7f6348a73000-7f6348a74000 rwxp 00000000 00:00 0 
7f6348a74000-7f6348a77000 r-xp 00000000 08:01 1048778                    /usr/lib/libgmodule-2.0.so.0.2400.1
7f6348a77000-7f6348c76000 ---p 00003000 08:01 1048778                    /usr/lib/libgmodule-2.0.so.0.2400.1
7f6348c76000-7f6348c77000 r-xp 00002000 08:01 1048778                    /usr/lib/libgmodule-2.0.so.0.2400.1
7f6348c77000-7f6348c78000 rwxp 00003000 08:01 1048778                    /usr/lib/libgmodule-2.0.so.0.2400.1
7f6348c78000-7f6348c82000 r-xp 00000000 08:01 1051851                    /usr/lib/libenchant.so.1.6.0
7f6348c82000-7f6348e81000 ---p 0000a000 08:01 1051851                    /usr/lib/libenchant.so.1.6.0
7f6348e81000-7f6348e82000 r-xp 00009000 08:01 1051851                    /usr/lib/libenchant.so.1.6.0
7f6348e82000-7f6348e83000 rwxp 0000a000 08:01 1051851                    /usr/lib/libenchant.so.1.6.0
7f6348e83000-7f6348e87000 r-xp 00000000 08:01 1048782                    /usr/lib/libgthread-2.0.so.0.2400.1
7f6348e87000-7f6349086000 ---p 00004000 08:01 1048782                    /usr/lib/libgthread-2.0.so.0.2400.1
7f6349086000-7f6349087000 r-xp 00003000 08:01 1048782                    /usr/lib/libgthread-2.0.so.0.2400.1
7f6349087000-7f6349088000 rwxp 00004000 08:01 1048782                    /usr/lib/libgthread-2.0.so.0.2400.1
7f6349088000-7f63490cd000 r-xp 00000000 08:01 1048777                    /usr/lib/libgobject-2.0.so.0.2400.1
7f63490cd000-7f63492cd000 ---p 00045000 08:01 1048777                    /usr/lib/libgobject-2.0.so.0.2400.1
7f63492cd000-7f63492ce000 r-xp 00045000 08:01 1048777                    /usr/lib/libgobject-2.0.so.0.2400.1
7f63492ce000-7f63492cf000 rwxp 00046000 08:01 1048777                    /usr/lib/libgobject-2.0.so.0.2400.1
7f63492cf000-7f63492d0000 rwxp 00000000 00:00 0 
7f63492d0000-7f63492d3000 ---p 00000000 00:00 0 
7f63492d3000-7f63493d1000 rwxp 00000000 00:00 0 
7f6349434000-7f6349437000 ---p 00000000 00:00 0 
7f6349437000-7f6349535000 rwxp 00000000 00:00 0 
7f6349535000-7f6349547000 r-xp 00000000 08:01 1209674                    /usr/share/fonts/type1/gsfonts/n019004l.pfb
7f6349547000-7f6349558000 r-xp 00000000 08:01 1209677                    /usr/share/fonts/type1/gsfonts/n019023l.pfb
7f6349558000-7f634956c000 r-xp 00000000 08:01 1209671                    /usr/share/fonts/type1/gsfonts/n019003l.pfb
7f634956c000-7f634956d000 r-xs 00000000 08:01 262300                     /var/cache/fontconfig/c05880de57d1f5e948fdfacc138775d9-le64.cache-3
7f634956d000-7f6349576000 r-xs 00000000 08:01 262297                     /var/cache/fontconfig/945677eb7aeaf62f1d50efc3fb3ec7d8-le64.cache-3
7f6349576000-7f6349578000 r-xs 00000000 08:01 262298                     /var/cache/fontconfig/99e8ed0e538f840c565b6ed5dad60d56-le64.cache-3
7f6349578000-7f634957b000 r-xs 00000000 08:01 262307                     /var/cache/fontconfig/e383d7ea5fbe662a33d9b44caf393297-le64.cache-3
7f634957b000-7f634957c000 r-xs 00000000 08:01 262308                     /var/cache/fontconfig/e7071f4a29fa870f4323321c154eba04-le64.cache-3
7f634957c000-7f6349582000 r-xs 00000000 08:01 262299                     /var/cache/fontconfig/a755afe4a08bf5b97852ceb7400b47bc-le64.cache-3
7f6349582000-7f634958b000 r-xs 00000000 08:01 264892                     /var/cache/fontconfig/6d41288fd70b0be22e8c3a91e032eec0-le64.cache-3
7f634958b000-7f634959b000 r-xs 00000000 08:01 262285                     /var/cache/fontconfig/0f34bcd4b6ee430af32735b75db7f02b-le64.cache-3
7f634959b000-7f63495ce000 r-xp 00000000 08:01 1051877                    /usr/lib/libfontconfig.so.1.4.4
7f63495ce000-7f63497ce000 ---p 00033000 08:01 1051877                    /usr/lib/libfontconfig.so.1.4.4
7f63497ce000-7f63497cf000 r-xp 00033000 08:01 1051877                    /usr/lib/libfontconfig.so.1.4.4
7f63497cf000-7f63497d0000 rwxp 00034000 08:01 1051877                    /usr/lib/libfontconfig.so.1.4.4
7f63497d0000-7f6349850000 r-xp 00000000 08:01 1049626                    /usr/lib/libfreetype.so.6.3.22
7f6349850000-7f6349a50000 ---p 00080000 08:01 1049626                    /usr/lib/libfreetype.so.6.3.22
7f6349a50000-7f6349a55000 r-xp 00080000 08:01 1049626                    /usr/lib/libfreetype.so.6.3.22
7f6349a55000-7f6349a56000 rwxp 00085000 08:01 1049626                    /usr/lib/libfreetype.so.6.3.22
7f6349a56000-7f6349a9d000 r-xp 00000000 08:01 1052326                    /usr/lib/libpango-1.0.so.0.2800.0
7f6349a9d000-7f6349c9d000 ---p 00047000 08:01 1052326                    /usr/lib/libpango-1.0.so.0.2800.0
7f6349c9d000-7f6349c9f000 r-xp 00047000 08:01 1052326                    /usr/lib/libpango-1.0.so.0.2800.0
7f6349c9f000-7f6349ca0000 rwxp 00049000 08:01 1052326                    /usr/lib/libpango-1.0.so.0.2800.0
7f6349ca0000-7f6349d1f000 r-xp 00000000 08:01 1051718                    /usr/lib/libcairo.so.2.10800.10
7f6349d1f000-7f6349f1f000 ---p 0007f000 08:01 1051718                    /usr/lib/libcairo.so.2.10800.10
7f6349f1f000-7f6349f21000 r-xp 0007f000 08:01 1051718                    /usr/lib/libcairo.so.2.10800.10
7f6349f21000-7f6349f22000 rwxp 00081000 08:01 1051718                    /usr/lib/libcairo.so.2.10800.10
7f6349f22000-7f6349f23000 rwxp 00000000 00:00 0 
7f6349f23000-7f6349fd2000 r-xp 00000000 08:01 1050771                    /usr/lib/libgio-2.0.so.0.2400.1
7f6349fd2000-7f634a1d1000 ---p 000af000 08:01 1050771                    /usr/lib/libgio-2.0.so.0.2400.1
7f634a1d1000-7f634a1d3000 r-xp 000ae000 08:01 1050771                    /usr/lib/libgio-2.0.so.0.2400.1
7f634a1d3000-7f634a1d5000 rwxp 000b0000 08:01 1050771                    /usr/lib/libgio-2.0.so.0.2400.1
7f634a1d5000-7f634a1d6000 rwxp 00000000 00:00 0 
7f634a1d6000-7f634a1e1000 r-xp 00000000 08:01 1052328                    /usr/lib/libpangocairo-1.0.so.0.2800.0
7f634a1e1000-7f634a3e1000 ---p 0000b000 08:01 1052328                    /usr/lib/libpangocairo-1.0.so.0.2800.0
7f634a3e1000-7f634a3e2000 r-xp 0000b000 08:01 1052328                    /usr/lib/libpangocairo-1.0.so.0.2800.0
7f634a3e2000-7f634a3e3000 rwxp 0000c000 08:01 1052328                    /usr/lib/libpangocairo-1.0.so.0.2800.0
7f634a3e3000-7f634a3fe000 r-xp 00000000 08:01 1050838                    /usr/lib/libgdk_pixbuf-2.0.so.0.2000.1
7f634a3fe000-7f634a5fd000 ---p 0001b000 08:01 1050838                    /usr/lib/libgdk_pixbuf-2.0.so.0.2000.1
7f634a5fd000-7f634a5fe000 r-xp 0001a000 08:01 1050838                    /usr/lib/libgdk_pixbuf-2.0.so.0.2000.1
7f634a5fe000-7f634a5ff000 rwxp 0001b000 08:01 1050838                    /usr/lib/libgdk_pixbuf-2.0.so.0.2000.1
7f634a5ff000-7f634a627000 r-xp 00000000 08:01 1052330                    /usr/lib/libpangoft2-1.0.so.0.2800.0
7f634a627000-7f634a827000 ---p 00028000 08:01 1052330                    /usr/lib/libpangoft2-1.0.so.0.2800.0
7f634a827000-7f634a828000 r-xp 00028000 08:01 1052330                    /usr/lib/libpangoft2-1.0.so.0.2800.0
7f634a828000-7f634a829000 rwxp 00029000 08:01 1052330                    /usr/lib/libpangoft2-1.0.so.0.2800.0
7f634a829000-7f634a847000 r-xp 00000000 08:01 1050776                    /usr/lib/libatk-1.0.so.0.3009.1
7f634a847000-7f634aa47000 ---p 0001e000 08:01 1050776                    /usr/lib/libatk-1.0.so.0.3009.1
7f634aa47000-7f634aa49000 r-xp 0001e000 08:01 1050776                    /usr/lib/libatk-1.0.so.0.3009.1
7f634aa49000-7f634aa4a000 rwxp 00020000 08:01 1050776                    /usr/lib/libatk-1.0.so.0.3009.1
7f634aa4a000-7f634aaf2000 r-xp 00000000 08:01 1050837                    /usr/lib/libgdk-x11-2.0.so.0.2000.1
7f634aaf2000-7f634acf1000 ---p 000a8000 08:01 1050837                    /usr/lib/libgdk-x11-2.0.so.0.2000.1
7f634acf1000-7f634acf5000 r-xp 000a7000 08:01 1050837                    /usr/lib/libgdk-x11-2.0.so.0.2000.1
7f634acf5000-7f634acf7000 rwxp 000ab000 08:01 1050837                    /usr/lib/libgdk-x11-2.0.so.0.2000.1
7f634acf7000-7f634b10c000 r-xp 00000000 08:01 1050836                    /usr/lib/libgtk-x11-2.0.so.0.2000.1
7f634b10c000-7f634b30c000 ---p 00415000 08:01 1050836                    /usr/lib/libgtk-x11-2.0.so.0.2000.1
7f634b30c000-7f634b313000 r-xp 00415000 08:01 1050836                    /usr/lib/libgtk-x11-2.0.so.0.2000.1
7f634b313000-7f634b317000 rwxp 0041c000 08:01 1050836                    /usr/lib/libgtk-x11-2.0.so.0.2000.1
7f634b317000-7f634b319000 rwxp 00000000 00:00 0 
7f634b319000-7f634b325000 r-xp 00000000 08:01 1052528                    /usr/lib/libunique-1.0.so.0.100.6
7f634b325000-7f634b524000 ---p 0000c000 08:01 1052528                    /usr/lib/libunique-1.0.so.0.100.6
7f634b524000-7f634b525000 r-xp 0000b000 08:01 1052528                    /usr/lib/libunique-1.0.so.0.100.6
7f634b525000-7f634b526000 rwxp 0000c000 08:01 1052528                    /usr/lib/libunique-1.0.so.0.100.6
7f634b526000-7f634b52c000 r-xp 00000000 08:01 1052090                    /usr/lib/libgtkspell.so.0.0.0
7f634b52c000-7f634b72b000 ---p 00006000 08:01 1052090                    /usr/lib/libgtkspell.so.0.0.0
7f634b72b000-7f634b72c000 r-xp 00005000 08:01 1052090                    /usr/lib/libgtkspell.so.0.0.0
7f634b72c000-7f634b72d000 rwxp 00006000 08:01 1052090                    /usr/lib/libgtkspell.so.0.0.0
7f634b72d000-7f634b76a000 r-xp 00000000 08:01 1310780                    /lib/libdbus-1.so.3.4.0
7f634b76a000-7f634b96a000 ---p 0003d000 08:01 1310780                    /lib/libdbus-1.so.3.4.0
7f634b96a000-7f634b96b000 r-xp 0003d000 08:01 1310780                    /lib/libdbus-1.so.3.4.0
7f634b96b000-7f634b96c000 rwxp 0003e000 08:01 1310780                    /lib/libdbus-1.so.3.4.0
7f634b96c000-7f634b98d000 r-xp 00000000 08:01 1051796                    /usr/lib/libdbus-glib-1.so.2.1.0
7f634b98d000-7f634bb8c000 ---p 00021000 08:01 1051796                    /usr/lib/libdbus-glib-1.so.2.1.0
7f634bb8c000-7f634bb8d000 r-xp 00020000 08:01 1051796                    /usr/lib/libdbus-glib-1.so.2.1.0
7f634bb8d000-7f634bb8e000 rwxp 00021000 08:01 1051796                    /usr/lib/libdbus-glib-1.so.2.1.0
7f634bb8e000-7f634bb96000 r-xp 00000000 08:01 1049197                    /usr/lib/libnotify.so.1.1.3
7f634bb96000-7f634bd95000 ---p 00008000 08:01 1049197                    /usr/lib/libnotify.so.1.1.3
7f634bd95000-7f634bd96000 r-xp 00007000 08:01 1049197                    /usr/lib/libnotify.so.1.1.3
7f634bd96000-7f634bd97000 rwxp 00008000 08:01 1049197                    /usr/lib/libnotify.so.1.1.3
7f634bd97000-7f634bdfd000 r-xp 00000000 08:01 1049146                    /usr/lib/libgtksourceview-2.0.so.0.0.0
7f634bdfd000-7f634bffc000 ---p 00066000 08:01 1049146                    /usr/lib/libgtksourceview-2.0.so.0.0.0
7f634bffc000-7f634bffd000 r-xp 00065000 08:01 1049146                    /usr/lib/libgtksourceview-2.0.so.0.0.0
7f634bffd000-7f634c000000 rwxp 00066000 08:01 1049146                    /usr/lib/libgtksourceview-2.0.so.0.0.0
7f634c000000-7f634d954000 rwxp 00000000 00:00 0 
7f634d954000-7f6350000000 ---p 00000000 00:00 0 
7f6350000000-7f6350004000 r-xs 00000000 08:01 262294                     /var/cache/fontconfig/6eb3985aa4124903f6ff08ba781cd364-le64.cache-3
7f6350004000-7f6350007000 r-xs 00000000 08:01 262304                     /var/cache/fontconfig/d60319d88cac85ba9e1a07bd06cfbb8c-le64.cache-3
7f6350007000-7f6350008000 r-xs 00000000 08:01 262727                     /var/cache/fontconfig/4794a0821666d79190d59a36cb4f44b5-le64.cache-3
7f6350008000-7f6350012000 r-xs 00000000 08:01 262303                     /var/cache/fontconfig/d52a8644073d54c13679302ca1180695-le64.cache-3
7f6350012000-7f635001d000 r-xs 00000000 08:01 262680                     /var/cache/fontconfig/e13b20fdb08344e0e664864cc2ede53d-le64.cache-3
7f635001d000-7f6350021000 r-xs 00000000 08:01 262296                     /var/cache/fontconfig/7ef2298fde41cc6eeb7af42e48b7d293-le64.cache-3
7f6350021000-7f6350025000 r-xp 00000000 08:01 1340363                    /usr/share/locale-langpack/en_GB/LC_MESSAGES/gtk20-properties.mo
7f6350025000-7f6350027000 r-xp 00000000 08:01 1344434                    /usr/share/locale-langpack/en_GB/LC_MESSAGES/gtk20.mo
7f6350027000-7f6350028000 r-xp 00000000 08:01 1056557                    /usr/lib/locale/en_GB.utf8/LC_NUMERIC
7f6350028000-7f6350029000 r-xp 00000000 08:01 1056443                    /usr/lib/locale/en_GB.utf8/LC_TIME
7f6350029000-7f6350147000 r-xp 00000000 08:01 1056551                    /usr/lib/locale/en_GB.utf8/LC_COLLATE
7f6350147000-7f635028d000 r-xp 00000000 08:01 1052597                    /usr/lib/libxml2.so.2.7.6
7f635028d000-7f635048c000 ---p 00146000 08:01 1052597                    /usr/lib/libxml2.so.2.7.6
7f635048c000-7f6350494000 r-xp 00145000 08:01 1052597                    /usr/lib/libxml2.so.2.7.6
7f6350494000-7f6350496000 rwxp 0014d000 08:01 1052597                    /usr/lib/libxml2.so.2.7.6
7f6350496000-7f6350497000 rwxp 00000000 00:00 0 
7f6350497000-7f63504af000 r-xp 00000000 08:01 1051944                    /usr/lib/libglade-2.0.so.0.0.7
7f63504af000-7f63506ae000 ---p 00018000 08:01 1051944                    /usr/lib/libglade-2.0.so.0.0.7
7f63506ae000-7f63506af000 r-xp 00017000 08:01 1051944                    /usr/lib/libglade-2.0.so.0.0.7
7f63506af000-7f63506b0000 rwxp 00018000 08:01 1051944                    /usr/lib/libglade-2.0.so.0.0.7
7f63506b0000-7f63506b1000 r-xs 00000000 08:01 262290                     /var/cache/fontconfig/4c73fe0c47614734b17d736dbde7580a-le64.cache-3
7f63506b1000-7f63506b2000 r-xs 00000000 08:01 262284                     /var/cache/fontconfig/0d8c3b2ac0904cb8a57a757ad11a4a08-le64.cache-3
7f63506b2000-7f63506b3000 r-xs 00000000 08:01 262292                     /var/cache/fontconfig/6a53c69dea097a2d716e069445527da8-le64.cache-3
7f63506b3000-7f63506b5000 r-xp 00000000 08:01 1342093                    /usr/share/locale-langpack/en_GB/LC_MESSAGES/glib20.mo
7f63506b6000-7f63506b7000 r-xp 00000000 08:01 1317036                    /usr/share/locale-langpack/en_GB/LC_MESSAGES/libc.mo
7f63506b7000-7f63506b8000 r-xp 00000000 08:01 1055836                    /usr/lib/locale/en_GB.utf8/LC_MONETARY
7f63506b8000-7f63506b9000 r-xp 00000000 08:01 1056574                    /usr/lib/locale/en_GB.utf8/LC_MESSAGES/SYS_LC_MESSAGES
7f63506b9000-7f63506ba000 r-xp 00000000 08:01 1056558                    /usr/lib/locale/en_GB.utf8/LC_PAPER
7f63506ba000-7f63506bb000 r-xp 00000000 08:01 1056439                    /usr/lib/locale/en_GB.utf8/LC_NAME
7f63506bb000-7f63506bc000 r-xp 00000000 08:01 1055837                    /usr/lib/locale/en_GB.utf8/LC_ADDRESS
7f63506bc000-7f63506bd000 r-xp 00000000 08:01 1055838                    /usr/lib/locale/en_GB.utf8/LC_TELEPHONE
7f63506bd000-7f63506be000 r-xp 00000000 08:01 1056554                    /usr/lib/locale/en_GB.utf8/LC_MEASUREMENT
7f63506be000-7f63506bf000 r-xp 00000000 08:01 1055839                    /usr/lib/locale/en_GB.utf8/LC_IDENTIFICATION
7f63506bf000-7f63507c1000 r-xp 00000000 08:01 1060299                    /usr/lib/jni/libgtkjni-4.0.14.so
7f63507c1000-7f63509c0000 ---p 00102000 08:01 1060299                    /usr/lib/jni/libgtkjni-4.0.14.so
7f63509c0000-7f63509c1000 r-xp 00101000 08:01 1060299                    /usr/lib/jni/libgtkjni-4.0.14.so
7f63509c1000-7f63509c8000 rwxp 00102000 08:01 1060299                    /usr/lib/jni/libgtkjni-4.0.14.so
7f63509c8000-7f63509cb000 ---p 00000000 00:00 0 
7f63509cb000-7f6350ac9000 rwxp 00000000 00:00 0 
7f6350ac9000-7f6350acc000 ---p 00000000 00:00 0 
7f6350acc000-7f6350bca000 rwxp 00000000 00:00 0 
7f6350bca000-7f6350bcd000 ---p 00000000 00:00 0 
7f6350bcd000-7f6350ccb000 rwxp 00000000 00:00 0 
7f6350ccb000-7f6350cce000 ---p 00000000 00:00 0 
7f6350cce000-7f6350dcc000 rwxp 00000000 00:00 0 
7f6350dcc000-7f6350dd2000 r-xp 00000000 08:01 1062879                    /usr/lib/jvm/java-6-sun-1.6.0.22/jre/lib/amd64/libmanagement.so
7f6350dd2000-7f6350ed1000 ---p 00006000 08:01 1062879                    /usr/lib/jvm/java-6-sun-1.6.0.22/jre/lib/amd64/libmanagement.so
7f6350ed1000-7f6350ed3000 rwxp 00005000 08:01 1062879                    /usr/lib/jvm/java-6-sun-1.6.0.22/jre/lib/amd64/libmanagement.so
7f6350ed3000-7f6350ee6000 r-xp 00000000 08:01 1062844                    /usr/lib/jvm/java-6-sun-1.6.0.22/jre/lib/amd64/libnet.so
7f6350ee6000-7f6350fe7000 ---p 00013000 08:01 1062844                    /usr/lib/jvm/java-6-sun-1.6.0.22/jre/lib/amd64/libnet.so
7f6350fe7000-7f6350fea000 rwxp 00014000 08:01 1062844                    /usr/lib/jvm/java-6-sun-1.6.0.22/jre/lib/amd64/libnet.so
7f6350fea000-7f6350ff2000 r-xs 00115000 08:01 1062962                    /usr/lib/jvm/java-6-sun-1.6.0.22/jre/lib/resources.jar
7f6350ff2000-7f6350ff3000 r-xs 00006000 08:01 1715609                    /home/will/eclipse/plugins/org.hamcrest.core_1.1.0.v20090501071000.jar
7f6350ff3000-7f6350ff9000 r-xs 00030000 08:01 2102055                    /home/will/eclipse/plugins/org.junit_4.8.1.v4_8_1_v20100427-1100/junit.jar
7f6350ff9000-7f6351000000 r-xs 00080000 08:01 1716187                    /home/will/hdf-java/lib/netcdf.jar
7f6351000000-7f6351003000 r-xs 0001b000 08:01 1716184                    /home/will/hdf-java/lib/junit.jar
7f6351003000-7f6351007000 r-xs 0004d000 08:01 1716186                    /home/will/hdf-java/lib/jhdfview.jar
7f6351007000-7f6351008000 r-xs 00004000 08:01 1716183                    /home/will/hdf-java/lib/jhdfobj.jar
7f6351008000-7f6351009000 r-xs 0000c000 08:01 1716181                    /home/will/hdf-java/lib/jhdf5obj.jar
7f6351009000-7f635100a000 r-xs 0000b000 08:01 1716182                    /home/will/hdf-java/lib/jhdf5.jar
7f635100a000-7f635100b000 r-xs 00008000 08:01 1716185                    /home/will/hdf-java/lib/jhdf4obj.jar
7f635100b000-7f635100d000 r-xs 00008000 08:01 1716188                    /home/will/hdf-java/lib/jhdf.jar
7f635100d000-7f635100f000 r-xs 00018000 08:01 1716189                    /home/will/hdf-java/lib/fits.jar
7f635100f000-7f6351012000 r-xs 00013000 08:01 2104776                    /home/will/.ivy2/cache/commons-io/commons-io/jars/commons-io-1.3.2.jar
7f6351012000-7f6351013000 r-xs 00003000 08:01 2104770                    /home/will/.ivy2/cache/net.sf.opencsv/opencsv/jars/opencsv-2.0.1.jar
7f6351013000-7f6351025000 r-xs 000c9000 08:01 2229721                    /home/will/.ivy2/cache/xerces/xercesImpl/jars/xercesImpl-2.4.0.jar
7f6351025000-7f6351034000 r-xs 0009f000 08:01 2105311                    /home/will/.ivy2/cache/com.vividsolutions/jts/jars/jts-1.11.jar
7f6351034000-7f635103f000 r-xs 0008a000 08:01 2104870                    /home/will/.ivy2/cache/c3p0/c3p0/jars/c3p0-0.9.1.jar
7f635103f000-7f6351044000 r-xs 00016000 08:01 2104868                    /home/will/.ivy2/cache/xml-apis/xml-apis/jars/xml-apis-1.0.b2.jar
7f6351044000-7f6351049000 r-xs 00048000 08:01 1975061                    /home/will/.ivy2/cache/dom4j/dom4j/jars/dom4j-1.6.1.jar
7f6351049000-7f6351056000 r-xs 0007c000 08:01 2104863                    /home/will/.ivy2/cache/commons-collections/commons-collections/jars/commons-collections-3.1.jar
7f6351056000-7f635105c000 r-xs 00067000 08:01 2104861                    /home/will/.ivy2/cache/antlr/antlr/jars/antlr-2.7.6.jar
7f635105c000-7f635107f000 r-xs 00211000 08:01 2104851                    /home/will/.ivy2/cache/org.hibernate/hibernate-core/jars/hibernate-core-3.3.2.GA.jar
7f635107f000-7f6351088000 r-xs 00089000 08:01 2104849                    /home/will/.ivy2/cache/javassist/javassist/jars/javassist-3.8.0.GA.jar
7f6351088000-7f635108d000 r-xs 0006f000 08:01 2104847                    /home/will/.ivy2/cache/postgresql/postgresql/jars/postgresql-8.3-603.jdbc4.jar
7f635108d000-7f63510b5000 r-xs 00135000 08:01 1181839                    /usr/share/java/gtk-4.0.jar
7f63510b5000-7f63510c4000 r-xs 000c6000 08:01 2228361                    /home/will/.ivy2/cache/org.freemarker/freemarker/jars/freemarker-2.3.14.jar
7f63510c4000-7f63510ce000 r-xs 0006d000 08:01 2104859                    /home/will/.ivy2/cache/com.vividsolutions/jts/jars/jts-1.8.jar
7f63510ce000-7f63510cf000 ---p 00000000 00:00 0 
7f63510cf000-7f63511cf000 rwxp 00000000 00:00 0 
7f63511cf000-7f63511d2000 ---p 00000000 00:00 0 
7f63511d2000-7f63512d0000 rwxp 00000000 00:00 0 
7f63512d0000-7f63512d3000 ---p 00000000 00:00 0 
7f63512d3000-7f63513d1000 rwxp 00000000 00:00 0 
7f63513d1000-7f63513d4000 ---p 00000000 00:00 0 
7f63513d4000-7f63514d2000 rwxp 00000000 00:00 0 
7f63514d2000-7f6351511000 r-xp 00000000 08:01 1056552                    /usr/lib/locale/en_GB.utf8/LC_CTYPE
7f6351511000-7f6351514000 ---p 00000000 00:00 0 
7f6351514000-7f6351612000 rwxp 00000000 00:00 0 
7f6351612000-7f6351615000 ---p 00000000 00:00 0 
7f6351615000-7f6351713000 rwxp 00000000 00:00 0 
7f6351713000-7f6351714000 ---p 00000000 00:00 0 
7f6351714000-7f6351d4c000 rwxp 00000000 00:00 0 
7f6351d4c000-7f6351ee4000 r-xs 03013000 08:01 1062965                    /usr/lib/jvm/java-6-sun-1.6.0.22/jre/lib/rt.jar
7f6351ee4000-7f6351f0c000 rwxp 00000000 00:00 0 
7f6351f0c000-7f6351f0d000 ---p 00000000 00:00 0 
7f6351f0d000-7f635200d000 rwxp 00000000 00:00 0 
7f635200d000-7f635200e000 ---p 00000000 00:00 0 
7f635200e000-7f635210e000 rwxp 00000000 00:00 0 
7f635210e000-7f635210f000 ---p 00000000 00:00 0 
7f635210f000-7f635220f000 rwxp 00000000 00:00 0 
7f635220f000-7f6352210000 ---p 00000000 00:00 0 
7f6352210000-7f635231b000 rwxp 00000000 00:00 0 
7f635231b000-7f635233a000 rwxp 00000000 00:00 0 
7f635233a000-7f6352367000 rwxp 00000000 00:00 0 
7f6352367000-7f63525e5000 rwxp 00000000 00:00 0 
7f63525e5000-7f63525f0000 rwxp 00000000 00:00 0 
7f63525f0000-7f635260f000 rwxp 00000000 00:00 0 
7f635260f000-7f635263c000 rwxp 00000000 00:00 0 
7f635263c000-7f63528b9000 rwxp 00000000 00:00 0 
7f63528b9000-7f6352935000 rwxp 00000000 00:00 0 
7f6352935000-7f6352a0f000 rwxp 00000000 00:00 0 
7f6352a0f000-7f6353ed0000 rwxp 00000000 00:00 0 
7f6353ed0000-7f6357e10000 rwxp 00000000 00:00 0 
7f6357e10000-7f635d700000 rwxp 00000000 00:00 0 
7f635d700000-7f63ad370000 rwxp 00000000 00:00 0 
7f63ad370000-7f63bc950000 rwxp 00000000 00:00 0 
7f63bc950000-7f63d7e10000 rwxp 00000000 00:00 0 
7f63d7e10000-7f63d7e11000 r-xs 00002000 08:01 1716415                    /home/will/.ivy2/cache/org.hibernatespatial/hibernate-spatial-postgis/jars/hibernate-spatial-postgis-1.0.jar
7f63d7e11000-7f63d7e13000 r-xs 00011000 08:01 1716413                    /home/will/.ivy2/cache/org.hibernatespatial/hibernate-spatial/jars/hibernate-spatial-1.0.jar
7f63d7e13000-7f63d7e15000 r-xs 00011000 08:01 2104841                    /home/will/.ivy2/cache/org.postgis/postgis-jdbc/jars/postgis-jdbc-1.3.3.jar
7f63d7e15000-7f63d7e1c000 r-xs 00053000 08:01 2104872                    /home/will/.ivy2/cache/log4j/log4j/jars/log4j-1.2.14.jar
7f63d7e1c000-7f63d808c000 rwxp 00000000 00:00 0 
7f63d808c000-7f63dae1c000 rwxp 00000000 00:00 0 
7f63dae1c000-7f63dae2a000 r-xp 00000000 08:01 1062866                    /usr/lib/jvm/java-6-sun-1.6.0.22/jre/lib/amd64/libzip.so
7f63dae2a000-7f63daf2c000 ---p 0000e000 08:01 1062866                    /usr/lib/jvm/java-6-sun-1.6.0.22/jre/lib/amd64/libzip.so
7f63daf2c000-7f63daf2f000 rwxp 00010000 08:01 1062866                    /usr/lib/jvm/java-6-sun-1.6.0.22/jre/lib/amd64/libzip.so
7f63daf2f000-7f63daf30000 rwxp 00000000 00:00 0 
7f63daf30000-7f63daf3c000 r-xp 00000000 08:01 1339997                    /lib/libnss_files-2.11.1.so
7f63daf3c000-7f63db13b000 ---p 0000c000 08:01 1339997                    /lib/libnss_files-2.11.1.so
7f63db13b000-7f63db13c000 r-xp 0000b000 08:01 1339997                    /lib/libnss_files-2.11.1.so
7f63db13c000-7f63db13d000 rwxp 0000c000 08:01 1339997                    /lib/libnss_files-2.11.1.so
7f63db13d000-7f63db147000 r-xp 00000000 08:01 1339331                    /lib/libnss_nis-2.11.1.so
7f63db147000-7f63db346000 ---p 0000a000 08:01 1339331                    /lib/libnss_nis-2.11.1.so
7f63db346000-7f63db347000 r-xp 00009000 08:01 1339331                    /lib/libnss_nis-2.11.1.so
7f63db347000-7f63db348000 rwxp 0000a000 08:01 1339331                    /lib/libnss_nis-2.11.1.so
7f63db348000-7f63db350000 r-xp 00000000 08:01 1339320                    /lib/libnss_compat-2.11.1.so
7f63db350000-7f63db54f000 ---p 00008000 08:01 1339320                    /lib/libnss_compat-2.11.1.so
7f63db54f000-7f63db550000 r-xp 00007000 08:01 1339320                    /lib/libnss_compat-2.11.1.so
7f63db550000-7f63db551000 rwxp 00008000 08:01 1339320                    /lib/libnss_compat-2.11.1.so
7f63db551000-7f63db558000 r-xp 00000000 08:01 1062878                    /usr/lib/jvm/java-6-sun-1.6.0.22/jre/lib/amd64/native_threads/libhpi.so
7f63db558000-7f63db659000 ---p 00007000 08:01 1062878                    /usr/lib/jvm/java-6-sun-1.6.0.22/jre/lib/amd64/native_threads/libhpi.so
7f63db659000-7f63db65b000 rwxp 00008000 08:01 1062878                    /usr/lib/jvm/java-6-sun-1.6.0.22/jre/lib/amd64/native_threads/libhpi.so
7f63db65b000-7f63db65c000 rwxp 00000000 00:00 0 
7f63db65c000-7f63db673000 r-xp 00000000 08:01 1314605                    /lib/libnsl-2.11.1.so
7f63db673000-7f63db872000 ---p 00017000 08:01 1314605                    /lib/libnsl-2.11.1.so
7f63db872000-7f63db873000 r-xp 00016000 08:01 1314605                    /lib/libnsl-2.11.1.so
7f63db873000-7f63db874000 rwxp 00017000 08:01 1314605                    /lib/libnsl-2.11.1.so
7f63db874000-7f63db876000 rwxp 00000000 00:00 0 
7f63db876000-7f63db89e000 r-xp 00000000 08:01 1062865                    /usr/lib/jvm/java-6-sun-1.6.0.22/jre/lib/amd64/libjava.so
7f63db89e000-7f63db99e000 ---p 00028000 08:01 1062865                    /usr/lib/jvm/java-6-sun-1.6.0.22/jre/lib/amd64/libjava.so
7f63db99e000-7f63db9a5000 rwxp 00028000 08:01 1062865                    /usr/lib/jvm/java-6-sun-1.6.0.22/jre/lib/amd64/libjava.so
7f63db9a5000-7f63db9b2000 r-xp 00000000 08:01 1062843                    /usr/lib/jvm/java-6-sun-1.6.0.22/jre/lib/amd64/libverify.so
7f63db9b2000-7f63dbab1000 ---p 0000d000 08:01 1062843                    /usr/lib/jvm/java-6-sun-1.6.0.22/jre/lib/amd64/libverify.so
7f63dbab1000-7f63dbab4000 rwxp 0000c000 08:01 1062843                    /usr/lib/jvm/java-6-sun-1.6.0.22/jre/lib/amd64/libverify.so
7f63dbab4000-7f63dbabb000 r-xp 00000000 08:01 1339301                    /lib/librt-2.11.1.so
7f63dbabb000-7f63dbcba000 ---p 00007000 08:01 1339301                    /lib/librt-2.11.1.so
7f63dbcba000-7f63dbcbb000 r-xp 00006000 08:01 1339301                    /lib/librt-2.11.1.so
7f63dbcbb000-7f63dbcbc000 rwxp 00007000 08:01 1339301                    /lib/librt-2.11.1.so
7f63dbcbc000-7f63dbcbf000 ---p 00000000 00:00 0 
7f63dbcbf000-7f63dbdbd000 rwxp 00000000 00:00 0 
7f63dbdbd000-7f63dbe3f000 r-xp 00000000 08:01 1314604                    /lib/libm-2.11.1.so
7f63dbe3f000-7f63dc03e000 ---p 00082000 08:01 1314604                    /lib/libm-2.11.1.so
7f63dc03e000-7f63dc03f000 r-xp 00081000 08:01 1314604                    /lib/libm-2.11.1.so
7f63dc03f000-7f63dc040000 rwxp 00082000 08:01 1314604                    /lib/libm-2.11.1.so
7f63dc040000-7f63dc81a000 r-xp 00000000 08:01 1062869                    /usr/lib/jvm/java-6-sun-1.6.0.22/jre/lib/amd64/server/libjvm.so
7f63dc81a000-7f63dc91c000 ---p 007da000 08:01 1062869                    /usr/lib/jvm/java-6-sun-1.6.0.22/jre/lib/amd64/server/libjvm.so
7f63dc91c000-7f63dcaad000 rwxp 007dc000 08:01 1062869                    /usr/lib/jvm/java-6-sun-1.6.0.22/jre/lib/amd64/server/libjvm.so
7f63dcaad000-7f63dcae8000 rwxp 00000000 00:00 0 
7f63dcae8000-7f63dcc62000 r-xp 00000000 08:01 1339993                    /lib/libc-2.11.1.so
7f63dcc62000-7f63dce61000 ---p 0017a000 08:01 1339993                    /lib/libc-2.11.1.so
7f63dce61000-7f63dce65000 r-xp 00179000 08:01 1339993                    /lib/libc-2.11.1.so
7f63dce65000-7f63dce66000 rwxp 0017d000 08:01 1339993                    /lib/libc-2.11.1.so
7f63dce66000-7f63dce6b000 rwxp 00000000 00:00 0 
7f63dce6b000-7f63dce6d000 r-xp 00000000 08:01 1339998                    /lib/libdl-2.11.1.so
7f63dce6d000-7f63dd06d000 ---p 00002000 08:01 1339998                    /lib/libdl-2.11.1.so
7f63dd06d000-7f63dd06e000 r-xp 00002000 08:01 1339998                    /lib/libdl-2.11.1.so
7f63dd06e000-7f63dd06f000 rwxp 00003000 08:01 1339998                    /lib/libdl-2.11.1.so
7f63dd06f000-7f63dd087000 r-xp 00000000 08:01 1339979                    /lib/libpthread-2.11.1.so
7f63dd087000-7f63dd286000 ---p 00018000 08:01 1339979                    /lib/libpthread-2.11.1.so
7f63dd286000-7f63dd287000 r-xp 00017000 08:01 1339979                    /lib/libpthread-2.11.1.so
7f63dd287000-7f63dd288000 rwxp 00018000 08:01 1339979                    /lib/libpthread-2.11.1.so
7f63dd288000-7f63dd28c000 rwxp 00000000 00:00 0 
7f63dd28c000-7f63dd2ac000 r-xp 00000000 08:01 1339277                    /lib/ld-2.11.1.so
7f63dd2ac000-7f63dd2ad000 r-xs 00001000 08:01 2104853                    /home/will/.ivy2/cache/org.hibernate/hibernate-c3p0/jars/hibernate-c3p0-3.3.2.GA.jar
7f63dd2ad000-7f63dd2ae000 r-xs 00005000 08:01 2104865                    /home/will/.ivy2/cache/org.slf4j/slf4j-api/jars/slf4j-api-1.5.8.jar
7f63dd2ae000-7f63dd2af000 r-xs 00002000 08:01 2104855                    /home/will/.ivy2/cache/org.slf4j/slf4j-log4j12/jars/slf4j-log4j12-1.5.8.jar
7f63dd2af000-7f63dd2b1000 r-xs 0000a000 08:01 1066155                    /usr/lib/jvm/java-6-sun-1.6.0.22/jre/lib/ext/mlibwrapper_jai.jar
7f63dd2b1000-7f63dd2c5000 r-xs 001bd000 08:01 1066153                    /usr/lib/jvm/java-6-sun-1.6.0.22/jre/lib/ext/jai_core.jar
7f63dd2c5000-7f63dd2cc000 r-xs 00000000 08:01 1063925                    /usr/lib/gconv/gconv-modules.cache
7f63dd2cc000-7f63dd2d6000 rwxp 00000000 00:00 0 
7f63dd2d6000-7f63dd38c000 rwxp 00000000 00:00 0 
7f63dd38c000-7f63dd38f000 rwxp 00000000 00:00 0 
7f63dd38f000-7f63dd396000 r-xp 00000000 08:01 1062840                    /usr/lib/jvm/java-6-sun-1.6.0.22/jre/lib/amd64/jli/libjli.so
7f63dd396000-7f63dd497000 ---p 00007000 08:01 1062840                    /usr/lib/jvm/java-6-sun-1.6.0.22/jre/lib/amd64/jli/libjli.so
7f63dd497000-7f63dd499000 rwxp 00008000 08:01 1062840                    /usr/lib/jvm/java-6-sun-1.6.0.22/jre/lib/amd64/jli/libjli.so
7f63dd499000-7f63dd49a000 rwxp 00000000 00:00 0 
7f63dd49a000-7f63dd49b000 r-xs 00003000 08:01 1975063                    /home/will/.ivy2/cache/javax.transaction/jta/jars/jta-1.1.jar
7f63dd49b000-7f63dd49f000 r-xs 0003c000 08:01 1066154                    /usr/lib/jvm/java-6-sun-1.6.0.22/jre/lib/ext/jai_codec.jar
7f63dd49f000-7f63dd4a7000 rwxs 00000000 08:01 1718304                    /tmp/hsperfdata_will/4292
7f63dd4a7000-7f63dd4a8000 rwxp 00000000 00:00 0 
7f63dd4a8000-7f63dd4a9000 ---p 00000000 00:00 0 
7f63dd4a9000-7f63dd4ab000 rwxp 00000000 00:00 0 
7f63dd4ab000-7f63dd4ac000 r-xp 0001f000 08:01 1339277                    /lib/ld-2.11.1.so
7f63dd4ac000-7f63dd4ad000 rwxp 00020000 08:01 1339277                    /lib/ld-2.11.1.so
7f63dd4ad000-7f63dd4ae000 rwxp 00000000 00:00 0 
7fffb493d000-7fffb4952000 rwxp 00000000 00:00 0                          [stack]
7fffb49ff000-7fffb4a00000 r-xp 00000000 00:00 0                          [vdso]
ffffffffff600000-ffffffffff601000 r-xp 00000000 00:00 0                  [vsyscall]

VM Arguments:
jvm_args: -Xmx2048M -Djava.library.path=/home/will/hdf-java/lib/linux:/home/will/hdf-java/lib/linux -Dfile.encoding=UTF-8 
java_command: uk.ac.ox.map.carto.CountryLevelMaps
Launcher Type: SUN_STANDARD

Environment Variables:
PATH=/usr/local/sbin:/usr/local/bin:/usr/sbin:/usr/bin:/sbin:/bin:/usr/games
USERNAME=will
LD_LIBRARY_PATH=/usr/lib/jvm/java-6-sun-1.6.0.22/jre/lib/amd64/server:/usr/lib/jvm/java-6-sun-1.6.0.22/jre/lib/amd64:/usr/lib/jvm/java-6-sun-1.6.0.22/jre/../lib/amd64:/usr/lib64/xulrunner-addons
SHELL=/bin/bash
DISPLAY=:0.0

Signal Handlers:
SIGSEGV: [libjvm.so+0x731250], sa_mask[0]=0x7ffbfeff, sa_flags=0x10000004
SIGBUS: [libjvm.so+0x731250], sa_mask[0]=0x7ffbfeff, sa_flags=0x10000004
SIGFPE: [libjvm.so+0x5f5e30], sa_mask[0]=0x7ffbfeff, sa_flags=0x10000004
SIGPIPE: SIG_IGN, sa_mask[0]=0x00001000, sa_flags=0x10000000
SIGXFSZ: [libjvm.so+0x5f5e30], sa_mask[0]=0x7ffbfeff, sa_flags=0x10000004
SIGILL: [libjvm.so+0x5f5e30], sa_mask[0]=0x7ffbfeff, sa_flags=0x10000004
SIGUSR1: SIG_DFL, sa_mask[0]=0x00000000, sa_flags=0x00000000
SIGUSR2: [libjvm.so+0x5f8650], sa_mask[0]=0x00000004, sa_flags=0x10000004
SIGHUP: [libjvm.so+0x5f83a0], sa_mask[0]=0x7ffbfeff, sa_flags=0x10000004
SIGINT: [libjvm.so+0x5f83a0], sa_mask[0]=0x7ffbfeff, sa_flags=0x10000004
SIGTERM: [libjvm.so+0x5f83a0], sa_mask[0]=0x7ffbfeff, sa_flags=0x10000004
SIGQUIT: [libjvm.so+0x5f83a0], sa_mask[0]=0x7ffbfeff, sa_flags=0x10000004


---------------  S Y S T E M  ---------------

OS:squeeze/sid

uname:Linux 2.6.32-25-generic #45-Ubuntu SMP Sat Oct 16 19:52:42 UTC 2010 x86_64
libc:glibc 2.11.1 NPTL 2.11.1 
rlimit: STACK 8192k, CORE 0k, NPROC infinity, NOFILE 1024, AS infinity
load average:0.42 0.57 0.74

CPU:total 4 (4 cores per cpu, 1 threads per core) family 6 model 44 stepping 2, cmov, cx8, fxsr, mmx, sse, sse2, sse3, ssse3

Memory: 4k page, physical 6126596k(4129260k free), swap 1764344k(1725888k free)

vm_info: Java HotSpot(TM) 64-Bit Server VM (17.1-b03) for linux-amd64 JRE (1.6.0_22-b04), built on Sep 15 2010 01:07:59 by "java_re" with gcc 3.2.2 (SuSE Linux)

time: Tue Oct 26 17:21:55 2010
elapsed time: 21 seconds

