#
# A fatal error has been detected by the Java Runtime Environment:
#
#  SIGSEGV (0xb) at pc=0x00007fed07250ee9, pid=16235, tid=140654256846608
#
# JRE version: 6.0_22-b04
# Java VM: Java HotSpot(TM) 64-Bit Server VM (17.1-b03 mixed mode linux-amd64 )
# Problematic frame:
# V  [libjvm.so+0x3b9ee9]
#
# If you would like to submit a bug report, please visit:
#   http://java.sun.com/webapps/bugreport/crash.jsp
#

---------------  T H R E A D  ---------------

Current thread (0x000000004161d800):  VMThread [stack: 0x00007fec9ef3f000,0x00007fec9f040000] [id=16245]

siginfo:si_signo=SIGSEGV: si_errno=0, si_code=1 (SEGV_MAPERR), si_addr=0x0000000100500000

Registers:
RAX=0x00007feca0927330, RBX=0x0000000100500000, RCX=0x0000000000000005, RDX=0x00007feca0927328
RSP=0x00007fec9f03e480, RBP=0x00007fec9f03e4c0, RSI=0x00007feceae99438, RDI=0x00007feceae99440
R8 =0x0000000000000001, R9 =0x0000000000000005, R10=0x0000000000000001, R11=0x0000000000000005
R12=0x00007feceae99458, R13=0x00007fed077d2430, R14=0x00007feca0927328, R15=0x00007feceae99478
RIP=0x00007fed07250ee9, EFL=0x0000000000010206, CSGSFS=0x0000000000000033, ERR=0x0000000000000004
  TRAPNO=0x000000000000000e

Top of Stack: (sp=0x00007fec9f03e480)
0x00007fec9f03e480:   00007feca0927330 00007feceae99438
0x00007fec9f03e490:   0000000000000003 00007feceae99438
0x00007fec9f03e4a0:   00007fecea0d33c0 000000000000000d
0x00007fec9f03e4b0:   00007fecea0dacf8 00000000415ceb60
0x00007fec9f03e4c0:   00007fec9f03e500 00007fed07477753
0x00007fec9f03e4d0:   0000000000000003 0000000000000003
0x00007fec9f03e4e0:   00007feca0629178 00007fec9f03e550
0x00007fec9f03e4f0:   0000000000000000 00007fec9f03e560
0x00007fec9f03e500:   00007fec9f03e520 00007fed07427673
0x00007fec9f03e510:   00007fec9f03e520 00007fed0790b980
0x00007fec9f03e520:   00007fec9f03e5c0 00007fed074cd9f4
0x00007fec9f03e530:   00007fed077dc830 00007fed0743b200
0x00007fec9f03e540:   00007fed0790b980 0000000000000001
0x00007fec9f03e550:   0000000000000001 00007fed079d8f01
0x00007fec9f03e560:   0000000041010100 0000000000000000
0x00007fec9f03e570:   000000004161cf30 00000000415dce00
0x00007fec9f03e580:   00007fec9f03e5a0 00000000415b80e0
0x00007fec9f03e590:   000000004161b680 000000004161b730
0x00007fec9f03e5a0:   00000000005b2000 00007fed077e2368
0x00007fec9f03e5b0:   00007fed077e4770 0000000000000000
0x00007fec9f03e5c0:   00007fec9f03e7f0 00007fed074cc8e9
0x00007fec9f03e5d0:   000000000545d3e8 0000000008f34fc8
0x00007fec9f03e5e0:   00007fec9f03e7a0 00007fec9f03e6b0
0x00007fec9f03e5f0:   00007fec9f03e6f0 00007fec9f03e720
0x00007fec9f03e600:   00007fec9f03e780 000000000e3923b0
0x00007fec9f03e610:   00007fec9f03e7b0 00000000415d0270
0x00007fec9f03e620:   00000000051d0620 000000000aadc498
0x00007fec9f03e630:   000000000143bb48 000000000fcacab8
0x00007fec9f03e640:   00007fec9f03e6e0 00007fec9f03e720
0x00007fec9f03e650:   00007fec9f03e750 00007fec9f03e7b0
0x00007fec9f03e660:   00000000415d0850 00000000415ce950
0x00007fec9f03e670:   00000000415ce8c0 00000000415d0270 

Instructions: (pc=0x00007fed07250ee9)
0x00007fed07250ed9:   cc 4d 39 fc 73 75 90 49 8b 1c 24 48 85 db 74 62
0x00007fed07250ee9:   4c 8b 13 41 83 e2 03 49 83 fa 03 74 55 4c 8b 2b 

Stack: [0x00007fec9ef3f000,0x00007fec9f040000],  sp=0x00007fec9f03e480,  free space=3fd0000000000000018k
Native frames: (J=compiled Java code, j=interpreted, Vv=VM code, C=native code)
V  [libjvm.so+0x3b9ee9]
V  [libjvm.so+0x5e0753]
V  [libjvm.so+0x590673]
V  [libjvm.so+0x6369f4]
V  [libjvm.so+0x6358e9]
V  [libjvm.so+0x6427c7]
V  [libjvm.so+0x60a1de]
V  [libjvm.so+0x731ca9]
V  [libjvm.so+0x73edda]
V  [libjvm.so+0x73e3f2]
V  [libjvm.so+0x73e663]
V  [libjvm.so+0x73e16e]
V  [libjvm.so+0x5f816f]

VM_Operation (0x00007fed06c10c20): ParallelGCFailedAllocation, mode: safepoint, requested by thread 0x00000000415c0800


---------------  P R O C E S S  ---------------

Java Threads: ( => current thread )
  0x00007fec98312800 JavaThread "com.mchange.v2.async.ThreadPoolAsynchronousRunner$PoolThread-#2" daemon [_thread_blocked, id=16256, stack(0x00007fec9e1e8000,0x00007fec9e2e9000)]
  0x00007fec982b4800 JavaThread "com.mchange.v2.async.ThreadPoolAsynchronousRunner$PoolThread-#1" daemon [_thread_blocked, id=16255, stack(0x00007fec9e2e9000,0x00007fec9e3ea000)]
  0x00007fec98986800 JavaThread "com.mchange.v2.async.ThreadPoolAsynchronousRunner$PoolThread-#0" daemon [_thread_blocked, id=16254, stack(0x00007fec9e3ea000,0x00007fec9e4eb000)]
  0x00007fec984eb000 JavaThread "Timer-0" daemon [_thread_blocked, id=16253, stack(0x00007fec9e4eb000,0x00007fec9e5ec000)]
  0x0000000041650000 JavaThread "Low Memory Detector" daemon [_thread_blocked, id=16251, stack(0x00007fec9e9fb000,0x00007fec9eafc000)]
  0x000000004164e000 JavaThread "CompilerThread1" daemon [_thread_blocked, id=16250, stack(0x00007fec9eafc000,0x00007fec9ebfd000)]
  0x000000004164b000 JavaThread "CompilerThread0" daemon [_thread_blocked, id=16249, stack(0x00007fec96afc000,0x00007fec96bfd000)]
  0x0000000041649000 JavaThread "Signal Dispatcher" daemon [_thread_blocked, id=16248, stack(0x00007fec9ebfd000,0x00007fec9ecfe000)]
  0x0000000041629800 JavaThread "Finalizer" daemon [_thread_blocked, id=16247, stack(0x00007fec9ed3d000,0x00007fec9ee3e000)]
  0x0000000041622000 JavaThread "Reference Handler" daemon [_thread_blocked, id=16246, stack(0x00007fec9ee3e000,0x00007fec9ef3f000)]
  0x00000000415c0800 JavaThread "main" [_thread_blocked, id=16236, stack(0x00007fed06b13000,0x00007fed06c14000)]

Other Threads:
=>0x000000004161d800 VMThread [stack: 0x00007fec9ef3f000,0x00007fec9f040000] [id=16245]
  0x00007fec9800c000 WatcherThread [stack: 0x00007fec9e8fa000,0x00007fec9e9fb000] [id=16252]

VM state:at safepoint (normal execution)

VM Mutex/Monitor currently owned by a thread:  ([mutex/lock_event])
[0x00000000415bd360] Threads_lock - owner thread: 0x000000004161d800
[0x00000000415bd860] Heap_lock - owner thread: 0x00000000415c0800

Heap
 PSYoungGen      total 94592K, used 83777K [0x00007fece39d0000, 0x00007fecf0860000, 0x00007fed02c70000)
  eden space 12096K, 78% used [0x00007fece39d0000,0x00007fece4308940,0x00007fece45a0000)
  from space 82496K, 90% used [0x00007fecea0c0000,0x00007fecee957ce0,0x00007fecef150000)
  to   space 93312K, 0% used [0x00007fece45a0000,0x00007fece45a0000,0x00007fecea0c0000)
 PSOldGen        total 190464K, used 174961K [0x00007feca5470000, 0x00007fecb0e70000, 0x00007fece39d0000)
  object space 190464K, 91% used [0x00007feca5470000,0x00007fecaff4c498,0x00007fecb0e70000)
 PSPermGen       total 46464K, used 20718K [0x00007feca0070000, 0x00007feca2dd0000, 0x00007feca5470000)
  object space 46464K, 44% used [0x00007feca0070000,0x00007feca14abb48,0x00007feca2dd0000)

Dynamic libraries:
40000000-40009000 r-xp 00000000 08:01 1050764                            /usr/lib/jvm/java-6-sun-1.6.0.22/jre/bin/java
40108000-4010a000 rwxp 00008000 08:01 1050764                            /usr/lib/jvm/java-6-sun-1.6.0.22/jre/bin/java
415b6000-43153000 rwxp 00000000 00:00 0                                  [heap]
7fec917a7000-7fec917cf000 r-xp 00000000 08:01 1055884                    /usr/lib/gtk-2.0/2.10.0/engines/libmurrine.so
7fec917cf000-7fec919ce000 ---p 00028000 08:01 1055884                    /usr/lib/gtk-2.0/2.10.0/engines/libmurrine.so
7fec919ce000-7fec919cf000 r-xp 00027000 08:01 1055884                    /usr/lib/gtk-2.0/2.10.0/engines/libmurrine.so
7fec919cf000-7fec919d0000 rwxp 00028000 08:01 1055884                    /usr/lib/gtk-2.0/2.10.0/engines/libmurrine.so
7fec919d0000-7fec919d8000 r-xp 00000000 08:01 1052226                    /usr/lib/libltdl.so.7.2.1
7fec919d8000-7fec91bd8000 ---p 00008000 08:01 1052226                    /usr/lib/libltdl.so.7.2.1
7fec91bd8000-7fec91bd9000 r-xp 00008000 08:01 1052226                    /usr/lib/libltdl.so.7.2.1
7fec91bd9000-7fec91bda000 rwxp 00009000 08:01 1052226                    /usr/lib/libltdl.so.7.2.1
7fec91bda000-7fec91be8000 r-xp 00000000 08:01 1052499                    /usr/lib/libtdb.so.1.2.0
7fec91be8000-7fec91de7000 ---p 0000e000 08:01 1052499                    /usr/lib/libtdb.so.1.2.0
7fec91de7000-7fec91de8000 r-xp 0000d000 08:01 1052499                    /usr/lib/libtdb.so.1.2.0
7fec91de8000-7fec91de9000 rwxp 0000e000 08:01 1052499                    /usr/lib/libtdb.so.1.2.0
7fec91de9000-7fec91def000 r-xp 00000000 08:01 1052309                    /usr/lib/libogg.so.0.6.0
7fec91def000-7fec91fee000 ---p 00006000 08:01 1052309                    /usr/lib/libogg.so.0.6.0
7fec91fee000-7fec91fef000 r-xp 00005000 08:01 1052309                    /usr/lib/libogg.so.0.6.0
7fec91fef000-7fec91ff0000 rwxp 00006000 08:01 1052309                    /usr/lib/libogg.so.0.6.0
7fec91ff0000-7fec9201c000 r-xp 00000000 08:01 1052550                    /usr/lib/libvorbis.so.0.4.3
7fec9201c000-7fec9221b000 ---p 0002c000 08:01 1052550                    /usr/lib/libvorbis.so.0.4.3
7fec9221b000-7fec9221c000 r-xp 0002b000 08:01 1052550                    /usr/lib/libvorbis.so.0.4.3
7fec9221c000-7fec9221d000 rwxp 0002c000 08:01 1052550                    /usr/lib/libvorbis.so.0.4.3
7fec9221d000-7fec92224000 r-xp 00000000 08:01 1052554                    /usr/lib/libvorbisfile.so.3.3.2
7fec92224000-7fec92423000 ---p 00007000 08:01 1052554                    /usr/lib/libvorbisfile.so.3.3.2
7fec92423000-7fec92424000 r-xp 00006000 08:01 1052554                    /usr/lib/libvorbisfile.so.3.3.2
7fec92424000-7fec92425000 rwxp 00007000 08:01 1052554                    /usr/lib/libvorbisfile.so.3.3.2
7fec92425000-7fec92434000 r-xp 00000000 08:01 1051728                    /usr/lib/libcanberra.so.0.2.1
7fec92434000-7fec92633000 ---p 0000f000 08:01 1051728                    /usr/lib/libcanberra.so.0.2.1
7fec92633000-7fec92634000 r-xp 0000e000 08:01 1051728                    /usr/lib/libcanberra.so.0.2.1
7fec92634000-7fec92635000 rwxp 0000f000 08:01 1051728                    /usr/lib/libcanberra.so.0.2.1
7fec92635000-7fec92639000 r-xp 00000000 08:01 1051726                    /usr/lib/libcanberra-gtk.so.0.1.5
7fec92639000-7fec92838000 ---p 00004000 08:01 1051726                    /usr/lib/libcanberra-gtk.so.0.1.5
7fec92838000-7fec92839000 r-xp 00003000 08:01 1051726                    /usr/lib/libcanberra-gtk.so.0.1.5
7fec92839000-7fec9283a000 rwxp 00004000 08:01 1051726                    /usr/lib/libcanberra-gtk.so.0.1.5
7fec9283a000-7fec9283f000 r-xp 00000000 08:01 1055930                    /usr/lib/gtk-2.0/modules/libcanberra-gtk-module.so
7fec9283f000-7fec92a3e000 ---p 00005000 08:01 1055930                    /usr/lib/gtk-2.0/modules/libcanberra-gtk-module.so
7fec92a3e000-7fec92a3f000 r-xp 00004000 08:01 1055930                    /usr/lib/gtk-2.0/modules/libcanberra-gtk-module.so
7fec92a3f000-7fec92a40000 rwxp 00005000 08:01 1055930                    /usr/lib/gtk-2.0/modules/libcanberra-gtk-module.so
7fec92a40000-7fec92a45000 r-xp 00000000 08:01 1051596                    /usr/lib/libXdmcp.so.6.0.0
7fec92a45000-7fec92c44000 ---p 00005000 08:01 1051596                    /usr/lib/libXdmcp.so.6.0.0
7fec92c44000-7fec92c45000 r-xp 00004000 08:01 1051596                    /usr/lib/libXdmcp.so.6.0.0
7fec92c45000-7fec92c46000 rwxp 00005000 08:01 1051596                    /usr/lib/libXdmcp.so.6.0.0
7fec92c46000-7fec92c48000 r-xp 00000000 08:01 1051585                    /usr/lib/libXau.so.6.0.0
7fec92c48000-7fec92e48000 ---p 00002000 08:01 1051585                    /usr/lib/libXau.so.6.0.0
7fec92e48000-7fec92e49000 r-xp 00002000 08:01 1051585                    /usr/lib/libXau.so.6.0.0
7fec92e49000-7fec92e4a000 rwxp 00003000 08:01 1051585                    /usr/lib/libXau.so.6.0.0
7fec92e4a000-7fec92e70000 r-xp 00000000 08:01 1310795                    /lib/libexpat.so.1.5.2
7fec92e70000-7fec93070000 ---p 00026000 08:01 1310795                    /lib/libexpat.so.1.5.2
7fec93070000-7fec93072000 r-xp 00026000 08:01 1310795                    /lib/libexpat.so.1.5.2
7fec93072000-7fec93073000 rwxp 00028000 08:01 1310795                    /lib/libexpat.so.1.5.2
7fec93073000-7fec9308e000 r-xp 00000000 08:01 1052591                    /usr/lib/libxcb.so.1.1.0
7fec9308e000-7fec9328d000 ---p 0001b000 08:01 1052591                    /usr/lib/libxcb.so.1.1.0
7fec9328d000-7fec9328e000 r-xp 0001a000 08:01 1052591                    /usr/lib/libxcb.so.1.1.0
7fec9328e000-7fec9328f000 rwxp 0001b000 08:01 1052591                    /usr/lib/libxcb.so.1.1.0
7fec9328f000-7fec93296000 r-xp 00000000 08:01 1052589                    /usr/lib/libxcb-render.so.0.0.0
7fec93296000-7fec93496000 ---p 00007000 08:01 1052589                    /usr/lib/libxcb-render.so.0.0.0
7fec93496000-7fec93497000 r-xp 00007000 08:01 1052589                    /usr/lib/libxcb-render.so.0.0.0
7fec93497000-7fec93498000 rwxp 00008000 08:01 1052589                    /usr/lib/libxcb-render.so.0.0.0
7fec93498000-7fec9349b000 r-xp 00000000 08:01 1052587                    /usr/lib/libxcb-render-util.so.0.0.0
7fec9349b000-7fec9369a000 ---p 00003000 08:01 1052587                    /usr/lib/libxcb-render-util.so.0.0.0
7fec9369a000-7fec9369b000 r-xp 00002000 08:01 1052587                    /usr/lib/libxcb-render-util.so.0.0.0
7fec9369b000-7fec9369c000 rwxp 00003000 08:01 1052587                    /usr/lib/libxcb-render-util.so.0.0.0
7fec9369c000-7fec936c1000 r-xp 00000000 08:01 1317244                    /lib/libpng12.so.0.42.0
7fec936c1000-7fec938c1000 ---p 00025000 08:01 1317244                    /lib/libpng12.so.0.42.0
7fec938c1000-7fec938c2000 r-xp 00025000 08:01 1317244                    /lib/libpng12.so.0.42.0
7fec938c2000-7fec938c3000 rwxp 00026000 08:01 1317244                    /lib/libpng12.so.0.42.0
7fec938c3000-7fec938da000 r-xp 00000000 08:01 1051812                    /usr/lib/libdirect-1.2.so.0.8.0
7fec938da000-7fec93ad9000 ---p 00017000 08:01 1051812                    /usr/lib/libdirect-1.2.so.0.8.0
7fec93ad9000-7fec93ada000 r-xp 00016000 08:01 1051812                    /usr/lib/libdirect-1.2.so.0.8.0
7fec93ada000-7fec93adb000 rwxp 00017000 08:01 1051812                    /usr/lib/libdirect-1.2.so.0.8.0
7fec93adb000-7fec93adc000 rwxp 00000000 00:00 0 
7fec93adc000-7fec93ae5000 r-xp 00000000 08:01 1051889                    /usr/lib/libfusion-1.2.so.0.8.0
7fec93ae5000-7fec93ce4000 ---p 00009000 08:01 1051889                    /usr/lib/libfusion-1.2.so.0.8.0
7fec93ce4000-7fec93ce5000 r-xp 00008000 08:01 1051889                    /usr/lib/libfusion-1.2.so.0.8.0
7fec93ce5000-7fec93ce6000 rwxp 00009000 08:01 1051889                    /usr/lib/libfusion-1.2.so.0.8.0
7fec93ce6000-7fec93d65000 r-xp 00000000 08:01 1051814                    /usr/lib/libdirectfb-1.2.so.0.8.0
7fec93d65000-7fec93f64000 ---p 0007f000 08:01 1051814                    /usr/lib/libdirectfb-1.2.so.0.8.0
7fec93f64000-7fec93f66000 r-xp 0007e000 08:01 1051814                    /usr/lib/libdirectfb-1.2.so.0.8.0
7fec93f66000-7fec93f68000 rwxp 00080000 08:01 1051814                    /usr/lib/libdirectfb-1.2.so.0.8.0
7fec93f68000-7fec93f69000 rwxp 00000000 00:00 0 
7fec93f69000-7fec93fbe000 r-xp 00000000 08:01 1052356                    /usr/lib/libpixman-1.so.0.16.4
7fec93fbe000-7fec941be000 ---p 00055000 08:01 1052356                    /usr/lib/libpixman-1.so.0.16.4
7fec941be000-7fec941c1000 r-xp 00055000 08:01 1052356                    /usr/lib/libpixman-1.so.0.16.4
7fec941c1000-7fec941c2000 rwxp 00058000 08:01 1052356                    /usr/lib/libpixman-1.so.0.16.4
7fec941c2000-7fec941de000 r-xp 00000000 08:01 1310884                    /lib/libselinux.so.1
7fec941de000-7fec943dd000 ---p 0001c000 08:01 1310884                    /lib/libselinux.so.1
7fec943dd000-7fec943de000 r-xp 0001b000 08:01 1310884                    /lib/libselinux.so.1
7fec943de000-7fec943df000 rwxp 0001c000 08:01 1310884                    /lib/libselinux.so.1
7fec943df000-7fec943e0000 rwxp 00000000 00:00 0 
7fec943e0000-7fec943f6000 r-xp 00000000 08:01 1339309                    /lib/libresolv-2.11.1.so
7fec943f6000-7fec945f5000 ---p 00016000 08:01 1339309                    /lib/libresolv-2.11.1.so
7fec945f5000-7fec945f6000 r-xp 00015000 08:01 1339309                    /lib/libresolv-2.11.1.so
7fec945f6000-7fec945f7000 rwxp 00016000 08:01 1339309                    /lib/libresolv-2.11.1.so
7fec945f7000-7fec945f9000 rwxp 00000000 00:00 0 
7fec945f9000-7fec94626000 r-xp 00000000 08:01 1310860                    /lib/libpcre.so.3.12.1
7fec94626000-7fec94825000 ---p 0002d000 08:01 1310860                    /lib/libpcre.so.3.12.1
7fec94825000-7fec94826000 r-xp 0002c000 08:01 1310860                    /lib/libpcre.so.3.12.1
7fec94826000-7fec94827000 rwxp 0002d000 08:01 1310860                    /lib/libpcre.so.3.12.1
7fec94827000-7fec9482c000 r-xp 00000000 08:01 1051600                    /usr/lib/libXfixes.so.3.1.0
7fec9482c000-7fec94a2b000 ---p 00005000 08:01 1051600                    /usr/lib/libXfixes.so.3.1.0
7fec94a2b000-7fec94a2c000 r-xp 00004000 08:01 1051600                    /usr/lib/libXfixes.so.3.1.0
7fec94a2c000-7fec94a2d000 rwxp 00005000 08:01 1051600                    /usr/lib/libXfixes.so.3.1.0
7fec94a2d000-7fec94a2f000 r-xp 00000000 08:01 1051594                    /usr/lib/libXdamage.so.1.1.0
7fec94a2f000-7fec94c2e000 ---p 00002000 08:01 1051594                    /usr/lib/libXdamage.so.1.1.0
7fec94c2e000-7fec94c2f000 r-xp 00001000 08:01 1051594                    /usr/lib/libXdamage.so.1.1.0
7fec94c2f000-7fec94c30000 rwxp 00002000 08:01 1051594                    /usr/lib/libXdamage.so.1.1.0
7fec94c30000-7fec94c32000 r-xp 00000000 08:01 1051590                    /usr/lib/libXcomposite.so.1.0.0
7fec94c32000-7fec94e31000 ---p 00002000 08:01 1051590                    /usr/lib/libXcomposite.so.1.0.0
7fec94e31000-7fec94e32000 r-xp 00001000 08:01 1051590                    /usr/lib/libXcomposite.so.1.0.0
7fec94e32000-7fec94e33000 rwxp 00002000 08:01 1051590                    /usr/lib/libXcomposite.so.1.0.0
7fec94e33000-7fec94e3c000 r-xp 00000000 08:01 1051592                    /usr/lib/libXcursor.so.1.0.2
7fec94e3c000-7fec9503b000 ---p 00009000 08:01 1051592                    /usr/lib/libXcursor.so.1.0.2
7fec9503b000-7fec9503c000 r-xp 00008000 08:01 1051592                    /usr/lib/libXcursor.so.1.0.2
7fec9503c000-7fec9503d000 rwxp 00009000 08:01 1051592                    /usr/lib/libXcursor.so.1.0.2
7fec9503d000-7fec95045000 r-xp 00000000 08:01 1051618                    /usr/lib/libXrandr.so.2.2.0
7fec95045000-7fec95244000 ---p 00008000 08:01 1051618                    /usr/lib/libXrandr.so.2.2.0
7fec95244000-7fec95245000 r-xp 00007000 08:01 1051618                    /usr/lib/libXrandr.so.2.2.0
7fec95245000-7fec95246000 rwxp 00008000 08:01 1051618                    /usr/lib/libXrandr.so.2.2.0
7fec95246000-7fec95255000 r-xp 00000000 08:01 1051606                    /usr/lib/libXi.so.6.1.0
7fec95255000-7fec95454000 ---p 0000f000 08:01 1051606                    /usr/lib/libXi.so.6.1.0
7fec95454000-7fec95455000 r-xp 0000e000 08:01 1051606                    /usr/lib/libXi.so.6.1.0
7fec95455000-7fec95456000 rwxp 0000f000 08:01 1051606                    /usr/lib/libXi.so.6.1.0
7fec95456000-7fec95458000 r-xp 00000000 08:01 1051608                    /usr/lib/libXinerama.so.1.0.0
7fec95458000-7fec95657000 ---p 00002000 08:01 1051608                    /usr/lib/libXinerama.so.1.0.0
7fec95657000-7fec95658000 r-xp 00001000 08:01 1051608                    /usr/lib/libXinerama.so.1.0.0
7fec95658000-7fec95659000 rwxp 00002000 08:01 1051608                    /usr/lib/libXinerama.so.1.0.0
7fec95659000-7fec95662000 r-xp 00000000 08:01 1051620                    /usr/lib/libXrender.so.1.3.0
7fec95662000-7fec95861000 ---p 00009000 08:01 1051620                    /usr/lib/libXrender.so.1.3.0
7fec95861000-7fec95862000 r-xp 00008000 08:01 1051620                    /usr/lib/libXrender.so.1.3.0
7fec95862000-7fec95863000 rwxp 00009000 08:01 1051620                    /usr/lib/libXrender.so.1.3.0
7fec95863000-7fec95874000 r-xp 00000000 08:01 1051598                    /usr/lib/libXext.so.6.4.0
7fec95874000-7fec95a73000 ---p 00011000 08:01 1051598                    /usr/lib/libXext.so.6.4.0
7fec95a73000-7fec95a74000 r-xp 00010000 08:01 1051598                    /usr/lib/libXext.so.6.4.0
7fec95a74000-7fec95a75000 rwxp 00011000 08:01 1051598                    /usr/lib/libXext.so.6.4.0
7fec95a75000-7fec95ba6000 r-xp 00000000 08:01 1051581                    /usr/lib/libX11.so.6.3.0
7fec95ba6000-7fec95da6000 ---p 00131000 08:01 1051581                    /usr/lib/libX11.so.6.3.0
7fec95da6000-7fec95da7000 r-xp 00131000 08:01 1051581                    /usr/lib/libX11.so.6.3.0
7fec95da7000-7fec95dab000 rwxp 00132000 08:01 1051581                    /usr/lib/libX11.so.6.3.0
7fec95dab000-7fec95dc1000 r-xp 00000000 08:01 1310917                    /lib/libz.so.1.2.3.3
7fec95dc1000-7fec95fc0000 ---p 00016000 08:01 1310917                    /lib/libz.so.1.2.3.3
7fec95fc0000-7fec95fc1000 r-xp 00015000 08:01 1310917                    /lib/libz.so.1.2.3.3
7fec95fc1000-7fec95fc2000 rwxp 00016000 08:01 1310917                    /lib/libz.so.1.2.3.3
7fec95fc2000-7fec9609d000 r-xp 00000000 08:01 1317189                    /lib/libglib-2.0.so.0.2400.1
7fec9609d000-7fec9629d000 ---p 000db000 08:01 1317189                    /lib/libglib-2.0.so.0.2400.1
7fec9629d000-7fec9629e000 r-xp 000db000 08:01 1317189                    /lib/libglib-2.0.so.0.2400.1
7fec9629e000-7fec9629f000 rwxp 000dc000 08:01 1317189                    /lib/libglib-2.0.so.0.2400.1
7fec9629f000-7fec962a0000 rwxp 00000000 00:00 0 
7fec962a0000-7fec962a3000 r-xp 00000000 08:01 1048778                    /usr/lib/libgmodule-2.0.so.0.2400.1
7fec962a3000-7fec964a2000 ---p 00003000 08:01 1048778                    /usr/lib/libgmodule-2.0.so.0.2400.1
7fec964a2000-7fec964a3000 r-xp 00002000 08:01 1048778                    /usr/lib/libgmodule-2.0.so.0.2400.1
7fec964a3000-7fec964a4000 rwxp 00003000 08:01 1048778                    /usr/lib/libgmodule-2.0.so.0.2400.1
7fec964a4000-7fec964ae000 r-xp 00000000 08:01 1051851                    /usr/lib/libenchant.so.1.6.0
7fec964ae000-7fec966ad000 ---p 0000a000 08:01 1051851                    /usr/lib/libenchant.so.1.6.0
7fec966ad000-7fec966ae000 r-xp 00009000 08:01 1051851                    /usr/lib/libenchant.so.1.6.0
7fec966ae000-7fec966af000 rwxp 0000a000 08:01 1051851                    /usr/lib/libenchant.so.1.6.0
7fec966af000-7fec966b3000 r-xp 00000000 08:01 1048782                    /usr/lib/libgthread-2.0.so.0.2400.1
7fec966b3000-7fec968b2000 ---p 00004000 08:01 1048782                    /usr/lib/libgthread-2.0.so.0.2400.1
7fec968b2000-7fec968b3000 r-xp 00003000 08:01 1048782                    /usr/lib/libgthread-2.0.so.0.2400.1
7fec968b3000-7fec968b4000 rwxp 00004000 08:01 1048782                    /usr/lib/libgthread-2.0.so.0.2400.1
7fec968b4000-7fec968f9000 r-xp 00000000 08:01 1048777                    /usr/lib/libgobject-2.0.so.0.2400.1
7fec968f9000-7fec96af9000 ---p 00045000 08:01 1048777                    /usr/lib/libgobject-2.0.so.0.2400.1
7fec96af9000-7fec96afa000 r-xp 00045000 08:01 1048777                    /usr/lib/libgobject-2.0.so.0.2400.1
7fec96afa000-7fec96afb000 rwxp 00046000 08:01 1048777                    /usr/lib/libgobject-2.0.so.0.2400.1
7fec96afb000-7fec96afc000 rwxp 00000000 00:00 0 
7fec96afc000-7fec96aff000 ---p 00000000 00:00 0 
7fec96aff000-7fec96bfd000 rwxp 00000000 00:00 0 
7fec96d72000-7fec96da5000 r-xp 00000000 08:01 1051877                    /usr/lib/libfontconfig.so.1.4.4
7fec96da5000-7fec96fa5000 ---p 00033000 08:01 1051877                    /usr/lib/libfontconfig.so.1.4.4
7fec96fa5000-7fec96fa6000 r-xp 00033000 08:01 1051877                    /usr/lib/libfontconfig.so.1.4.4
7fec96fa6000-7fec96fa7000 rwxp 00034000 08:01 1051877                    /usr/lib/libfontconfig.so.1.4.4
7fec96fa7000-7fec97027000 r-xp 00000000 08:01 1049698                    /usr/lib/libfreetype.so.6.3.22
7fec97027000-7fec97227000 ---p 00080000 08:01 1049698                    /usr/lib/libfreetype.so.6.3.22
7fec97227000-7fec9722c000 r-xp 00080000 08:01 1049698                    /usr/lib/libfreetype.so.6.3.22
7fec9722c000-7fec9722d000 rwxp 00085000 08:01 1049698                    /usr/lib/libfreetype.so.6.3.22
7fec9722d000-7fec97274000 r-xp 00000000 08:01 1048826                    /usr/lib/libpango-1.0.so.0.2800.0
7fec97274000-7fec97474000 ---p 00047000 08:01 1048826                    /usr/lib/libpango-1.0.so.0.2800.0
7fec97474000-7fec97476000 r-xp 00047000 08:01 1048826                    /usr/lib/libpango-1.0.so.0.2800.0
7fec97476000-7fec97477000 rwxp 00049000 08:01 1048826                    /usr/lib/libpango-1.0.so.0.2800.0
7fec97477000-7fec974f6000 r-xp 00000000 08:01 1051718                    /usr/lib/libcairo.so.2.10800.10
7fec974f6000-7fec976f6000 ---p 0007f000 08:01 1051718                    /usr/lib/libcairo.so.2.10800.10
7fec976f6000-7fec976f8000 r-xp 0007f000 08:01 1051718                    /usr/lib/libcairo.so.2.10800.10
7fec976f8000-7fec976f9000 rwxp 00081000 08:01 1051718                    /usr/lib/libcairo.so.2.10800.10
7fec976f9000-7fec976fa000 rwxp 00000000 00:00 0 
7fec976fa000-7fec977a9000 r-xp 00000000 08:01 1050771                    /usr/lib/libgio-2.0.so.0.2400.1
7fec977a9000-7fec979a8000 ---p 000af000 08:01 1050771                    /usr/lib/libgio-2.0.so.0.2400.1
7fec979a8000-7fec979aa000 r-xp 000ae000 08:01 1050771                    /usr/lib/libgio-2.0.so.0.2400.1
7fec979aa000-7fec979ac000 rwxp 000b0000 08:01 1050771                    /usr/lib/libgio-2.0.so.0.2400.1
7fec979ac000-7fec979ad000 rwxp 00000000 00:00 0 
7fec979ad000-7fec979b8000 r-xp 00000000 08:01 1048828                    /usr/lib/libpangocairo-1.0.so.0.2800.0
7fec979b8000-7fec97bb8000 ---p 0000b000 08:01 1048828                    /usr/lib/libpangocairo-1.0.so.0.2800.0
7fec97bb8000-7fec97bb9000 r-xp 0000b000 08:01 1048828                    /usr/lib/libpangocairo-1.0.so.0.2800.0
7fec97bb9000-7fec97bba000 rwxp 0000c000 08:01 1048828                    /usr/lib/libpangocairo-1.0.so.0.2800.0
7fec97bba000-7fec97bd5000 r-xp 00000000 08:01 1050838                    /usr/lib/libgdk_pixbuf-2.0.so.0.2000.1
7fec97bd5000-7fec97dd4000 ---p 0001b000 08:01 1050838                    /usr/lib/libgdk_pixbuf-2.0.so.0.2000.1
7fec97dd4000-7fec97dd5000 r-xp 0001a000 08:01 1050838                    /usr/lib/libgdk_pixbuf-2.0.so.0.2000.1
7fec97dd5000-7fec97dd6000 rwxp 0001b000 08:01 1050838                    /usr/lib/libgdk_pixbuf-2.0.so.0.2000.1
7fec97dd6000-7fec97dfe000 r-xp 00000000 08:01 1048837                    /usr/lib/libpangoft2-1.0.so.0.2800.0
7fec97dfe000-7fec97ffe000 ---p 00028000 08:01 1048837                    /usr/lib/libpangoft2-1.0.so.0.2800.0
7fec97ffe000-7fec97fff000 r-xp 00028000 08:01 1048837                    /usr/lib/libpangoft2-1.0.so.0.2800.0
7fec97fff000-7fec98000000 rwxp 00029000 08:01 1048837                    /usr/lib/libpangoft2-1.0.so.0.2800.0
7fec98000000-7fec99450000 rwxp 00000000 00:00 0 
7fec99450000-7fec9c000000 ---p 00000000 00:00 0 
7fec9c071000-7fec9c18f000 r-xp 00000000 08:01 1056551                    /usr/lib/locale/en_GB.utf8/LC_COLLATE
7fec9c18f000-7fec9c1ad000 r-xp 00000000 08:01 1050776                    /usr/lib/libatk-1.0.so.0.3009.1
7fec9c1ad000-7fec9c3ad000 ---p 0001e000 08:01 1050776                    /usr/lib/libatk-1.0.so.0.3009.1
7fec9c3ad000-7fec9c3af000 r-xp 0001e000 08:01 1050776                    /usr/lib/libatk-1.0.so.0.3009.1
7fec9c3af000-7fec9c3b0000 rwxp 00020000 08:01 1050776                    /usr/lib/libatk-1.0.so.0.3009.1
7fec9c3b0000-7fec9c458000 r-xp 00000000 08:01 1050837                    /usr/lib/libgdk-x11-2.0.so.0.2000.1
7fec9c458000-7fec9c657000 ---p 000a8000 08:01 1050837                    /usr/lib/libgdk-x11-2.0.so.0.2000.1
7fec9c657000-7fec9c65b000 r-xp 000a7000 08:01 1050837                    /usr/lib/libgdk-x11-2.0.so.0.2000.1
7fec9c65b000-7fec9c65d000 rwxp 000ab000 08:01 1050837                    /usr/lib/libgdk-x11-2.0.so.0.2000.1
7fec9c65d000-7fec9ca72000 r-xp 00000000 08:01 1050836                    /usr/lib/libgtk-x11-2.0.so.0.2000.1
7fec9ca72000-7fec9cc72000 ---p 00415000 08:01 1050836                    /usr/lib/libgtk-x11-2.0.so.0.2000.1
7fec9cc72000-7fec9cc79000 r-xp 00415000 08:01 1050836                    /usr/lib/libgtk-x11-2.0.so.0.2000.1
7fec9cc79000-7fec9cc7d000 rwxp 0041c000 08:01 1050836                    /usr/lib/libgtk-x11-2.0.so.0.2000.1
7fec9cc7d000-7fec9cc7f000 rwxp 00000000 00:00 0 
7fec9cc7f000-7fec9cc8b000 r-xp 00000000 08:01 1052528                    /usr/lib/libunique-1.0.so.0.100.6
7fec9cc8b000-7fec9ce8a000 ---p 0000c000 08:01 1052528                    /usr/lib/libunique-1.0.so.0.100.6
7fec9ce8a000-7fec9ce8b000 r-xp 0000b000 08:01 1052528                    /usr/lib/libunique-1.0.so.0.100.6
7fec9ce8b000-7fec9ce8c000 rwxp 0000c000 08:01 1052528                    /usr/lib/libunique-1.0.so.0.100.6
7fec9ce8c000-7fec9ce92000 r-xp 00000000 08:01 1052090                    /usr/lib/libgtkspell.so.0.0.0
7fec9ce92000-7fec9d091000 ---p 00006000 08:01 1052090                    /usr/lib/libgtkspell.so.0.0.0
7fec9d091000-7fec9d092000 r-xp 00005000 08:01 1052090                    /usr/lib/libgtkspell.so.0.0.0
7fec9d092000-7fec9d093000 rwxp 00006000 08:01 1052090                    /usr/lib/libgtkspell.so.0.0.0
7fec9d093000-7fec9d0d0000 r-xp 00000000 08:01 1310780                    /lib/libdbus-1.so.3.4.0
7fec9d0d0000-7fec9d2d0000 ---p 0003d000 08:01 1310780                    /lib/libdbus-1.so.3.4.0
7fec9d2d0000-7fec9d2d1000 r-xp 0003d000 08:01 1310780                    /lib/libdbus-1.so.3.4.0
7fec9d2d1000-7fec9d2d2000 rwxp 0003e000 08:01 1310780                    /lib/libdbus-1.so.3.4.0
7fec9d2d2000-7fec9d2f3000 r-xp 00000000 08:01 1051796                    /usr/lib/libdbus-glib-1.so.2.1.0
7fec9d2f3000-7fec9d4f2000 ---p 00021000 08:01 1051796                    /usr/lib/libdbus-glib-1.so.2.1.0
7fec9d4f2000-7fec9d4f3000 r-xp 00020000 08:01 1051796                    /usr/lib/libdbus-glib-1.so.2.1.0
7fec9d4f3000-7fec9d4f4000 rwxp 00021000 08:01 1051796                    /usr/lib/libdbus-glib-1.so.2.1.0
7fec9d4f4000-7fec9d4fc000 r-xp 00000000 08:01 1049197                    /usr/lib/libnotify.so.1.1.3
7fec9d4fc000-7fec9d6fb000 ---p 00008000 08:01 1049197                    /usr/lib/libnotify.so.1.1.3
7fec9d6fb000-7fec9d6fc000 r-xp 00007000 08:01 1049197                    /usr/lib/libnotify.so.1.1.3
7fec9d6fc000-7fec9d6fd000 rwxp 00008000 08:01 1049197                    /usr/lib/libnotify.so.1.1.3
7fec9d6fd000-7fec9d763000 r-xp 00000000 08:01 1049146                    /usr/lib/libgtksourceview-2.0.so.0.0.0
7fec9d763000-7fec9d962000 ---p 00066000 08:01 1049146                    /usr/lib/libgtksourceview-2.0.so.0.0.0
7fec9d962000-7fec9d963000 r-xp 00065000 08:01 1049146                    /usr/lib/libgtksourceview-2.0.so.0.0.0
7fec9d963000-7fec9d966000 rwxp 00066000 08:01 1049146                    /usr/lib/libgtksourceview-2.0.so.0.0.0
7fec9d966000-7fec9daac000 r-xp 00000000 08:01 1048587                    /usr/lib/libxml2.so.2.7.6
7fec9daac000-7fec9dcab000 ---p 00146000 08:01 1048587                    /usr/lib/libxml2.so.2.7.6
7fec9dcab000-7fec9dcb3000 r-xp 00145000 08:01 1048587                    /usr/lib/libxml2.so.2.7.6
7fec9dcb3000-7fec9dcb5000 rwxp 0014d000 08:01 1048587                    /usr/lib/libxml2.so.2.7.6
7fec9dcb5000-7fec9dcb6000 rwxp 00000000 00:00 0 
7fec9dcb6000-7fec9dcce000 r-xp 00000000 08:01 1051944                    /usr/lib/libglade-2.0.so.0.0.7
7fec9dcce000-7fec9decd000 ---p 00018000 08:01 1051944                    /usr/lib/libglade-2.0.so.0.0.7
7fec9decd000-7fec9dece000 r-xp 00017000 08:01 1051944                    /usr/lib/libglade-2.0.so.0.0.7
7fec9dece000-7fec9decf000 rwxp 00018000 08:01 1051944                    /usr/lib/libglade-2.0.so.0.0.7
7fec9ded1000-7fec9ded2000 r-xp 00000000 08:01 1317036                    /usr/share/locale-langpack/en_GB/LC_MESSAGES/libc.mo
7fec9ded2000-7fec9ded6000 r-xp 00000000 08:01 1340363                    /usr/share/locale-langpack/en_GB/LC_MESSAGES/gtk20-properties.mo
7fec9ded6000-7fec9ded8000 r-xp 00000000 08:01 1344434                    /usr/share/locale-langpack/en_GB/LC_MESSAGES/gtk20.mo
7fec9ded8000-7fec9ded9000 r-xp 00000000 08:01 1056557                    /usr/lib/locale/en_GB.utf8/LC_NUMERIC
7fec9ded9000-7fec9deda000 r-xp 00000000 08:01 1056443                    /usr/lib/locale/en_GB.utf8/LC_TIME
7fec9deda000-7fec9dedb000 r-xp 00000000 08:01 1055836                    /usr/lib/locale/en_GB.utf8/LC_MONETARY
7fec9dedb000-7fec9dedc000 r-xp 00000000 08:01 1056574                    /usr/lib/locale/en_GB.utf8/LC_MESSAGES/SYS_LC_MESSAGES
7fec9dedc000-7fec9dedd000 r-xp 00000000 08:01 1056558                    /usr/lib/locale/en_GB.utf8/LC_PAPER
7fec9dedd000-7fec9dede000 r-xp 00000000 08:01 1056439                    /usr/lib/locale/en_GB.utf8/LC_NAME
7fec9dede000-7fec9dedf000 r-xp 00000000 08:01 1055837                    /usr/lib/locale/en_GB.utf8/LC_ADDRESS
7fec9dedf000-7fec9dfe1000 r-xp 00000000 08:01 1060299                    /usr/lib/jni/libgtkjni-4.0.14.so
7fec9dfe1000-7fec9e1e0000 ---p 00102000 08:01 1060299                    /usr/lib/jni/libgtkjni-4.0.14.so
7fec9e1e0000-7fec9e1e1000 r-xp 00101000 08:01 1060299                    /usr/lib/jni/libgtkjni-4.0.14.so
7fec9e1e1000-7fec9e1e8000 rwxp 00102000 08:01 1060299                    /usr/lib/jni/libgtkjni-4.0.14.so
7fec9e1e8000-7fec9e1eb000 ---p 00000000 00:00 0 
7fec9e1eb000-7fec9e2e9000 rwxp 00000000 00:00 0 
7fec9e2e9000-7fec9e2ec000 ---p 00000000 00:00 0 
7fec9e2ec000-7fec9e3ea000 rwxp 00000000 00:00 0 
7fec9e3ea000-7fec9e3ed000 ---p 00000000 00:00 0 
7fec9e3ed000-7fec9e4eb000 rwxp 00000000 00:00 0 
7fec9e4eb000-7fec9e4ee000 ---p 00000000 00:00 0 
7fec9e4ee000-7fec9e5ec000 rwxp 00000000 00:00 0 
7fec9e5ec000-7fec9e5f2000 r-xp 00000000 08:01 1062879                    /usr/lib/jvm/java-6-sun-1.6.0.22/jre/lib/amd64/libmanagement.so
7fec9e5f2000-7fec9e6f1000 ---p 00006000 08:01 1062879                    /usr/lib/jvm/java-6-sun-1.6.0.22/jre/lib/amd64/libmanagement.so
7fec9e6f1000-7fec9e6f3000 rwxp 00005000 08:01 1062879                    /usr/lib/jvm/java-6-sun-1.6.0.22/jre/lib/amd64/libmanagement.so
7fec9e6f3000-7fec9e706000 r-xp 00000000 08:01 1062844                    /usr/lib/jvm/java-6-sun-1.6.0.22/jre/lib/amd64/libnet.so
7fec9e706000-7fec9e807000 ---p 00013000 08:01 1062844                    /usr/lib/jvm/java-6-sun-1.6.0.22/jre/lib/amd64/libnet.so
7fec9e807000-7fec9e80a000 rwxp 00014000 08:01 1062844                    /usr/lib/jvm/java-6-sun-1.6.0.22/jre/lib/amd64/libnet.so
7fec9e80a000-7fec9e812000 r-xs 00115000 08:01 1062962                    /usr/lib/jvm/java-6-sun-1.6.0.22/jre/lib/resources.jar
7fec9e812000-7fec9e813000 r-xs 00006000 08:01 1715609                    /home/will/eclipse/plugins/org.hamcrest.core_1.1.0.v20090501071000.jar
7fec9e813000-7fec9e819000 r-xs 00030000 08:01 2102055                    /home/will/eclipse/plugins/org.junit_4.8.1.v4_8_1_v20100427-1100/junit.jar
7fec9e819000-7fec9e820000 r-xs 00080000 08:01 1716187                    /home/will/hdf-java/lib/netcdf.jar
7fec9e820000-7fec9e823000 r-xs 0001b000 08:01 1716184                    /home/will/hdf-java/lib/junit.jar
7fec9e823000-7fec9e827000 r-xs 0004d000 08:01 1716186                    /home/will/hdf-java/lib/jhdfview.jar
7fec9e827000-7fec9e828000 r-xs 00004000 08:01 1716183                    /home/will/hdf-java/lib/jhdfobj.jar
7fec9e828000-7fec9e829000 r-xs 0000c000 08:01 1716181                    /home/will/hdf-java/lib/jhdf5obj.jar
7fec9e829000-7fec9e82a000 r-xs 0000b000 08:01 1716182                    /home/will/hdf-java/lib/jhdf5.jar
7fec9e82a000-7fec9e82b000 r-xs 00008000 08:01 1716185                    /home/will/hdf-java/lib/jhdf4obj.jar
7fec9e82b000-7fec9e82d000 r-xs 00008000 08:01 1716188                    /home/will/hdf-java/lib/jhdf.jar
7fec9e82d000-7fec9e82f000 r-xs 00018000 08:01 1716189                    /home/will/hdf-java/lib/fits.jar
7fec9e82f000-7fec9e832000 r-xs 00013000 08:01 2104776                    /home/will/.ivy2/cache/commons-io/commons-io/jars/commons-io-1.3.2.jar
7fec9e832000-7fec9e833000 r-xs 00003000 08:01 2104770                    /home/will/.ivy2/cache/net.sf.opencsv/opencsv/jars/opencsv-2.0.1.jar
7fec9e833000-7fec9e834000 r-xs 00002000 08:01 1716415                    /home/will/.ivy2/cache/org.hibernatespatial/hibernate-spatial-postgis/jars/hibernate-spatial-postgis-1.0.jar
7fec9e834000-7fec9e836000 r-xs 00011000 08:01 1716413                    /home/will/.ivy2/cache/org.hibernatespatial/hibernate-spatial/jars/hibernate-spatial-1.0.jar
7fec9e836000-7fec9e848000 r-xs 000c9000 08:01 2229721                    /home/will/.ivy2/cache/xerces/xercesImpl/jars/xercesImpl-2.4.0.jar
7fec9e848000-7fec9e857000 r-xs 0009f000 08:01 2105311                    /home/will/.ivy2/cache/com.vividsolutions/jts/jars/jts-1.11.jar
7fec9e857000-7fec9e862000 r-xs 0008a000 08:01 2104870                    /home/will/.ivy2/cache/c3p0/c3p0/jars/c3p0-0.9.1.jar
7fec9e862000-7fec9e863000 r-xs 00001000 08:01 2104853                    /home/will/.ivy2/cache/org.hibernate/hibernate-c3p0/jars/hibernate-c3p0-3.3.2.GA.jar
7fec9e863000-7fec9e864000 r-xs 00003000 08:01 1975063                    /home/will/.ivy2/cache/javax.transaction/jta/jars/jta-1.1.jar
7fec9e864000-7fec9e869000 r-xs 00016000 08:01 2104868                    /home/will/.ivy2/cache/xml-apis/xml-apis/jars/xml-apis-1.0.b2.jar
7fec9e869000-7fec9e86e000 r-xs 00048000 08:01 1975061                    /home/will/.ivy2/cache/dom4j/dom4j/jars/dom4j-1.6.1.jar
7fec9e86e000-7fec9e87b000 r-xs 0007c000 08:01 2104863                    /home/will/.ivy2/cache/commons-collections/commons-collections/jars/commons-collections-3.1.jar
7fec9e87b000-7fec9e881000 r-xs 00067000 08:01 2104861                    /home/will/.ivy2/cache/antlr/antlr/jars/antlr-2.7.6.jar
7fec9e881000-7fec9e8a4000 r-xs 00211000 08:01 2104851                    /home/will/.ivy2/cache/org.hibernate/hibernate-core/jars/hibernate-core-3.3.2.GA.jar
7fec9e8a4000-7fec9e8ad000 r-xs 00089000 08:01 2104849                    /home/will/.ivy2/cache/javassist/javassist/jars/javassist-3.8.0.GA.jar
7fec9e8ad000-7fec9e8b2000 r-xs 0006f000 08:01 2104847                    /home/will/.ivy2/cache/postgresql/postgresql/jars/postgresql-8.3-603.jdbc4.jar
7fec9e8b2000-7fec9e8da000 r-xs 00135000 08:01 1181839                    /usr/share/java/gtk-4.0.jar
7fec9e8da000-7fec9e8e9000 r-xs 000c6000 08:01 2228361                    /home/will/.ivy2/cache/org.freemarker/freemarker/jars/freemarker-2.3.14.jar
7fec9e8e9000-7fec9e8f3000 r-xs 0006d000 08:01 2104859                    /home/will/.ivy2/cache/com.vividsolutions/jts/jars/jts-1.8.jar
7fec9e8f3000-7fec9e8fa000 r-xs 00053000 08:01 2104872                    /home/will/.ivy2/cache/log4j/log4j/jars/log4j-1.2.14.jar
7fec9e8fa000-7fec9e8fb000 ---p 00000000 00:00 0 
7fec9e8fb000-7fec9e9fb000 rwxp 00000000 00:00 0 
7fec9e9fb000-7fec9e9fe000 ---p 00000000 00:00 0 
7fec9e9fe000-7fec9eafc000 rwxp 00000000 00:00 0 
7fec9eafc000-7fec9eaff000 ---p 00000000 00:00 0 
7fec9eaff000-7fec9ebfd000 rwxp 00000000 00:00 0 
7fec9ebfd000-7fec9ec00000 ---p 00000000 00:00 0 
7fec9ec00000-7fec9ecfe000 rwxp 00000000 00:00 0 
7fec9ecfe000-7fec9ed3d000 r-xp 00000000 08:01 1056552                    /usr/lib/locale/en_GB.utf8/LC_CTYPE
7fec9ed3d000-7fec9ed40000 ---p 00000000 00:00 0 
7fec9ed40000-7fec9ee3e000 rwxp 00000000 00:00 0 
7fec9ee3e000-7fec9ee41000 ---p 00000000 00:00 0 
7fec9ee41000-7fec9ef3f000 rwxp 00000000 00:00 0 
7fec9ef3f000-7fec9ef40000 ---p 00000000 00:00 0 
7fec9ef40000-7fec9f578000 rwxp 00000000 00:00 0 
7fec9f578000-7fec9f710000 r-xs 03013000 08:01 1062965                    /usr/lib/jvm/java-6-sun-1.6.0.22/jre/lib/rt.jar
7fec9f710000-7fec9f738000 rwxp 00000000 00:00 0 
7fec9f738000-7fec9f739000 ---p 00000000 00:00 0 
7fec9f739000-7fec9f839000 rwxp 00000000 00:00 0 
7fec9f839000-7fec9f83a000 ---p 00000000 00:00 0 
7fec9f83a000-7fec9f93a000 rwxp 00000000 00:00 0 
7fec9f93a000-7fec9f93b000 ---p 00000000 00:00 0 
7fec9f93b000-7fec9fa3b000 rwxp 00000000 00:00 0 
7fec9fa3b000-7fec9fa3c000 ---p 00000000 00:00 0 
7fec9fa3c000-7fec9fb53000 rwxp 00000000 00:00 0 
7fec9fb53000-7fec9fb66000 rwxp 00000000 00:00 0 
7fec9fb66000-7fec9fbc3000 rwxp 00000000 00:00 0 
7fec9fbc3000-7fec9fd59000 rwxp 00000000 00:00 0 
7fec9fd59000-7fec9fd70000 rwxp 00000000 00:00 0 
7fec9fd70000-7fec9fd83000 rwxp 00000000 00:00 0 
7fec9fd83000-7fec9fde0000 rwxp 00000000 00:00 0 
7fec9fde0000-7fec9ff75000 rwxp 00000000 00:00 0 
7fec9ff75000-7fec9ffdd000 rwxp 00000000 00:00 0 
7fec9ffdd000-7feca006f000 rwxp 00000000 00:00 0 
7feca006f000-7feca2dd0000 rwxp 00000000 00:00 0 
7feca2dd0000-7feca5470000 rwxp 00000000 00:00 0 
7feca5470000-7fecb0e70000 rwxp 00000000 00:00 0 
7fecb0e70000-7fece39d0000 rwxp 00000000 00:00 0 
7fece39d0000-7fecf0860000 rwxp 00000000 00:00 0 
7fecf0860000-7fed02c70000 rwxp 00000000 00:00 0 
7fed02c70000-7fed02c71000 r-xp 00000000 08:01 1055838                    /usr/lib/locale/en_GB.utf8/LC_TELEPHONE
7fed02c71000-7fed02c72000 r-xp 00000000 08:01 1056554                    /usr/lib/locale/en_GB.utf8/LC_MEASUREMENT
7fed02c72000-7fed02c73000 r-xp 00000000 08:01 1055839                    /usr/lib/locale/en_GB.utf8/LC_IDENTIFICATION
7fed02c73000-7fed02ee3000 rwxp 00000000 00:00 0 
7fed02ee3000-7fed05c73000 rwxp 00000000 00:00 0 
7fed05c73000-7fed05c81000 r-xp 00000000 08:01 1062866                    /usr/lib/jvm/java-6-sun-1.6.0.22/jre/lib/amd64/libzip.so
7fed05c81000-7fed05d83000 ---p 0000e000 08:01 1062866                    /usr/lib/jvm/java-6-sun-1.6.0.22/jre/lib/amd64/libzip.so
7fed05d83000-7fed05d86000 rwxp 00010000 08:01 1062866                    /usr/lib/jvm/java-6-sun-1.6.0.22/jre/lib/amd64/libzip.so
7fed05d86000-7fed05d87000 rwxp 00000000 00:00 0 
7fed05d87000-7fed05d93000 r-xp 00000000 08:01 1339997                    /lib/libnss_files-2.11.1.so
7fed05d93000-7fed05f92000 ---p 0000c000 08:01 1339997                    /lib/libnss_files-2.11.1.so
7fed05f92000-7fed05f93000 r-xp 0000b000 08:01 1339997                    /lib/libnss_files-2.11.1.so
7fed05f93000-7fed05f94000 rwxp 0000c000 08:01 1339997                    /lib/libnss_files-2.11.1.so
7fed05f94000-7fed05f9e000 r-xp 00000000 08:01 1339331                    /lib/libnss_nis-2.11.1.so
7fed05f9e000-7fed0619d000 ---p 0000a000 08:01 1339331                    /lib/libnss_nis-2.11.1.so
7fed0619d000-7fed0619e000 r-xp 00009000 08:01 1339331                    /lib/libnss_nis-2.11.1.so
7fed0619e000-7fed0619f000 rwxp 0000a000 08:01 1339331                    /lib/libnss_nis-2.11.1.so
7fed0619f000-7fed061a7000 r-xp 00000000 08:01 1339320                    /lib/libnss_compat-2.11.1.so
7fed061a7000-7fed063a6000 ---p 00008000 08:01 1339320                    /lib/libnss_compat-2.11.1.so
7fed063a6000-7fed063a7000 r-xp 00007000 08:01 1339320                    /lib/libnss_compat-2.11.1.so
7fed063a7000-7fed063a8000 rwxp 00008000 08:01 1339320                    /lib/libnss_compat-2.11.1.so
7fed063a8000-7fed063af000 r-xp 00000000 08:01 1062878                    /usr/lib/jvm/java-6-sun-1.6.0.22/jre/lib/amd64/native_threads/libhpi.so
7fed063af000-7fed064b0000 ---p 00007000 08:01 1062878                    /usr/lib/jvm/java-6-sun-1.6.0.22/jre/lib/amd64/native_threads/libhpi.so
7fed064b0000-7fed064b2000 rwxp 00008000 08:01 1062878                    /usr/lib/jvm/java-6-sun-1.6.0.22/jre/lib/amd64/native_threads/libhpi.so
7fed064b2000-7fed064b3000 rwxp 00000000 00:00 0 
7fed064b3000-7fed064ca000 r-xp 00000000 08:01 1314605                    /lib/libnsl-2.11.1.so
7fed064ca000-7fed066c9000 ---p 00017000 08:01 1314605                    /lib/libnsl-2.11.1.so
7fed066c9000-7fed066ca000 r-xp 00016000 08:01 1314605                    /lib/libnsl-2.11.1.so
7fed066ca000-7fed066cb000 rwxp 00017000 08:01 1314605                    /lib/libnsl-2.11.1.so
7fed066cb000-7fed066cd000 rwxp 00000000 00:00 0 
7fed066cd000-7fed066f5000 r-xp 00000000 08:01 1062865                    /usr/lib/jvm/java-6-sun-1.6.0.22/jre/lib/amd64/libjava.so
7fed066f5000-7fed067f5000 ---p 00028000 08:01 1062865                    /usr/lib/jvm/java-6-sun-1.6.0.22/jre/lib/amd64/libjava.so
7fed067f5000-7fed067fc000 rwxp 00028000 08:01 1062865                    /usr/lib/jvm/java-6-sun-1.6.0.22/jre/lib/amd64/libjava.so
7fed067fc000-7fed06809000 r-xp 00000000 08:01 1062843                    /usr/lib/jvm/java-6-sun-1.6.0.22/jre/lib/amd64/libverify.so
7fed06809000-7fed06908000 ---p 0000d000 08:01 1062843                    /usr/lib/jvm/java-6-sun-1.6.0.22/jre/lib/amd64/libverify.so
7fed06908000-7fed0690b000 rwxp 0000c000 08:01 1062843                    /usr/lib/jvm/java-6-sun-1.6.0.22/jre/lib/amd64/libverify.so
7fed0690b000-7fed06912000 r-xp 00000000 08:01 1339301                    /lib/librt-2.11.1.so
7fed06912000-7fed06b11000 ---p 00007000 08:01 1339301                    /lib/librt-2.11.1.so
7fed06b11000-7fed06b12000 r-xp 00006000 08:01 1339301                    /lib/librt-2.11.1.so
7fed06b12000-7fed06b13000 rwxp 00007000 08:01 1339301                    /lib/librt-2.11.1.so
7fed06b13000-7fed06b16000 ---p 00000000 00:00 0 
7fed06b16000-7fed06c14000 rwxp 00000000 00:00 0 
7fed06c14000-7fed06c96000 r-xp 00000000 08:01 1314604                    /lib/libm-2.11.1.so
7fed06c96000-7fed06e95000 ---p 00082000 08:01 1314604                    /lib/libm-2.11.1.so
7fed06e95000-7fed06e96000 r-xp 00081000 08:01 1314604                    /lib/libm-2.11.1.so
7fed06e96000-7fed06e97000 rwxp 00082000 08:01 1314604                    /lib/libm-2.11.1.so
7fed06e97000-7fed07671000 r-xp 00000000 08:01 1062869                    /usr/lib/jvm/java-6-sun-1.6.0.22/jre/lib/amd64/server/libjvm.so
7fed07671000-7fed07773000 ---p 007da000 08:01 1062869                    /usr/lib/jvm/java-6-sun-1.6.0.22/jre/lib/amd64/server/libjvm.so
7fed07773000-7fed07904000 rwxp 007dc000 08:01 1062869                    /usr/lib/jvm/java-6-sun-1.6.0.22/jre/lib/amd64/server/libjvm.so
7fed07904000-7fed0793f000 rwxp 00000000 00:00 0 
7fed0793f000-7fed07ab9000 r-xp 00000000 08:01 1339993                    /lib/libc-2.11.1.so
7fed07ab9000-7fed07cb8000 ---p 0017a000 08:01 1339993                    /lib/libc-2.11.1.so
7fed07cb8000-7fed07cbc000 r-xp 00179000 08:01 1339993                    /lib/libc-2.11.1.so
7fed07cbc000-7fed07cbd000 rwxp 0017d000 08:01 1339993                    /lib/libc-2.11.1.so
7fed07cbd000-7fed07cc2000 rwxp 00000000 00:00 0 
7fed07cc2000-7fed07cc4000 r-xp 00000000 08:01 1339998                    /lib/libdl-2.11.1.so
7fed07cc4000-7fed07ec4000 ---p 00002000 08:01 1339998                    /lib/libdl-2.11.1.so
7fed07ec4000-7fed07ec5000 r-xp 00002000 08:01 1339998                    /lib/libdl-2.11.1.so
7fed07ec5000-7fed07ec6000 rwxp 00003000 08:01 1339998                    /lib/libdl-2.11.1.so
7fed07ec6000-7fed07ede000 r-xp 00000000 08:01 1339979                    /lib/libpthread-2.11.1.so
7fed07ede000-7fed080dd000 ---p 00018000 08:01 1339979                    /lib/libpthread-2.11.1.so
7fed080dd000-7fed080de000 r-xp 00017000 08:01 1339979                    /lib/libpthread-2.11.1.so
7fed080de000-7fed080df000 rwxp 00018000 08:01 1339979                    /lib/libpthread-2.11.1.so
7fed080df000-7fed080e3000 rwxp 00000000 00:00 0 
7fed080e3000-7fed08103000 r-xp 00000000 08:01 1339277                    /lib/ld-2.11.1.so
7fed08103000-7fed08105000 r-xs 00011000 08:01 2104841                    /home/will/.ivy2/cache/org.postgis/postgis-jdbc/jars/postgis-jdbc-1.3.3.jar
7fed08105000-7fed08106000 r-xs 00005000 08:01 2104865                    /home/will/.ivy2/cache/org.slf4j/slf4j-api/jars/slf4j-api-1.5.8.jar
7fed08106000-7fed08107000 r-xs 00002000 08:01 2104855                    /home/will/.ivy2/cache/org.slf4j/slf4j-log4j12/jars/slf4j-log4j12-1.5.8.jar
7fed08107000-7fed0811b000 r-xs 001bd000 08:01 1066153                    /usr/lib/jvm/java-6-sun-1.6.0.22/jre/lib/ext/jai_core.jar
7fed0811b000-7fed08122000 r-xs 00000000 08:01 1063925                    /usr/lib/gconv/gconv-modules.cache
7fed08122000-7fed0812c000 rwxp 00000000 00:00 0 
7fed0812c000-7fed081e2000 rwxp 00000000 00:00 0 
7fed081e2000-7fed081e5000 rwxp 00000000 00:00 0 
7fed081e5000-7fed081ec000 r-xp 00000000 08:01 1062840                    /usr/lib/jvm/java-6-sun-1.6.0.22/jre/lib/amd64/jli/libjli.so
7fed081ec000-7fed082ed000 ---p 00007000 08:01 1062840                    /usr/lib/jvm/java-6-sun-1.6.0.22/jre/lib/amd64/jli/libjli.so
7fed082ed000-7fed082ef000 rwxp 00008000 08:01 1062840                    /usr/lib/jvm/java-6-sun-1.6.0.22/jre/lib/amd64/jli/libjli.so
7fed082ef000-7fed082f0000 rwxp 00000000 00:00 0 
7fed082f0000-7fed082f2000 r-xs 0000a000 08:01 1066155                    /usr/lib/jvm/java-6-sun-1.6.0.22/jre/lib/ext/mlibwrapper_jai.jar
7fed082f2000-7fed082f6000 r-xs 0003c000 08:01 1066154                    /usr/lib/jvm/java-6-sun-1.6.0.22/jre/lib/ext/jai_codec.jar
7fed082f6000-7fed082fe000 rwxs 00000000 08:01 1463852                    /tmp/hsperfdata_will/16235
7fed082fe000-7fed082ff000 rwxp 00000000 00:00 0 
7fed082ff000-7fed08300000 ---p 00000000 00:00 0 
7fed08300000-7fed08302000 rwxp 00000000 00:00 0 
7fed08302000-7fed08303000 r-xp 0001f000 08:01 1339277                    /lib/ld-2.11.1.so
7fed08303000-7fed08304000 rwxp 00020000 08:01 1339277                    /lib/ld-2.11.1.so
7fed08304000-7fed08305000 rwxp 00000000 00:00 0 
7fff6d6a6000-7fff6d6bb000 rwxp 00000000 00:00 0                          [stack]
7fff6d7ff000-7fff6d800000 r-xp 00000000 00:00 0                          [vdso]
ffffffffff600000-ffffffffff601000 r-xp 00000000 00:00 0                  [vsyscall]

VM Arguments:
jvm_args: -Djava.library.path=/home/will/hdf-java/lib/linux:/home/will/hdf-java/lib/linux -Dfile.encoding=UTF-8 
java_command: uk.ac.ox.map.carto.DVS3
Launcher Type: SUN_STANDARD

Environment Variables:
PATH=/usr/local/sbin:/usr/local/bin:/usr/sbin:/usr/bin:/sbin:/bin:/usr/games
USERNAME=will
LD_LIBRARY_PATH=/usr/lib/jvm/java-6-sun-1.6.0.22/jre/lib/amd64/server:/usr/lib/jvm/java-6-sun-1.6.0.22/jre/lib/amd64:/usr/lib/jvm/java-6-sun-1.6.0.22/jre/../lib/amd64:/usr/lib64/xulrunner-addons
SHELL=/bin/bash
DISPLAY=:0.0

Signal Handlers:
SIGSEGV: [libjvm.so+0x731250], sa_mask[0]=0x7ffbfeff, sa_flags=0x10000004
SIGBUS: [libjvm.so+0x731250], sa_mask[0]=0x7ffbfeff, sa_flags=0x10000004
SIGFPE: [libjvm.so+0x5f5e30], sa_mask[0]=0x7ffbfeff, sa_flags=0x10000004
SIGPIPE: SIG_IGN, sa_mask[0]=0x00001000, sa_flags=0x10000000
SIGXFSZ: [libjvm.so+0x5f5e30], sa_mask[0]=0x7ffbfeff, sa_flags=0x10000004
SIGILL: [libjvm.so+0x5f5e30], sa_mask[0]=0x7ffbfeff, sa_flags=0x10000004
SIGUSR1: SIG_DFL, sa_mask[0]=0x00000000, sa_flags=0x00000000
SIGUSR2: [libjvm.so+0x5f8650], sa_mask[0]=0x00000004, sa_flags=0x10000004
SIGHUP: [libjvm.so+0x5f83a0], sa_mask[0]=0x7ffbfeff, sa_flags=0x10000004
SIGINT: [libjvm.so+0x5f83a0], sa_mask[0]=0x7ffbfeff, sa_flags=0x10000004
SIGTERM: [libjvm.so+0x5f83a0], sa_mask[0]=0x7ffbfeff, sa_flags=0x10000004
SIGQUIT: [libjvm.so+0x5f83a0], sa_mask[0]=0x7ffbfeff, sa_flags=0x10000004


---------------  S Y S T E M  ---------------

OS:squeeze/sid

uname:Linux 2.6.32-26-generic #48-Ubuntu SMP Wed Nov 24 10:14:11 UTC 2010 x86_64
libc:glibc 2.11.1 NPTL 2.11.1 
rlimit: STACK 8192k, CORE 0k, NPROC infinity, NOFILE 1024, AS infinity
load average:0.81 0.32 0.16

CPU:total 4 (4 cores per cpu, 1 threads per core) family 6 model 44 stepping 2, cmov, cx8, fxsr, mmx, sse, sse2, sse3, ssse3

Memory: 4k page, physical 6126588k(2666080k free), swap 1764344k(1764344k free)

vm_info: Java HotSpot(TM) 64-Bit Server VM (17.1-b03) for linux-amd64 JRE (1.6.0_22-b04), built on Sep 15 2010 01:07:59 by "java_re" with gcc 3.2.2 (SuSE Linux)

time: Thu Dec  9 12:31:24 2010
elapsed time: 9 seconds

